#-----------------------------------------------------------
# Vivado v2019.1 (64-bit)
# SW Build 2552052 on Fri May 24 14:49:42 MDT 2019
# IP Build 2548770 on Fri May 24 18:01:18 MDT 2019
# Start of session at: Wed Mar  9 13:13:41 2022
# Process ID: 23804
# Current directory: C:/Users/busra/Documents/Documenten/Leerjaar 2/Blok 7/RETROGAME_GIT/RetroGame-FPGA
# Command line: vivado.exe -gui_launcher_event rodinguilauncherevent24240 C:\Users\busra\Documents\Documenten\Leerjaar 2\Blok 7\RETROGAME_GIT\RetroGame-FPGA\Snowshot.xpr
# Log file: C:/Users/busra/Documents/Documenten/Leerjaar 2/Blok 7/RETROGAME_GIT/RetroGame-FPGA/vivado.log
# Journal file: C:/Users/busra/Documents/Documenten/Leerjaar 2/Blok 7/RETROGAME_GIT/RetroGame-FPGA\vivado.jou
#-----------------------------------------------------------
start_gui
open_project {C:/Users/busra/Documents/Documenten/Leerjaar 2/Blok 7/RETROGAME_GIT/RetroGame-FPGA/Snowshot.xpr}
INFO: [ProjectBase 1-489] The host OS only allows 260 characters in a normal path. The project is stored in a path with more than 80 characters. If you experience issues with IP, Block Designs, or files not being found, please consider moving the project to a location with a shorter path. Alternately consider using the OS subst command to map part of the path to a drive letter.
Current project path is 'C:/Users/busra/Documents/Documenten/Leerjaar 2/Blok 7/RETROGAME_GIT/RetroGame-FPGA'
Scanning sources...
Finished scanning sources
INFO: [IP_Flow 19-234] Refreshing IP repositories
INFO: [IP_Flow 19-1704] No user IP repositories specified
INFO: [IP_Flow 19-2313] Loaded Vivado IP repository 'C:/Xilinx/Vivado/2019.1/data/ip'.
WARNING: [IP_Flow 19-3664] IP 'blk_mem_logo' generated file not found 'c:/Users/busra/Documents/Documenten/Leerjaar 2/Blok 7/RETROGAME_GIT/RetroGame-FPGA/Snowshot.srcs/sources_1/ip/blk_mem_logo/blk_mem_logo.dcp'. Please regenerate to continue.
WARNING: [IP_Flow 19-3664] IP 'blk_mem_logo' generated file not found 'c:/Users/busra/Documents/Documenten/Leerjaar 2/Blok 7/RETROGAME_GIT/RetroGame-FPGA/Snowshot.srcs/sources_1/ip/blk_mem_logo/blk_mem_logo_stub.v'. Please regenerate to continue.
WARNING: [IP_Flow 19-3664] IP 'blk_mem_logo' generated file not found 'c:/Users/busra/Documents/Documenten/Leerjaar 2/Blok 7/RETROGAME_GIT/RetroGame-FPGA/Snowshot.srcs/sources_1/ip/blk_mem_logo/blk_mem_logo_stub.vhdl'. Please regenerate to continue.
WARNING: [IP_Flow 19-3664] IP 'blk_mem_logo' generated file not found 'c:/Users/busra/Documents/Documenten/Leerjaar 2/Blok 7/RETROGAME_GIT/RetroGame-FPGA/Snowshot.srcs/sources_1/ip/blk_mem_logo/blk_mem_logo_sim_netlist.v'. Please regenerate to continue.
WARNING: [IP_Flow 19-3664] IP 'blk_mem_logo' generated file not found 'c:/Users/busra/Documents/Documenten/Leerjaar 2/Blok 7/RETROGAME_GIT/RetroGame-FPGA/Snowshot.srcs/sources_1/ip/blk_mem_logo/blk_mem_logo_sim_netlist.vhdl'. Please regenerate to continue.
