#-----------------------------------------------------------
# Vivado v2019.1 (64-bit)
# SW Build 2552052 on Fri May 24 14:49:42 MDT 2019
# IP Build 2548770 on Fri May 24 18:01:18 MDT 2019
# Start of session at: Wed Mar  9 13:39:24 2022
# Process ID: 18472
# Current directory: C:/Users/busra/Documents/Documenten/Leerjaar 2/Blok 7/RETROGAME_GIT/RetroGame-FPGA
# Command line: vivado.exe -gui_launcher_event rodinguilauncherevent27504 C:\Users\busra\Documents\Documenten\Leerjaar 2\Blok 7\RETROGAME_GIT\RetroGame-FPGA\Snowshot.xpr
# Log file: C:/Users/busra/Documents/Documenten/Leerjaar 2/Blok 7/RETROGAME_GIT/RetroGame-FPGA/vivado.log
# Journal file: C:/Users/busra/Documents/Documenten/Leerjaar 2/Blok 7/RETROGAME_GIT/RetroGame-FPGA\vivado.jou
#-----------------------------------------------------------
start_gui
open_project {C:/Users/busra/Documents/Documenten/Leerjaar 2/Blok 7/RETROGAME_GIT/RetroGame-FPGA/Snowshot.xpr}
INFO: [ProjectBase 1-489] The host OS only allows 260 characters in a normal path. The project is stored in a path with more than 80 characters. If you experience issues with IP, Block Designs, or files not being found, please consider moving the project to a location with a shorter path. Alternately consider using the OS subst command to map part of the path to a drive letter.
Current project path is 'C:/Users/busra/Documents/Documenten/Leerjaar 2/Blok 7/RETROGAME_GIT/RetroGame-FPGA'
Scanning sources...
Finished scanning sources
INFO: [IP_Flow 19-234] Refreshing IP repositories
INFO: [IP_Flow 19-1704] No user IP repositories specified
INFO: [IP_Flow 19-2313] Loaded Vivado IP repository 'C:/Xilinx/Vivado/2019.1/data/ip'.
WARNING: [IP_Flow 19-3664] IP 'rom_bg' generated file not found 'c:/Users/busra/Documents/Documenten/Leerjaar 2/Blok 7/RETROGAME_GIT/RetroGame-FPGA/Snowshot.srcs/sources_1/ip/rom_bg/rom_bg.dcp'. Please regenerate to continue.
WARNING: [IP_Flow 19-3664] IP 'rom_bg' generated file not found 'c:/Users/busra/Documents/Documenten/Leerjaar 2/Blok 7/RETROGAME_GIT/RetroGame-FPGA/Snowshot.srcs/sources_1/ip/rom_bg/rom_bg_stub.v'. Please regenerate to continue.
WARNING: [IP_Flow 19-3664] IP 'rom_bg' generated file not found 'c:/Users/busra/Documents/Documenten/Leerjaar 2/Blok 7/RETROGAME_GIT/RetroGame-FPGA/Snowshot.srcs/sources_1/ip/rom_bg/rom_bg_stub.vhdl'. Please regenerate to continue.
WARNING: [IP_Flow 19-3664] IP 'rom_bg' generated file not found 'c:/Users/busra/Documents/Documenten/Leerjaar 2/Blok 7/RETROGAME_GIT/RetroGame-FPGA/Snowshot.srcs/sources_1/ip/rom_bg/rom_bg_sim_netlist.v'. Please regenerate to continue.
WARNING: [IP_Flow 19-3664] IP 'rom_bg' generated file not found 'c:/Users/busra/Documents/Documenten/Leerjaar 2/Blok 7/RETROGAME_GIT/RetroGame-FPGA/Snowshot.srcs/sources_1/ip/rom_bg/rom_bg_sim_netlist.vhdl'. Please regenerate to continue.
open_project: Time (s): cpu = 00:00:26 ; elapsed = 00:00:10 . Memory (MB): peak = 789.617 ; gain = 157.402
update_compile_order -fileset sources_1
reset_run synth_1
launch_runs impl_1 -to_step write_bitstream -jobs 8
INFO: [Vivado 12-4149] The synthesis checkpoint for IP 'C:/Users/busra/Documents/Documenten/Leerjaar 2/Blok 7/RETROGAME_GIT/RetroGame-FPGA/Snowshot.srcs/sources_1/ip/clk_vga/clk_vga.xci' is already up-to-date
INFO: [Common 17-41] Interrupt caught. Command should exit soon.
INFO: [Common 17-344] 'launch_runs' was cancelled
WARNING: [IP_Flow 19-4067] Ignoring invalid widget type specified checkbox.Providing a default widget
WARNING: [IP_Flow 19-4067] Ignoring invalid widget type specified checkbox.Providing a default widget
reset_run synth_1
launch_runs impl_1 -to_step write_bitstream -jobs 8
INFO: [Vivado 12-4149] The synthesis checkpoint for IP 'C:/Users/busra/Documents/Documenten/Leerjaar 2/Blok 7/RETROGAME_GIT/RetroGame-FPGA/Snowshot.srcs/sources_1/ip/clk_vga/clk_vga.xci' is already up-to-date
[Wed Mar  9 14:16:38 2022] Launched rom_bg_synth_1, synth_1...
Run output will be captured here:
rom_bg_synth_1: C:/Users/busra/Documents/Documenten/Leerjaar 2/Blok 7/RETROGAME_GIT/RetroGame-FPGA/Snowshot.runs/rom_bg_synth_1/runme.log
synth_1: C:/Users/busra/Documents/Documenten/Leerjaar 2/Blok 7/RETROGAME_GIT/RetroGame-FPGA/Snowshot.runs/synth_1/runme.log
[Wed Mar  9 14:16:39 2022] Launched impl_1...
Run output will be captured here: C:/Users/busra/Documents/Documenten/Leerjaar 2/Blok 7/RETROGAME_GIT/RetroGame-FPGA/Snowshot.runs/impl_1/runme.log
update_compile_order -fileset sources_1
update_compile_order -fileset sources_1
reset_run synth_1
launch_runs impl_1 -to_step write_bitstream -jobs 8
INFO: [Vivado 12-4149] The synthesis checkpoint for IP 'C:/Users/busra/Documents/Documenten/Leerjaar 2/Blok 7/RETROGAME_GIT/RetroGame-FPGA/Snowshot.srcs/sources_1/ip/clk_vga/clk_vga.xci' is already up-to-date
[Wed Mar  9 14:39:20 2022] Launched synth_1...
Run output will be captured here: C:/Users/busra/Documents/Documenten/Leerjaar 2/Blok 7/RETROGAME_GIT/RetroGame-FPGA/Snowshot.runs/synth_1/runme.log
[Wed Mar  9 14:39:20 2022] Launched impl_1...
Run output will be captured here: C:/Users/busra/Documents/Documenten/Leerjaar 2/Blok 7/RETROGAME_GIT/RetroGame-FPGA/Snowshot.runs/impl_1/runme.log
export_ip_user_files -of_objects  [get_files {{C:/Users/busra/Documents/Documenten/Leerjaar 2/Blok 7/RETROGAME_GIT/RetroGame-FPGA/Snowshot.srcs/sources_1/ip/blk_mem_logo/blk_mem_logo.xci}}] -no_script -reset -force -quiet
remove_files  -fileset blk_mem_logo {{C:/Users/busra/Documents/Documenten/Leerjaar 2/Blok 7/RETROGAME_GIT/RetroGame-FPGA/Snowshot.srcs/sources_1/ip/blk_mem_logo/blk_mem_logo.xci}}
INFO: [Project 1-386] Moving file 'C:/Users/busra/Documents/Documenten/Leerjaar 2/Blok 7/RETROGAME_GIT/RetroGame-FPGA/Snowshot.srcs/sources_1/ip/blk_mem_logo/blk_mem_logo.xci' from fileset 'blk_mem_logo' to fileset 'sources_1'.
file delete -force {C:/Users/busra/Documents/Documenten/Leerjaar 2/Blok 7/RETROGAME_GIT/RetroGame-FPGA/Snowshot.srcs/sources_1/ip/blk_mem_logo}
export_ip_user_files -of_objects  [get_files {{C:/Users/busra/Documents/Documenten/Leerjaar 2/Blok 7/RETROGAME_GIT/RetroGame-FPGA/Snowshot.srcs/sources_1/ip/blk_mem_player1/blk_mem_player1.xci}}] -no_script -reset -force -quiet
remove_files  -fileset blk_mem_player1 {{C:/Users/busra/Documents/Documenten/Leerjaar 2/Blok 7/RETROGAME_GIT/RetroGame-FPGA/Snowshot.srcs/sources_1/ip/blk_mem_player1/blk_mem_player1.xci}}
INFO: [Project 1-386] Moving file 'C:/Users/busra/Documents/Documenten/Leerjaar 2/Blok 7/RETROGAME_GIT/RetroGame-FPGA/Snowshot.srcs/sources_1/ip/blk_mem_player1/blk_mem_player1.xci' from fileset 'blk_mem_player1' to fileset 'sources_1'.
file delete -force {C:/Users/busra/Documents/Documenten/Leerjaar 2/Blok 7/RETROGAME_GIT/RetroGame-FPGA/Snowshot.srcs/sources_1/ip/blk_mem_player1}
export_ip_user_files -of_objects  [get_files {{C:/Users/busra/Documents/Documenten/Leerjaar 2/Blok 7/RETROGAME_GIT/RetroGame-FPGA/Snowshot.srcs/sources_1/ip/blk_mem_player2/blk_mem_player2.xci}}] -no_script -reset -force -quiet
remove_files  -fileset blk_mem_player2 {{C:/Users/busra/Documents/Documenten/Leerjaar 2/Blok 7/RETROGAME_GIT/RetroGame-FPGA/Snowshot.srcs/sources_1/ip/blk_mem_player2/blk_mem_player2.xci}}
INFO: [Project 1-386] Moving file 'C:/Users/busra/Documents/Documenten/Leerjaar 2/Blok 7/RETROGAME_GIT/RetroGame-FPGA/Snowshot.srcs/sources_1/ip/blk_mem_player2/blk_mem_player2.xci' from fileset 'blk_mem_player2' to fileset 'sources_1'.
file delete -force {C:/Users/busra/Documents/Documenten/Leerjaar 2/Blok 7/RETROGAME_GIT/RetroGame-FPGA/Snowshot.srcs/sources_1/ip/blk_mem_player2}
export_ip_user_files -of_objects  [get_files {{C:/Users/busra/Documents/Documenten/Leerjaar 2/Blok 7/RETROGAME_GIT/RetroGame-FPGA/Snowshot.srcs/sources_1/ip/blk_mem_snowball/blk_mem_snowball.xci}}] -no_script -reset -force -quiet
remove_files  -fileset blk_mem_snowball {{C:/Users/busra/Documents/Documenten/Leerjaar 2/Blok 7/RETROGAME_GIT/RetroGame-FPGA/Snowshot.srcs/sources_1/ip/blk_mem_snowball/blk_mem_snowball.xci}}
INFO: [Project 1-386] Moving file 'C:/Users/busra/Documents/Documenten/Leerjaar 2/Blok 7/RETROGAME_GIT/RetroGame-FPGA/Snowshot.srcs/sources_1/ip/blk_mem_snowball/blk_mem_snowball.xci' from fileset 'blk_mem_snowball' to fileset 'sources_1'.
file delete -force {C:/Users/busra/Documents/Documenten/Leerjaar 2/Blok 7/RETROGAME_GIT/RetroGame-FPGA/Snowshot.srcs/sources_1/ip/blk_mem_snowball}
WARNING: [IP_Flow 19-4067] Ignoring invalid widget type specified checkbox.Providing a default widget
WARNING: [IP_Flow 19-4067] Ignoring invalid widget type specified checkbox.Providing a default widget
INFO: [IP_Flow 19-3484] Absolute path of file 'c:/Users/busra/Documents/MATLAB/player1.coe' provided. It will be converted relative to IP Instance files '../../../../../../../../../MATLAB/player1.coe'
create_ip -name blk_mem_gen -vendor xilinx.com -library ip -version 8.4 -module_name blk_mem_player1 -dir {c:/Users/busra/Documents/Documenten/Leerjaar 2/Blok 7/RETROGAME_GIT/RetroGame-FPGA/Snowshot.srcs/sources_1/ip}
set_property -dict [list CONFIG.Component_Name {blk_mem_player1} CONFIG.Memory_Type {Single_Port_ROM} CONFIG.Write_Width_A {12} CONFIG.Write_Depth_A {3364} CONFIG.Read_Width_A {12} CONFIG.Write_Width_B {12} CONFIG.Read_Width_B {12} CONFIG.Register_PortA_Output_of_Memory_Primitives {false} CONFIG.Load_Init_File {true} CONFIG.Coe_File {C:/Users/busra/Documents/MATLAB/player1.coe} CONFIG.Port_A_Write_Rate {0}] [get_ips blk_mem_player1]
WARNING: [Vivado 12-3523] Attempt to change 'Component_Name' from 'blk_mem_player1' to 'blk_mem_player1' is not allowed and is ignored.
INFO: [IP_Flow 19-3484] Absolute path of file 'c:/Users/busra/Documents/MATLAB/player1.coe' provided. It will be converted relative to IP Instance files '../../../../../../../../../MATLAB/player1.coe'
generate_target {instantiation_template} [get_files {{c:/Users/busra/Documents/Documenten/Leerjaar 2/Blok 7/RETROGAME_GIT/RetroGame-FPGA/Snowshot.srcs/sources_1/ip/blk_mem_player1/blk_mem_player1.xci}}]
INFO: [IP_Flow 19-1686] Generating 'Instantiation Template' target for IP 'blk_mem_player1'...
generate_target all [get_files  {{c:/Users/busra/Documents/Documenten/Leerjaar 2/Blok 7/RETROGAME_GIT/RetroGame-FPGA/Snowshot.srcs/sources_1/ip/blk_mem_player1/blk_mem_player1.xci}}]
INFO: [IP_Flow 19-1686] Generating 'Synthesis' target for IP 'blk_mem_player1'...
INFO: [IP_Flow 19-1686] Generating 'Simulation' target for IP 'blk_mem_player1'...
INFO: [IP_Flow 19-1686] Generating 'Miscellaneous' target for IP 'blk_mem_player1'...
INFO: [IP_Flow 19-1686] Generating 'Change Log' target for IP 'blk_mem_player1'...
catch { config_ip_cache -export [get_ips -all blk_mem_player1] }
INFO: [IP_Flow 19-4993] Using cached IP synthesis design for IP blk_mem_player1, cache-ID = 2424d264e67b57c2; cache size = 1.437 MB.
export_ip_user_files -of_objects [get_files {{c:/Users/busra/Documents/Documenten/Leerjaar 2/Blok 7/RETROGAME_GIT/RetroGame-FPGA/Snowshot.srcs/sources_1/ip/blk_mem_player1/blk_mem_player1.xci}}] -no_script -sync -force -quiet
create_ip_run [get_files -of_objects [get_fileset sources_1] {{c:/Users/busra/Documents/Documenten/Leerjaar 2/Blok 7/RETROGAME_GIT/RetroGame-FPGA/Snowshot.srcs/sources_1/ip/blk_mem_player1/blk_mem_player1.xci}}]
INFO: [Vivado 12-3453] The given sub-design is up-to-date, no action was taken.  If a run is still desired, use the '-force' option for the file:'c:/Users/busra/Documents/Documenten/Leerjaar 2/Blok 7/RETROGAME_GIT/RetroGame-FPGA/Snowshot.srcs/sources_1/ip/blk_mem_player1/blk_mem_player1.xci'
export_simulation -of_objects [get_files {{c:/Users/busra/Documents/Documenten/Leerjaar 2/Blok 7/RETROGAME_GIT/RetroGame-FPGA/Snowshot.srcs/sources_1/ip/blk_mem_player1/blk_mem_player1.xci}}] -directory {C:/Users/busra/Documents/Documenten/Leerjaar 2/Blok 7/RETROGAME_GIT/RetroGame-FPGA/Snowshot.ip_user_files/sim_scripts} -ip_user_files_dir {C:/Users/busra/Documents/Documenten/Leerjaar 2/Blok 7/RETROGAME_GIT/RetroGame-FPGA/Snowshot.ip_user_files} -ipstatic_source_dir {C:/Users/busra/Documents/Documenten/Leerjaar 2/Blok 7/RETROGAME_GIT/RetroGame-FPGA/Snowshot.ip_user_files/ipstatic} -lib_map_path [list {modelsim=C:/Users/busra/Documents/Documenten/Leerjaar 2/Blok 7/RETROGAME_GIT/RetroGame-FPGA/Snowshot.cache/compile_simlib/modelsim} {questa=C:/Users/busra/Documents/Documenten/Leerjaar 2/Blok 7/RETROGAME_GIT/RetroGame-FPGA/Snowshot.cache/compile_simlib/questa} {riviera=C:/Users/busra/Documents/Documenten/Leerjaar 2/Blok 7/RETROGAME_GIT/RetroGame-FPGA/Snowshot.cache/compile_simlib/riviera} {activehdl=C:/Users/busra/Documents/Documenten/Leerjaar 2/Blok 7/RETROGAME_GIT/RetroGame-FPGA/Snowshot.cache/compile_simlib/activehdl}] -use_ip_compiled_libs -force -quiet
update_compile_order -fileset sources_1
WARNING: [IP_Flow 19-4067] Ignoring invalid widget type specified checkbox.Providing a default widget
WARNING: [IP_Flow 19-4067] Ignoring invalid widget type specified checkbox.Providing a default widget
INFO: [IP_Flow 19-3484] Absolute path of file 'c:/Users/busra/Documents/MATLAB/player2.coe' provided. It will be converted relative to IP Instance files '../../../../../../../../../MATLAB/player2.coe'
create_ip -name blk_mem_gen -vendor xilinx.com -library ip -version 8.4 -module_name blk_mem_player2 -dir {c:/Users/busra/Documents/Documenten/Leerjaar 2/Blok 7/RETROGAME_GIT/RetroGame-FPGA/Snowshot.srcs/sources_1/ip}
set_property -dict [list CONFIG.Component_Name {blk_mem_player2} CONFIG.Memory_Type {Single_Port_ROM} CONFIG.Write_Width_A {12} CONFIG.Write_Depth_A {3364} CONFIG.Read_Width_A {12} CONFIG.Write_Width_B {12} CONFIG.Read_Width_B {12} CONFIG.Register_PortA_Output_of_Memory_Primitives {false} CONFIG.Load_Init_File {true} CONFIG.Coe_File {C:/Users/busra/Documents/MATLAB/player2.coe} CONFIG.Port_A_Write_Rate {0}] [get_ips blk_mem_player2]
WARNING: [Vivado 12-3523] Attempt to change 'Component_Name' from 'blk_mem_player2' to 'blk_mem_player2' is not allowed and is ignored.
INFO: [IP_Flow 19-3484] Absolute path of file 'c:/Users/busra/Documents/MATLAB/player2.coe' provided. It will be converted relative to IP Instance files '../../../../../../../../../MATLAB/player2.coe'
generate_target {instantiation_template} [get_files {{c:/Users/busra/Documents/Documenten/Leerjaar 2/Blok 7/RETROGAME_GIT/RetroGame-FPGA/Snowshot.srcs/sources_1/ip/blk_mem_player2/blk_mem_player2.xci}}]
INFO: [IP_Flow 19-1686] Generating 'Instantiation Template' target for IP 'blk_mem_player2'...
generate_target all [get_files  {{c:/Users/busra/Documents/Documenten/Leerjaar 2/Blok 7/RETROGAME_GIT/RetroGame-FPGA/Snowshot.srcs/sources_1/ip/blk_mem_player2/blk_mem_player2.xci}}]
INFO: [IP_Flow 19-1686] Generating 'Synthesis' target for IP 'blk_mem_player2'...
INFO: [IP_Flow 19-1686] Generating 'Simulation' target for IP 'blk_mem_player2'...
INFO: [IP_Flow 19-1686] Generating 'Miscellaneous' target for IP 'blk_mem_player2'...
INFO: [IP_Flow 19-1686] Generating 'Change Log' target for IP 'blk_mem_player2'...
catch { config_ip_cache -export [get_ips -all blk_mem_player2] }
INFO: [IP_Flow 19-4993] Using cached IP synthesis design for IP blk_mem_player2, cache-ID = fc4b55ac06b62299; cache size = 1.437 MB.
export_ip_user_files -of_objects [get_files {{c:/Users/busra/Documents/Documenten/Leerjaar 2/Blok 7/RETROGAME_GIT/RetroGame-FPGA/Snowshot.srcs/sources_1/ip/blk_mem_player2/blk_mem_player2.xci}}] -no_script -sync -force -quiet
create_ip_run [get_files -of_objects [get_fileset sources_1] {{c:/Users/busra/Documents/Documenten/Leerjaar 2/Blok 7/RETROGAME_GIT/RetroGame-FPGA/Snowshot.srcs/sources_1/ip/blk_mem_player2/blk_mem_player2.xci}}]
INFO: [Vivado 12-3453] The given sub-design is up-to-date, no action was taken.  If a run is still desired, use the '-force' option for the file:'c:/Users/busra/Documents/Documenten/Leerjaar 2/Blok 7/RETROGAME_GIT/RetroGame-FPGA/Snowshot.srcs/sources_1/ip/blk_mem_player2/blk_mem_player2.xci'
export_simulation -of_objects [get_files {{c:/Users/busra/Documents/Documenten/Leerjaar 2/Blok 7/RETROGAME_GIT/RetroGame-FPGA/Snowshot.srcs/sources_1/ip/blk_mem_player2/blk_mem_player2.xci}}] -directory {C:/Users/busra/Documents/Documenten/Leerjaar 2/Blok 7/RETROGAME_GIT/RetroGame-FPGA/Snowshot.ip_user_files/sim_scripts} -ip_user_files_dir {C:/Users/busra/Documents/Documenten/Leerjaar 2/Blok 7/RETROGAME_GIT/RetroGame-FPGA/Snowshot.ip_user_files} -ipstatic_source_dir {C:/Users/busra/Documents/Documenten/Leerjaar 2/Blok 7/RETROGAME_GIT/RetroGame-FPGA/Snowshot.ip_user_files/ipstatic} -lib_map_path [list {modelsim=C:/Users/busra/Documents/Documenten/Leerjaar 2/Blok 7/RETROGAME_GIT/RetroGame-FPGA/Snowshot.cache/compile_simlib/modelsim} {questa=C:/Users/busra/Documents/Documenten/Leerjaar 2/Blok 7/RETROGAME_GIT/RetroGame-FPGA/Snowshot.cache/compile_simlib/questa} {riviera=C:/Users/busra/Documents/Documenten/Leerjaar 2/Blok 7/RETROGAME_GIT/RetroGame-FPGA/Snowshot.cache/compile_simlib/riviera} {activehdl=C:/Users/busra/Documents/Documenten/Leerjaar 2/Blok 7/RETROGAME_GIT/RetroGame-FPGA/Snowshot.cache/compile_simlib/activehdl}] -use_ip_compiled_libs -force -quiet
update_compile_order -fileset sources_1
WARNING: [IP_Flow 19-4067] Ignoring invalid widget type specified checkbox.Providing a default widget
WARNING: [IP_Flow 19-4067] Ignoring invalid widget type specified checkbox.Providing a default widget
INFO: [IP_Flow 19-3484] Absolute path of file 'c:/Users/busra/Documents/MATLAB/snowball_new.coe' provided. It will be converted relative to IP Instance files '../../../../../../../../../MATLAB/snowball_new.coe'
create_ip -name blk_mem_gen -vendor xilinx.com -library ip -version 8.4 -module_name blk_mem_snowball -dir {c:/Users/busra/Documents/Documenten/Leerjaar 2/Blok 7/RETROGAME_GIT/RetroGame-FPGA/Snowshot.srcs/sources_1/ip}
set_property -dict [list CONFIG.Component_Name {blk_mem_snowball} CONFIG.Memory_Type {Single_Port_ROM} CONFIG.Write_Width_A {12} CONFIG.Write_Depth_A {1296} CONFIG.Read_Width_A {12} CONFIG.Write_Width_B {12} CONFIG.Read_Width_B {12} CONFIG.Register_PortA_Output_of_Memory_Primitives {false} CONFIG.Load_Init_File {true} CONFIG.Coe_File {C:/Users/busra/Documents/MATLAB/snowball_new.coe} CONFIG.Port_A_Write_Rate {0}] [get_ips blk_mem_snowball]
WARNING: [Vivado 12-3523] Attempt to change 'Component_Name' from 'blk_mem_snowball' to 'blk_mem_snowball' is not allowed and is ignored.
INFO: [IP_Flow 19-3484] Absolute path of file 'c:/Users/busra/Documents/MATLAB/snowball_new.coe' provided. It will be converted relative to IP Instance files '../../../../../../../../../MATLAB/snowball_new.coe'
generate_target {instantiation_template} [get_files {{c:/Users/busra/Documents/Documenten/Leerjaar 2/Blok 7/RETROGAME_GIT/RetroGame-FPGA/Snowshot.srcs/sources_1/ip/blk_mem_snowball/blk_mem_snowball.xci}}]
INFO: [IP_Flow 19-1686] Generating 'Instantiation Template' target for IP 'blk_mem_snowball'...
generate_target all [get_files  {{c:/Users/busra/Documents/Documenten/Leerjaar 2/Blok 7/RETROGAME_GIT/RetroGame-FPGA/Snowshot.srcs/sources_1/ip/blk_mem_snowball/blk_mem_snowball.xci}}]
INFO: [IP_Flow 19-1686] Generating 'Synthesis' target for IP 'blk_mem_snowball'...
INFO: [IP_Flow 19-1686] Generating 'Simulation' target for IP 'blk_mem_snowball'...
INFO: [IP_Flow 19-1686] Generating 'Miscellaneous' target for IP 'blk_mem_snowball'...
INFO: [IP_Flow 19-1686] Generating 'Change Log' target for IP 'blk_mem_snowball'...
catch { config_ip_cache -export [get_ips -all blk_mem_snowball] }
INFO: [IP_Flow 19-4993] Using cached IP synthesis design for IP blk_mem_snowball, cache-ID = 02178f5d380ee5a5; cache size = 1.437 MB.
export_ip_user_files -of_objects [get_files {{c:/Users/busra/Documents/Documenten/Leerjaar 2/Blok 7/RETROGAME_GIT/RetroGame-FPGA/Snowshot.srcs/sources_1/ip/blk_mem_snowball/blk_mem_snowball.xci}}] -no_script -sync -force -quiet
create_ip_run [get_files -of_objects [get_fileset sources_1] {{c:/Users/busra/Documents/Documenten/Leerjaar 2/Blok 7/RETROGAME_GIT/RetroGame-FPGA/Snowshot.srcs/sources_1/ip/blk_mem_snowball/blk_mem_snowball.xci}}]
INFO: [Vivado 12-3453] The given sub-design is up-to-date, no action was taken.  If a run is still desired, use the '-force' option for the file:'c:/Users/busra/Documents/Documenten/Leerjaar 2/Blok 7/RETROGAME_GIT/RetroGame-FPGA/Snowshot.srcs/sources_1/ip/blk_mem_snowball/blk_mem_snowball.xci'
export_simulation -of_objects [get_files {{c:/Users/busra/Documents/Documenten/Leerjaar 2/Blok 7/RETROGAME_GIT/RetroGame-FPGA/Snowshot.srcs/sources_1/ip/blk_mem_snowball/blk_mem_snowball.xci}}] -directory {C:/Users/busra/Documents/Documenten/Leerjaar 2/Blok 7/RETROGAME_GIT/RetroGame-FPGA/Snowshot.ip_user_files/sim_scripts} -ip_user_files_dir {C:/Users/busra/Documents/Documenten/Leerjaar 2/Blok 7/RETROGAME_GIT/RetroGame-FPGA/Snowshot.ip_user_files} -ipstatic_source_dir {C:/Users/busra/Documents/Documenten/Leerjaar 2/Blok 7/RETROGAME_GIT/RetroGame-FPGA/Snowshot.ip_user_files/ipstatic} -lib_map_path [list {modelsim=C:/Users/busra/Documents/Documenten/Leerjaar 2/Blok 7/RETROGAME_GIT/RetroGame-FPGA/Snowshot.cache/compile_simlib/modelsim} {questa=C:/Users/busra/Documents/Documenten/Leerjaar 2/Blok 7/RETROGAME_GIT/RetroGame-FPGA/Snowshot.cache/compile_simlib/questa} {riviera=C:/Users/busra/Documents/Documenten/Leerjaar 2/Blok 7/RETROGAME_GIT/RetroGame-FPGA/Snowshot.cache/compile_simlib/riviera} {activehdl=C:/Users/busra/Documents/Documenten/Leerjaar 2/Blok 7/RETROGAME_GIT/RetroGame-FPGA/Snowshot.cache/compile_simlib/activehdl}] -use_ip_compiled_libs -force -quiet
update_compile_order -fileset sources_1
WARNING: [IP_Flow 19-4067] Ignoring invalid widget type specified checkbox.Providing a default widget
WARNING: [IP_Flow 19-4067] Ignoring invalid widget type specified checkbox.Providing a default widget
INFO: [IP_Flow 19-3484] Absolute path of file 'c:/Users/busra/Documents/MATLAB/logoSnowshot.coe' provided. It will be converted relative to IP Instance files '../../../../../../../../../MATLAB/logoSnowshot.coe'
create_ip -name blk_mem_gen -vendor xilinx.com -library ip -version 8.4 -module_name blk_mem_logo -dir {c:/Users/busra/Documents/Documenten/Leerjaar 2/Blok 7/RETROGAME_GIT/RetroGame-FPGA/Snowshot.srcs/sources_1/ip}
set_property -dict [list CONFIG.Component_Name {blk_mem_logo} CONFIG.Memory_Type {Single_Port_ROM} CONFIG.Write_Width_A {12} CONFIG.Write_Depth_A {17200} CONFIG.Read_Width_A {12} CONFIG.Write_Width_B {12} CONFIG.Read_Width_B {12} CONFIG.Register_PortA_Output_of_Memory_Primitives {false} CONFIG.Load_Init_File {true} CONFIG.Coe_File {C:/Users/busra/Documents/MATLAB/logoSnowshot.coe} CONFIG.Port_A_Write_Rate {0}] [get_ips blk_mem_logo]
WARNING: [Vivado 12-3523] Attempt to change 'Component_Name' from 'blk_mem_logo' to 'blk_mem_logo' is not allowed and is ignored.
INFO: [IP_Flow 19-3484] Absolute path of file 'c:/Users/busra/Documents/MATLAB/logoSnowshot.coe' provided. It will be converted relative to IP Instance files '../../../../../../../../../MATLAB/logoSnowshot.coe'
generate_target {instantiation_template} [get_files {{c:/Users/busra/Documents/Documenten/Leerjaar 2/Blok 7/RETROGAME_GIT/RetroGame-FPGA/Snowshot.srcs/sources_1/ip/blk_mem_logo/blk_mem_logo.xci}}]
INFO: [IP_Flow 19-1686] Generating 'Instantiation Template' target for IP 'blk_mem_logo'...
generate_target all [get_files  {{c:/Users/busra/Documents/Documenten/Leerjaar 2/Blok 7/RETROGAME_GIT/RetroGame-FPGA/Snowshot.srcs/sources_1/ip/blk_mem_logo/blk_mem_logo.xci}}]
INFO: [IP_Flow 19-1686] Generating 'Synthesis' target for IP 'blk_mem_logo'...
INFO: [IP_Flow 19-1686] Generating 'Simulation' target for IP 'blk_mem_logo'...
INFO: [IP_Flow 19-1686] Generating 'Miscellaneous' target for IP 'blk_mem_logo'...
INFO: [IP_Flow 19-1686] Generating 'Change Log' target for IP 'blk_mem_logo'...
catch { config_ip_cache -export [get_ips -all blk_mem_logo] }
INFO: [IP_Flow 19-4993] Using cached IP synthesis design for IP blk_mem_logo, cache-ID = 41042b38b751fe4f; cache size = 1.437 MB.
export_ip_user_files -of_objects [get_files {{c:/Users/busra/Documents/Documenten/Leerjaar 2/Blok 7/RETROGAME_GIT/RetroGame-FPGA/Snowshot.srcs/sources_1/ip/blk_mem_logo/blk_mem_logo.xci}}] -no_script -sync -force -quiet
create_ip_run [get_files -of_objects [get_fileset sources_1] {{c:/Users/busra/Documents/Documenten/Leerjaar 2/Blok 7/RETROGAME_GIT/RetroGame-FPGA/Snowshot.srcs/sources_1/ip/blk_mem_logo/blk_mem_logo.xci}}]
INFO: [Vivado 12-3453] The given sub-design is up-to-date, no action was taken.  If a run is still desired, use the '-force' option for the file:'c:/Users/busra/Documents/Documenten/Leerjaar 2/Blok 7/RETROGAME_GIT/RetroGame-FPGA/Snowshot.srcs/sources_1/ip/blk_mem_logo/blk_mem_logo.xci'
export_simulation -of_objects [get_files {{c:/Users/busra/Documents/Documenten/Leerjaar 2/Blok 7/RETROGAME_GIT/RetroGame-FPGA/Snowshot.srcs/sources_1/ip/blk_mem_logo/blk_mem_logo.xci}}] -directory {C:/Users/busra/Documents/Documenten/Leerjaar 2/Blok 7/RETROGAME_GIT/RetroGame-FPGA/Snowshot.ip_user_files/sim_scripts} -ip_user_files_dir {C:/Users/busra/Documents/Documenten/Leerjaar 2/Blok 7/RETROGAME_GIT/RetroGame-FPGA/Snowshot.ip_user_files} -ipstatic_source_dir {C:/Users/busra/Documents/Documenten/Leerjaar 2/Blok 7/RETROGAME_GIT/RetroGame-FPGA/Snowshot.ip_user_files/ipstatic} -lib_map_path [list {modelsim=C:/Users/busra/Documents/Documenten/Leerjaar 2/Blok 7/RETROGAME_GIT/RetroGame-FPGA/Snowshot.cache/compile_simlib/modelsim} {questa=C:/Users/busra/Documents/Documenten/Leerjaar 2/Blok 7/RETROGAME_GIT/RetroGame-FPGA/Snowshot.cache/compile_simlib/questa} {riviera=C:/Users/busra/Documents/Documenten/Leerjaar 2/Blok 7/RETROGAME_GIT/RetroGame-FPGA/Snowshot.cache/compile_simlib/riviera} {activehdl=C:/Users/busra/Documents/Documenten/Leerjaar 2/Blok 7/RETROGAME_GIT/RetroGame-FPGA/Snowshot.cache/compile_simlib/activehdl}] -use_ip_compiled_libs -force -quiet
update_compile_order -fileset sources_1
export_ip_user_files -of_objects  [get_files {{C:/Users/busra/Documents/Documenten/Leerjaar 2/Blok 7/RETROGAME_GIT/RetroGame-FPGA/Snowshot.srcs/sources_1/ip/rom_bg/rom_bg.xci}}] -no_script -reset -force -quiet
remove_files  -fileset rom_bg {{C:/Users/busra/Documents/Documenten/Leerjaar 2/Blok 7/RETROGAME_GIT/RetroGame-FPGA/Snowshot.srcs/sources_1/ip/rom_bg/rom_bg.xci}}
INFO: [Project 1-386] Moving file 'C:/Users/busra/Documents/Documenten/Leerjaar 2/Blok 7/RETROGAME_GIT/RetroGame-FPGA/Snowshot.srcs/sources_1/ip/rom_bg/rom_bg.xci' from fileset 'rom_bg' to fileset 'sources_1'.
file delete -force {C:/Users/busra/Documents/Documenten/Leerjaar 2/Blok 7/RETROGAME_GIT/RetroGame-FPGA/Snowshot.srcs/sources_1/ip/rom_bg}
WARNING: [IP_Flow 19-4067] Ignoring invalid widget type specified checkbox.Providing a default widget
WARNING: [IP_Flow 19-4067] Ignoring invalid widget type specified checkbox.Providing a default widget
INFO: [IP_Flow 19-3484] Absolute path of file 'c:/Users/busra/Documents/MATLAB/iceTile1.coe' provided. It will be converted relative to IP Instance files '../../../../../../../../../MATLAB/iceTile1.coe'
create_ip -name blk_mem_gen -vendor xilinx.com -library ip -version 8.4 -module_name blk_mem_gen_0 -dir {c:/Users/busra/Documents/Documenten/Leerjaar 2/Blok 7/RETROGAME_GIT/RetroGame-FPGA/Snowshot.srcs/sources_1/ip}
set_property -dict [list CONFIG.Memory_Type {Single_Port_ROM} CONFIG.Write_Width_A {12} CONFIG.Write_Depth_A {2500} CONFIG.Read_Width_A {12} CONFIG.Write_Width_B {12} CONFIG.Read_Width_B {12} CONFIG.Register_PortA_Output_of_Memory_Primitives {false} CONFIG.Load_Init_File {true} CONFIG.Coe_File {C:/Users/busra/Documents/MATLAB/iceTile1.coe} CONFIG.Port_A_Write_Rate {0}] [get_ips blk_mem_gen_0]
INFO: [IP_Flow 19-3484] Absolute path of file 'c:/Users/busra/Documents/MATLAB/iceTile1.coe' provided. It will be converted relative to IP Instance files '../../../../../../../../../MATLAB/iceTile1.coe'
generate_target {instantiation_template} [get_files {{c:/Users/busra/Documents/Documenten/Leerjaar 2/Blok 7/RETROGAME_GIT/RetroGame-FPGA/Snowshot.srcs/sources_1/ip/blk_mem_gen_0_1/blk_mem_gen_0.xci}}]
INFO: [IP_Flow 19-1686] Generating 'Instantiation Template' target for IP 'blk_mem_gen_0'...
generate_target all [get_files  {{c:/Users/busra/Documents/Documenten/Leerjaar 2/Blok 7/RETROGAME_GIT/RetroGame-FPGA/Snowshot.srcs/sources_1/ip/blk_mem_gen_0_1/blk_mem_gen_0.xci}}]
INFO: [IP_Flow 19-1686] Generating 'Synthesis' target for IP 'blk_mem_gen_0'...
INFO: [IP_Flow 19-1686] Generating 'Simulation' target for IP 'blk_mem_gen_0'...
INFO: [IP_Flow 19-1686] Generating 'Miscellaneous' target for IP 'blk_mem_gen_0'...
INFO: [IP_Flow 19-1686] Generating 'Change Log' target for IP 'blk_mem_gen_0'...
catch { config_ip_cache -export [get_ips -all blk_mem_gen_0] }
INFO: [IP_Flow 19-4993] Using cached IP synthesis design for IP blk_mem_gen_0, cache-ID = 6ae9cf80e687a03f; cache size = 1.437 MB.
export_ip_user_files -of_objects [get_files {{c:/Users/busra/Documents/Documenten/Leerjaar 2/Blok 7/RETROGAME_GIT/RetroGame-FPGA/Snowshot.srcs/sources_1/ip/blk_mem_gen_0_1/blk_mem_gen_0.xci}}] -no_script -sync -force -quiet
create_ip_run [get_files -of_objects [get_fileset sources_1] {{c:/Users/busra/Documents/Documenten/Leerjaar 2/Blok 7/RETROGAME_GIT/RetroGame-FPGA/Snowshot.srcs/sources_1/ip/blk_mem_gen_0_1/blk_mem_gen_0.xci}}]
INFO: [Vivado 12-3453] The given sub-design is up-to-date, no action was taken.  If a run is still desired, use the '-force' option for the file:'c:/Users/busra/Documents/Documenten/Leerjaar 2/Blok 7/RETROGAME_GIT/RetroGame-FPGA/Snowshot.srcs/sources_1/ip/blk_mem_gen_0_1/blk_mem_gen_0.xci'
export_simulation -of_objects [get_files {{c:/Users/busra/Documents/Documenten/Leerjaar 2/Blok 7/RETROGAME_GIT/RetroGame-FPGA/Snowshot.srcs/sources_1/ip/blk_mem_gen_0_1/blk_mem_gen_0.xci}}] -directory {C:/Users/busra/Documents/Documenten/Leerjaar 2/Blok 7/RETROGAME_GIT/RetroGame-FPGA/Snowshot.ip_user_files/sim_scripts} -ip_user_files_dir {C:/Users/busra/Documents/Documenten/Leerjaar 2/Blok 7/RETROGAME_GIT/RetroGame-FPGA/Snowshot.ip_user_files} -ipstatic_source_dir {C:/Users/busra/Documents/Documenten/Leerjaar 2/Blok 7/RETROGAME_GIT/RetroGame-FPGA/Snowshot.ip_user_files/ipstatic} -lib_map_path [list {modelsim=C:/Users/busra/Documents/Documenten/Leerjaar 2/Blok 7/RETROGAME_GIT/RetroGame-FPGA/Snowshot.cache/compile_simlib/modelsim} {questa=C:/Users/busra/Documents/Documenten/Leerjaar 2/Blok 7/RETROGAME_GIT/RetroGame-FPGA/Snowshot.cache/compile_simlib/questa} {riviera=C:/Users/busra/Documents/Documenten/Leerjaar 2/Blok 7/RETROGAME_GIT/RetroGame-FPGA/Snowshot.cache/compile_simlib/riviera} {activehdl=C:/Users/busra/Documents/Documenten/Leerjaar 2/Blok 7/RETROGAME_GIT/RetroGame-FPGA/Snowshot.cache/compile_simlib/activehdl}] -use_ip_compiled_libs -force -quiet
update_compile_order -fileset sources_1
export_ip_user_files -of_objects  [get_files {{c:/Users/busra/Documents/Documenten/Leerjaar 2/Blok 7/RETROGAME_GIT/RetroGame-FPGA/Snowshot.srcs/sources_1/ip/blk_mem_gen_0_1/blk_mem_gen_0.xci}}] -no_script -reset -force -quiet
remove_files  {{c:/Users/busra/Documents/Documenten/Leerjaar 2/Blok 7/RETROGAME_GIT/RetroGame-FPGA/Snowshot.srcs/sources_1/ip/blk_mem_gen_0_1/blk_mem_gen_0.xci}}
file delete -force {c:/Users/busra/Documents/Documenten/Leerjaar 2/Blok 7/RETROGAME_GIT/RetroGame-FPGA/Snowshot.srcs/sources_1/ip/blk_mem_gen_0_1}
WARNING: [IP_Flow 19-4067] Ignoring invalid widget type specified checkbox.Providing a default widget
WARNING: [IP_Flow 19-4067] Ignoring invalid widget type specified checkbox.Providing a default widget
INFO: [IP_Flow 19-3484] Absolute path of file 'c:/Users/busra/Documents/MATLAB/iceTile1.coe' provided. It will be converted relative to IP Instance files '../../../../../../../../../MATLAB/iceTile1.coe'
create_ip -name blk_mem_gen -vendor xilinx.com -library ip -version 8.4 -module_name rom_bg -dir {c:/Users/busra/Documents/Documenten/Leerjaar 2/Blok 7/RETROGAME_GIT/RetroGame-FPGA/Snowshot.srcs/sources_1/ip}
set_property -dict [list CONFIG.Component_Name {rom_bg} CONFIG.Memory_Type {Single_Port_ROM} CONFIG.Write_Width_A {12} CONFIG.Write_Depth_A {2500} CONFIG.Read_Width_A {12} CONFIG.Write_Width_B {12} CONFIG.Read_Width_B {12} CONFIG.Register_PortA_Output_of_Memory_Primitives {false} CONFIG.Load_Init_File {true} CONFIG.Coe_File {C:/Users/busra/Documents/MATLAB/iceTile1.coe} CONFIG.Port_A_Write_Rate {0}] [get_ips rom_bg]
WARNING: [Vivado 12-3523] Attempt to change 'Component_Name' from 'rom_bg' to 'rom_bg' is not allowed and is ignored.
INFO: [IP_Flow 19-3484] Absolute path of file 'c:/Users/busra/Documents/MATLAB/iceTile1.coe' provided. It will be converted relative to IP Instance files '../../../../../../../../../MATLAB/iceTile1.coe'
generate_target {instantiation_template} [get_files {{c:/Users/busra/Documents/Documenten/Leerjaar 2/Blok 7/RETROGAME_GIT/RetroGame-FPGA/Snowshot.srcs/sources_1/ip/rom_bg/rom_bg.xci}}]
INFO: [IP_Flow 19-1686] Generating 'Instantiation Template' target for IP 'rom_bg'...
generate_target all [get_files  {{c:/Users/busra/Documents/Documenten/Leerjaar 2/Blok 7/RETROGAME_GIT/RetroGame-FPGA/Snowshot.srcs/sources_1/ip/rom_bg/rom_bg.xci}}]
INFO: [IP_Flow 19-1686] Generating 'Synthesis' target for IP 'rom_bg'...
INFO: [IP_Flow 19-1686] Generating 'Simulation' target for IP 'rom_bg'...
INFO: [IP_Flow 19-1686] Generating 'Miscellaneous' target for IP 'rom_bg'...
INFO: [IP_Flow 19-1686] Generating 'Change Log' target for IP 'rom_bg'...
catch { config_ip_cache -export [get_ips -all rom_bg] }
INFO: [IP_Flow 19-4993] Using cached IP synthesis design for IP rom_bg, cache-ID = 6ae9cf80e687a03f; cache size = 1.437 MB.
export_ip_user_files -of_objects [get_files {{c:/Users/busra/Documents/Documenten/Leerjaar 2/Blok 7/RETROGAME_GIT/RetroGame-FPGA/Snowshot.srcs/sources_1/ip/rom_bg/rom_bg.xci}}] -no_script -sync -force -quiet
create_ip_run [get_files -of_objects [get_fileset sources_1] {{c:/Users/busra/Documents/Documenten/Leerjaar 2/Blok 7/RETROGAME_GIT/RetroGame-FPGA/Snowshot.srcs/sources_1/ip/rom_bg/rom_bg.xci}}]
INFO: [Vivado 12-3453] The given sub-design is up-to-date, no action was taken.  If a run is still desired, use the '-force' option for the file:'c:/Users/busra/Documents/Documenten/Leerjaar 2/Blok 7/RETROGAME_GIT/RetroGame-FPGA/Snowshot.srcs/sources_1/ip/rom_bg/rom_bg.xci'
export_simulation -of_objects [get_files {{c:/Users/busra/Documents/Documenten/Leerjaar 2/Blok 7/RETROGAME_GIT/RetroGame-FPGA/Snowshot.srcs/sources_1/ip/rom_bg/rom_bg.xci}}] -directory {C:/Users/busra/Documents/Documenten/Leerjaar 2/Blok 7/RETROGAME_GIT/RetroGame-FPGA/Snowshot.ip_user_files/sim_scripts} -ip_user_files_dir {C:/Users/busra/Documents/Documenten/Leerjaar 2/Blok 7/RETROGAME_GIT/RetroGame-FPGA/Snowshot.ip_user_files} -ipstatic_source_dir {C:/Users/busra/Documents/Documenten/Leerjaar 2/Blok 7/RETROGAME_GIT/RetroGame-FPGA/Snowshot.ip_user_files/ipstatic} -lib_map_path [list {modelsim=C:/Users/busra/Documents/Documenten/Leerjaar 2/Blok 7/RETROGAME_GIT/RetroGame-FPGA/Snowshot.cache/compile_simlib/modelsim} {questa=C:/Users/busra/Documents/Documenten/Leerjaar 2/Blok 7/RETROGAME_GIT/RetroGame-FPGA/Snowshot.cache/compile_simlib/questa} {riviera=C:/Users/busra/Documents/Documenten/Leerjaar 2/Blok 7/RETROGAME_GIT/RetroGame-FPGA/Snowshot.cache/compile_simlib/riviera} {activehdl=C:/Users/busra/Documents/Documenten/Leerjaar 2/Blok 7/RETROGAME_GIT/RetroGame-FPGA/Snowshot.cache/compile_simlib/activehdl}] -use_ip_compiled_libs -force -quiet
update_compile_order -fileset sources_1
reset_run synth_1
launch_runs synth_1 -jobs 8
INFO: [Vivado 12-4149] The synthesis checkpoint for IP 'c:/Users/busra/Documents/Documenten/Leerjaar 2/Blok 7/RETROGAME_GIT/RetroGame-FPGA/Snowshot.srcs/sources_1/ip/blk_mem_snowball/blk_mem_snowball.xci' is already up-to-date
INFO: [Vivado 12-4149] The synthesis checkpoint for IP 'c:/Users/busra/Documents/Documenten/Leerjaar 2/Blok 7/RETROGAME_GIT/RetroGame-FPGA/Snowshot.srcs/sources_1/ip/blk_mem_player2/blk_mem_player2.xci' is already up-to-date
INFO: [Vivado 12-4149] The synthesis checkpoint for IP 'c:/Users/busra/Documents/Documenten/Leerjaar 2/Blok 7/RETROGAME_GIT/RetroGame-FPGA/Snowshot.srcs/sources_1/ip/blk_mem_player1/blk_mem_player1.xci' is already up-to-date
INFO: [Vivado 12-4149] The synthesis checkpoint for IP 'c:/Users/busra/Documents/Documenten/Leerjaar 2/Blok 7/RETROGAME_GIT/RetroGame-FPGA/Snowshot.srcs/sources_1/ip/blk_mem_logo/blk_mem_logo.xci' is already up-to-date
INFO: [Vivado 12-4149] The synthesis checkpoint for IP 'c:/Users/busra/Documents/Documenten/Leerjaar 2/Blok 7/RETROGAME_GIT/RetroGame-FPGA/Snowshot.srcs/sources_1/ip/rom_bg/rom_bg.xci' is already up-to-date
INFO: [Vivado 12-4149] The synthesis checkpoint for IP 'C:/Users/busra/Documents/Documenten/Leerjaar 2/Blok 7/RETROGAME_GIT/RetroGame-FPGA/Snowshot.srcs/sources_1/ip/clk_vga/clk_vga.xci' is already up-to-date
[Wed Mar  9 14:50:51 2022] Launched synth_1...
Run output will be captured here: C:/Users/busra/Documents/Documenten/Leerjaar 2/Blok 7/RETROGAME_GIT/RetroGame-FPGA/Snowshot.runs/synth_1/runme.log
export_ip_user_files -of_objects  [get_files C:/Xilinx/ceo/iceTile1.coe] -no_script -reset -force -quiet
remove_files  C:/Xilinx/ceo/iceTile1.coe
export_ip_user_files -of_objects  [get_files C:/Xilinx/ceo/logoSnowshot.coe] -no_script -reset -force -quiet
export_ip_user_files -of_objects  [get_files C:/Xilinx/ceo/player1.coe] -no_script -reset -force -quiet
export_ip_user_files -of_objects  [get_files C:/Xilinx/ceo/player2.coe] -no_script -reset -force -quiet
export_ip_user_files -of_objects  [get_files C:/Xilinx/ceo/snowball_new.coe] -no_script -reset -force -quiet
remove_files  {C:/Xilinx/ceo/logoSnowshot.coe C:/Xilinx/ceo/player1.coe C:/Xilinx/ceo/player2.coe C:/Xilinx/ceo/snowball_new.coe}
reset_run synth_1
launch_runs synth_1 -jobs 8
INFO: [Vivado 12-4149] The synthesis checkpoint for IP 'c:/Users/busra/Documents/Documenten/Leerjaar 2/Blok 7/RETROGAME_GIT/RetroGame-FPGA/Snowshot.srcs/sources_1/ip/blk_mem_snowball/blk_mem_snowball.xci' is already up-to-date
INFO: [Vivado 12-4149] The synthesis checkpoint for IP 'c:/Users/busra/Documents/Documenten/Leerjaar 2/Blok 7/RETROGAME_GIT/RetroGame-FPGA/Snowshot.srcs/sources_1/ip/blk_mem_player2/blk_mem_player2.xci' is already up-to-date
INFO: [Vivado 12-4149] The synthesis checkpoint for IP 'c:/Users/busra/Documents/Documenten/Leerjaar 2/Blok 7/RETROGAME_GIT/RetroGame-FPGA/Snowshot.srcs/sources_1/ip/blk_mem_player1/blk_mem_player1.xci' is already up-to-date
INFO: [Vivado 12-4149] The synthesis checkpoint for IP 'c:/Users/busra/Documents/Documenten/Leerjaar 2/Blok 7/RETROGAME_GIT/RetroGame-FPGA/Snowshot.srcs/sources_1/ip/blk_mem_logo/blk_mem_logo.xci' is already up-to-date
INFO: [Vivado 12-4149] The synthesis checkpoint for IP 'c:/Users/busra/Documents/Documenten/Leerjaar 2/Blok 7/RETROGAME_GIT/RetroGame-FPGA/Snowshot.srcs/sources_1/ip/rom_bg/rom_bg.xci' is already up-to-date
INFO: [Vivado 12-4149] The synthesis checkpoint for IP 'C:/Users/busra/Documents/Documenten/Leerjaar 2/Blok 7/RETROGAME_GIT/RetroGame-FPGA/Snowshot.srcs/sources_1/ip/clk_vga/clk_vga.xci' is already up-to-date
[Wed Mar  9 14:54:33 2022] Launched synth_1...
Run output will be captured here: C:/Users/busra/Documents/Documenten/Leerjaar 2/Blok 7/RETROGAME_GIT/RetroGame-FPGA/Snowshot.runs/synth_1/runme.log
launch_runs impl_1 -to_step write_bitstream -jobs 8
INFO: [Vivado 12-4149] The synthesis checkpoint for IP 'c:/Users/busra/Documents/Documenten/Leerjaar 2/Blok 7/RETROGAME_GIT/RetroGame-FPGA/Snowshot.srcs/sources_1/ip/blk_mem_snowball/blk_mem_snowball.xci' is already up-to-date
INFO: [Vivado 12-4149] The synthesis checkpoint for IP 'c:/Users/busra/Documents/Documenten/Leerjaar 2/Blok 7/RETROGAME_GIT/RetroGame-FPGA/Snowshot.srcs/sources_1/ip/blk_mem_player2/blk_mem_player2.xci' is already up-to-date
INFO: [Vivado 12-4149] The synthesis checkpoint for IP 'c:/Users/busra/Documents/Documenten/Leerjaar 2/Blok 7/RETROGAME_GIT/RetroGame-FPGA/Snowshot.srcs/sources_1/ip/blk_mem_player1/blk_mem_player1.xci' is already up-to-date
INFO: [Vivado 12-4149] The synthesis checkpoint for IP 'c:/Users/busra/Documents/Documenten/Leerjaar 2/Blok 7/RETROGAME_GIT/RetroGame-FPGA/Snowshot.srcs/sources_1/ip/blk_mem_logo/blk_mem_logo.xci' is already up-to-date
INFO: [Vivado 12-4149] The synthesis checkpoint for IP 'c:/Users/busra/Documents/Documenten/Leerjaar 2/Blok 7/RETROGAME_GIT/RetroGame-FPGA/Snowshot.srcs/sources_1/ip/rom_bg/rom_bg.xci' is already up-to-date
INFO: [Vivado 12-4149] The synthesis checkpoint for IP 'C:/Users/busra/Documents/Documenten/Leerjaar 2/Blok 7/RETROGAME_GIT/RetroGame-FPGA/Snowshot.srcs/sources_1/ip/clk_vga/clk_vga.xci' is already up-to-date
[Wed Mar  9 14:56:01 2022] Launched impl_1...
Run output will be captured here: C:/Users/busra/Documents/Documenten/Leerjaar 2/Blok 7/RETROGAME_GIT/RetroGame-FPGA/Snowshot.runs/impl_1/runme.log
open_hw
connect_hw_server
INFO: [Labtools 27-2285] Connecting to hw_server url TCP:localhost:3121
INFO: [Labtools 27-2222] Launching hw_server...
INFO: [Labtools 27-2221] Launch Output:

****** Xilinx hw_server v2019.1
  **** Build date : May 24 2019 at 15:13:31
    ** Copyright 1986-2019 Xilinx, Inc. All Rights Reserved.


open_hw_target
INFO: [Labtoolstcl 44-466] Opening hw_target localhost:3121/xilinx_tcf/Digilent/210183A38733A
open_hw_target: Time (s): cpu = 00:00:05 ; elapsed = 00:00:06 . Memory (MB): peak = 2130.875 ; gain = 1120.359
set_property PROGRAM.FILE {C:/Users/busra/Documents/Documenten/Leerjaar 2/Blok 7/RETROGAME_GIT/RetroGame-FPGA/Snowshot.runs/impl_1/top.bit} [get_hw_devices xc7a35t_0]
current_hw_device [get_hw_devices xc7a35t_0]
refresh_hw_device -update_hw_probes false [lindex [get_hw_devices xc7a35t_0] 0]
INFO: [Labtools 27-1434] Device xc7a35t (JTAG device index = 0) is programmed with a design that has no supported debug core(s) in it.
set_property PROBES.FILE {} [get_hw_devices xc7a35t_0]
set_property FULL_PROBES.FILE {} [get_hw_devices xc7a35t_0]
set_property PROGRAM.FILE {C:/Users/busra/Documents/Documenten/Leerjaar 2/Blok 7/RETROGAME_GIT/RetroGame-FPGA/Snowshot.runs/impl_1/top.bit} [get_hw_devices xc7a35t_0]
program_hw_devices [get_hw_devices xc7a35t_0]
INFO: [Labtools 27-3164] End of startup status: HIGH
refresh_hw_device [lindex [get_hw_devices xc7a35t_0] 0]
INFO: [Labtools 27-1434] Device xc7a35t (JTAG device index = 0) is programmed with a design that has no supported debug core(s) in it.
close_hw
export_ip_user_files -of_objects  [get_files {{c:/Users/busra/Documents/Documenten/Leerjaar 2/Blok 7/RETROGAME_GIT/RetroGame-FPGA/Snowshot.srcs/sources_1/ip/blk_mem_snowball/blk_mem_snowball.xci}}] -no_script -reset -force -quiet
remove_files  {{c:/Users/busra/Documents/Documenten/Leerjaar 2/Blok 7/RETROGAME_GIT/RetroGame-FPGA/Snowshot.srcs/sources_1/ip/blk_mem_snowball/blk_mem_snowball.xci}}
file delete -force {c:/Users/busra/Documents/Documenten/Leerjaar 2/Blok 7/RETROGAME_GIT/RetroGame-FPGA/Snowshot.srcs/sources_1/ip/blk_mem_snowball}
WARNING: [IP_Flow 19-4067] Ignoring invalid widget type specified checkbox.Providing a default widget
WARNING: [IP_Flow 19-4067] Ignoring invalid widget type specified checkbox.Providing a default widget
INFO: [IP_Flow 19-3484] Absolute path of file 'c:/Users/busra/Documents/MATLAB/snowball_new.coe' provided. It will be converted relative to IP Instance files '../../../../../../../../../MATLAB/snowball_new.coe'
create_ip -name blk_mem_gen -vendor xilinx.com -library ip -version 8.4 -module_name blk_mem_snowball -dir {c:/Users/busra/Documents/Documenten/Leerjaar 2/Blok 7/RETROGAME_GIT/RetroGame-FPGA/Snowshot.srcs/sources_1/ip}
set_property -dict [list CONFIG.Component_Name {blk_mem_snowball} CONFIG.Memory_Type {Single_Port_ROM} CONFIG.Write_Width_A {12} CONFIG.Write_Depth_A {1296} CONFIG.Read_Width_A {12} CONFIG.Write_Width_B {12} CONFIG.Read_Width_B {12} CONFIG.Register_PortA_Output_of_Memory_Primitives {false} CONFIG.Load_Init_File {true} CONFIG.Coe_File {C:/Users/busra/Documents/MATLAB/snowball_new.coe} CONFIG.Port_A_Write_Rate {0}] [get_ips blk_mem_snowball]
WARNING: [Vivado 12-3523] Attempt to change 'Component_Name' from 'blk_mem_snowball' to 'blk_mem_snowball' is not allowed and is ignored.
INFO: [IP_Flow 19-3484] Absolute path of file 'c:/Users/busra/Documents/MATLAB/snowball_new.coe' provided. It will be converted relative to IP Instance files '../../../../../../../../../MATLAB/snowball_new.coe'
generate_target {instantiation_template} [get_files {{c:/Users/busra/Documents/Documenten/Leerjaar 2/Blok 7/RETROGAME_GIT/RetroGame-FPGA/Snowshot.srcs/sources_1/ip/blk_mem_snowball/blk_mem_snowball.xci}}]
INFO: [IP_Flow 19-1686] Generating 'Instantiation Template' target for IP 'blk_mem_snowball'...
generate_target all [get_files  {{c:/Users/busra/Documents/Documenten/Leerjaar 2/Blok 7/RETROGAME_GIT/RetroGame-FPGA/Snowshot.srcs/sources_1/ip/blk_mem_snowball/blk_mem_snowball.xci}}]
INFO: [IP_Flow 19-1686] Generating 'Synthesis' target for IP 'blk_mem_snowball'...
INFO: [IP_Flow 19-1686] Generating 'Simulation' target for IP 'blk_mem_snowball'...
INFO: [IP_Flow 19-1686] Generating 'Miscellaneous' target for IP 'blk_mem_snowball'...
INFO: [IP_Flow 19-1686] Generating 'Change Log' target for IP 'blk_mem_snowball'...
catch { config_ip_cache -export [get_ips -all blk_mem_snowball] }
INFO: [IP_Flow 19-4993] Using cached IP synthesis design for IP blk_mem_snowball, cache-ID = 02178f5d380ee5a5; cache size = 1.437 MB.
export_ip_user_files -of_objects [get_files {{c:/Users/busra/Documents/Documenten/Leerjaar 2/Blok 7/RETROGAME_GIT/RetroGame-FPGA/Snowshot.srcs/sources_1/ip/blk_mem_snowball/blk_mem_snowball.xci}}] -no_script -sync -force -quiet
create_ip_run [get_files -of_objects [get_fileset sources_1] {{c:/Users/busra/Documents/Documenten/Leerjaar 2/Blok 7/RETROGAME_GIT/RetroGame-FPGA/Snowshot.srcs/sources_1/ip/blk_mem_snowball/blk_mem_snowball.xci}}]
INFO: [Vivado 12-3453] The given sub-design is up-to-date, no action was taken.  If a run is still desired, use the '-force' option for the file:'c:/Users/busra/Documents/Documenten/Leerjaar 2/Blok 7/RETROGAME_GIT/RetroGame-FPGA/Snowshot.srcs/sources_1/ip/blk_mem_snowball/blk_mem_snowball.xci'
export_simulation -of_objects [get_files {{c:/Users/busra/Documents/Documenten/Leerjaar 2/Blok 7/RETROGAME_GIT/RetroGame-FPGA/Snowshot.srcs/sources_1/ip/blk_mem_snowball/blk_mem_snowball.xci}}] -directory {C:/Users/busra/Documents/Documenten/Leerjaar 2/Blok 7/RETROGAME_GIT/RetroGame-FPGA/Snowshot.ip_user_files/sim_scripts} -ip_user_files_dir {C:/Users/busra/Documents/Documenten/Leerjaar 2/Blok 7/RETROGAME_GIT/RetroGame-FPGA/Snowshot.ip_user_files} -ipstatic_source_dir {C:/Users/busra/Documents/Documenten/Leerjaar 2/Blok 7/RETROGAME_GIT/RetroGame-FPGA/Snowshot.ip_user_files/ipstatic} -lib_map_path [list {modelsim=C:/Users/busra/Documents/Documenten/Leerjaar 2/Blok 7/RETROGAME_GIT/RetroGame-FPGA/Snowshot.cache/compile_simlib/modelsim} {questa=C:/Users/busra/Documents/Documenten/Leerjaar 2/Blok 7/RETROGAME_GIT/RetroGame-FPGA/Snowshot.cache/compile_simlib/questa} {riviera=C:/Users/busra/Documents/Documenten/Leerjaar 2/Blok 7/RETROGAME_GIT/RetroGame-FPGA/Snowshot.cache/compile_simlib/riviera} {activehdl=C:/Users/busra/Documents/Documenten/Leerjaar 2/Blok 7/RETROGAME_GIT/RetroGame-FPGA/Snowshot.cache/compile_simlib/activehdl}] -use_ip_compiled_libs -force -quiet
update_compile_order -fileset sources_1
update_compile_order -fileset sources_1
reset_run synth_1
launch_runs impl_1 -to_step write_bitstream -jobs 8
INFO: [Vivado 12-4149] The synthesis checkpoint for IP 'c:/Users/busra/Documents/Documenten/Leerjaar 2/Blok 7/RETROGAME_GIT/RetroGame-FPGA/Snowshot.srcs/sources_1/ip/blk_mem_snowball/blk_mem_snowball.xci' is already up-to-date
INFO: [Vivado 12-4149] The synthesis checkpoint for IP 'c:/Users/busra/Documents/Documenten/Leerjaar 2/Blok 7/RETROGAME_GIT/RetroGame-FPGA/Snowshot.srcs/sources_1/ip/blk_mem_player2/blk_mem_player2.xci' is already up-to-date
INFO: [Vivado 12-4149] The synthesis checkpoint for IP 'c:/Users/busra/Documents/Documenten/Leerjaar 2/Blok 7/RETROGAME_GIT/RetroGame-FPGA/Snowshot.srcs/sources_1/ip/blk_mem_player1/blk_mem_player1.xci' is already up-to-date
INFO: [Vivado 12-4149] The synthesis checkpoint for IP 'c:/Users/busra/Documents/Documenten/Leerjaar 2/Blok 7/RETROGAME_GIT/RetroGame-FPGA/Snowshot.srcs/sources_1/ip/blk_mem_logo/blk_mem_logo.xci' is already up-to-date
INFO: [Vivado 12-4149] The synthesis checkpoint for IP 'C:/Users/busra/Documents/Documenten/Leerjaar 2/Blok 7/RETROGAME_GIT/RetroGame-FPGA/Snowshot.srcs/sources_1/ip/clk_vga/clk_vga.xci' is already up-to-date
[Wed Mar  9 15:14:37 2022] Launched synth_1...
Run output will be captured here: C:/Users/busra/Documents/Documenten/Leerjaar 2/Blok 7/RETROGAME_GIT/RetroGame-FPGA/Snowshot.runs/synth_1/runme.log
[Wed Mar  9 15:14:37 2022] Launched impl_1...
Run output will be captured here: C:/Users/busra/Documents/Documenten/Leerjaar 2/Blok 7/RETROGAME_GIT/RetroGame-FPGA/Snowshot.runs/impl_1/runme.log
reset_run synth_1
launch_runs synth_1 -jobs 8
INFO: [Vivado 12-4149] The synthesis checkpoint for IP 'c:/Users/busra/Documents/Documenten/Leerjaar 2/Blok 7/RETROGAME_GIT/RetroGame-FPGA/Snowshot.srcs/sources_1/ip/blk_mem_snowball/blk_mem_snowball.xci' is already up-to-date
INFO: [Vivado 12-4149] The synthesis checkpoint for IP 'c:/Users/busra/Documents/Documenten/Leerjaar 2/Blok 7/RETROGAME_GIT/RetroGame-FPGA/Snowshot.srcs/sources_1/ip/blk_mem_player2/blk_mem_player2.xci' is already up-to-date
INFO: [Vivado 12-4149] The synthesis checkpoint for IP 'c:/Users/busra/Documents/Documenten/Leerjaar 2/Blok 7/RETROGAME_GIT/RetroGame-FPGA/Snowshot.srcs/sources_1/ip/blk_mem_player1/blk_mem_player1.xci' is already up-to-date
INFO: [Vivado 12-4149] The synthesis checkpoint for IP 'c:/Users/busra/Documents/Documenten/Leerjaar 2/Blok 7/RETROGAME_GIT/RetroGame-FPGA/Snowshot.srcs/sources_1/ip/blk_mem_logo/blk_mem_logo.xci' is already up-to-date
INFO: [Vivado 12-4149] The synthesis checkpoint for IP 'C:/Users/busra/Documents/Documenten/Leerjaar 2/Blok 7/RETROGAME_GIT/RetroGame-FPGA/Snowshot.srcs/sources_1/ip/clk_vga/clk_vga.xci' is already up-to-date
[Wed Mar  9 15:18:09 2022] Launched synth_1...
Run output will be captured here: C:/Users/busra/Documents/Documenten/Leerjaar 2/Blok 7/RETROGAME_GIT/RetroGame-FPGA/Snowshot.runs/synth_1/runme.log
update_compile_order -fileset sources_1
reset_run synth_1
launch_runs synth_1 -jobs 8
INFO: [Vivado 12-4149] The synthesis checkpoint for IP 'c:/Users/busra/Documents/Documenten/Leerjaar 2/Blok 7/RETROGAME_GIT/RetroGame-FPGA/Snowshot.srcs/sources_1/ip/blk_mem_snowball/blk_mem_snowball.xci' is already up-to-date
INFO: [Vivado 12-4149] The synthesis checkpoint for IP 'c:/Users/busra/Documents/Documenten/Leerjaar 2/Blok 7/RETROGAME_GIT/RetroGame-FPGA/Snowshot.srcs/sources_1/ip/blk_mem_player2/blk_mem_player2.xci' is already up-to-date
INFO: [Vivado 12-4149] The synthesis checkpoint for IP 'c:/Users/busra/Documents/Documenten/Leerjaar 2/Blok 7/RETROGAME_GIT/RetroGame-FPGA/Snowshot.srcs/sources_1/ip/blk_mem_player1/blk_mem_player1.xci' is already up-to-date
INFO: [Vivado 12-4149] The synthesis checkpoint for IP 'c:/Users/busra/Documents/Documenten/Leerjaar 2/Blok 7/RETROGAME_GIT/RetroGame-FPGA/Snowshot.srcs/sources_1/ip/blk_mem_logo/blk_mem_logo.xci' is already up-to-date
INFO: [Vivado 12-4149] The synthesis checkpoint for IP 'c:/Users/busra/Documents/Documenten/Leerjaar 2/Blok 7/RETROGAME_GIT/RetroGame-FPGA/Snowshot.srcs/sources_1/ip/rom_bg/rom_bg.xci' is already up-to-date
INFO: [Vivado 12-4149] The synthesis checkpoint for IP 'C:/Users/busra/Documents/Documenten/Leerjaar 2/Blok 7/RETROGAME_GIT/RetroGame-FPGA/Snowshot.srcs/sources_1/ip/clk_vga/clk_vga.xci' is already up-to-date
[Wed Mar  9 15:19:40 2022] Launched synth_1...
Run output will be captured here: C:/Users/busra/Documents/Documenten/Leerjaar 2/Blok 7/RETROGAME_GIT/RetroGame-FPGA/Snowshot.runs/synth_1/runme.log
WARNING: [IP_Flow 19-4067] Ignoring invalid widget type specified checkbox.Providing a default widget
WARNING: [IP_Flow 19-4067] Ignoring invalid widget type specified checkbox.Providing a default widget
INFO: [IP_Flow 19-3484] Absolute path of file 'c:/Users/busra/Documents/MATLAB/santa_1.coe' provided. It will be converted relative to IP Instance files '../../../../../../../../../MATLAB/santa_1.coe'
create_ip -name blk_mem_gen -vendor xilinx.com -library ip -version 8.4 -module_name blk_mem_santa -dir {c:/Users/busra/Documents/Documenten/Leerjaar 2/Blok 7/RETROGAME_GIT/RetroGame-FPGA/Snowshot.srcs/sources_1/ip}
set_property -dict [list CONFIG.Component_Name {blk_mem_santa} CONFIG.Memory_Type {Single_Port_ROM} CONFIG.Write_Width_A {12} CONFIG.Write_Depth_A {2496} CONFIG.Read_Width_A {12} CONFIG.Write_Width_B {12} CONFIG.Read_Width_B {12} CONFIG.Load_Init_File {true} CONFIG.Coe_File {C:/Users/busra/Documents/MATLAB/santa_1.coe} CONFIG.Port_A_Write_Rate {0}] [get_ips blk_mem_santa]
WARNING: [Vivado 12-3523] Attempt to change 'Component_Name' from 'blk_mem_santa' to 'blk_mem_santa' is not allowed and is ignored.
INFO: [IP_Flow 19-3484] Absolute path of file 'c:/Users/busra/Documents/MATLAB/santa_1.coe' provided. It will be converted relative to IP Instance files '../../../../../../../../../MATLAB/santa_1.coe'
generate_target {instantiation_template} [get_files {{c:/Users/busra/Documents/Documenten/Leerjaar 2/Blok 7/RETROGAME_GIT/RetroGame-FPGA/Snowshot.srcs/sources_1/ip/blk_mem_santa/blk_mem_santa.xci}}]
INFO: [IP_Flow 19-1686] Generating 'Instantiation Template' target for IP 'blk_mem_santa'...
generate_target all [get_files  {{c:/Users/busra/Documents/Documenten/Leerjaar 2/Blok 7/RETROGAME_GIT/RetroGame-FPGA/Snowshot.srcs/sources_1/ip/blk_mem_santa/blk_mem_santa.xci}}]
INFO: [IP_Flow 19-1686] Generating 'Synthesis' target for IP 'blk_mem_santa'...
INFO: [IP_Flow 19-1686] Generating 'Simulation' target for IP 'blk_mem_santa'...
INFO: [IP_Flow 19-1686] Generating 'Miscellaneous' target for IP 'blk_mem_santa'...
INFO: [IP_Flow 19-1686] Generating 'Change Log' target for IP 'blk_mem_santa'...
catch { config_ip_cache -export [get_ips -all blk_mem_santa] }
export_ip_user_files -of_objects [get_files {{c:/Users/busra/Documents/Documenten/Leerjaar 2/Blok 7/RETROGAME_GIT/RetroGame-FPGA/Snowshot.srcs/sources_1/ip/blk_mem_santa/blk_mem_santa.xci}}] -no_script -sync -force -quiet
create_ip_run [get_files -of_objects [get_fileset sources_1] {{c:/Users/busra/Documents/Documenten/Leerjaar 2/Blok 7/RETROGAME_GIT/RetroGame-FPGA/Snowshot.srcs/sources_1/ip/blk_mem_santa/blk_mem_santa.xci}}]
launch_runs -jobs 8 blk_mem_santa_synth_1
[Wed Mar  9 16:05:13 2022] Launched blk_mem_santa_synth_1...
Run output will be captured here: C:/Users/busra/Documents/Documenten/Leerjaar 2/Blok 7/RETROGAME_GIT/RetroGame-FPGA/Snowshot.runs/blk_mem_santa_synth_1/runme.log
export_simulation -of_objects [get_files {{c:/Users/busra/Documents/Documenten/Leerjaar 2/Blok 7/RETROGAME_GIT/RetroGame-FPGA/Snowshot.srcs/sources_1/ip/blk_mem_santa/blk_mem_santa.xci}}] -directory {C:/Users/busra/Documents/Documenten/Leerjaar 2/Blok 7/RETROGAME_GIT/RetroGame-FPGA/Snowshot.ip_user_files/sim_scripts} -ip_user_files_dir {C:/Users/busra/Documents/Documenten/Leerjaar 2/Blok 7/RETROGAME_GIT/RetroGame-FPGA/Snowshot.ip_user_files} -ipstatic_source_dir {C:/Users/busra/Documents/Documenten/Leerjaar 2/Blok 7/RETROGAME_GIT/RetroGame-FPGA/Snowshot.ip_user_files/ipstatic} -lib_map_path [list {modelsim=C:/Users/busra/Documents/Documenten/Leerjaar 2/Blok 7/RETROGAME_GIT/RetroGame-FPGA/Snowshot.cache/compile_simlib/modelsim} {questa=C:/Users/busra/Documents/Documenten/Leerjaar 2/Blok 7/RETROGAME_GIT/RetroGame-FPGA/Snowshot.cache/compile_simlib/questa} {riviera=C:/Users/busra/Documents/Documenten/Leerjaar 2/Blok 7/RETROGAME_GIT/RetroGame-FPGA/Snowshot.cache/compile_simlib/riviera} {activehdl=C:/Users/busra/Documents/Documenten/Leerjaar 2/Blok 7/RETROGAME_GIT/RetroGame-FPGA/Snowshot.cache/compile_simlib/activehdl}] -use_ip_compiled_libs -force -quiet
WARNING: [IP_Flow 19-4067] Ignoring invalid widget type specified checkbox.Providing a default widget
WARNING: [IP_Flow 19-4067] Ignoring invalid widget type specified checkbox.Providing a default widget
INFO: [IP_Flow 19-3484] Absolute path of file 'c:/Users/busra/Documents/MATLAB/santa_2.coe' provided. It will be converted relative to IP Instance files '../../../../../../../../../MATLAB/santa_2.coe'
create_ip -name blk_mem_gen -vendor xilinx.com -library ip -version 8.4 -module_name blk_mem_guiseppe -dir {c:/Users/busra/Documents/Documenten/Leerjaar 2/Blok 7/RETROGAME_GIT/RetroGame-FPGA/Snowshot.srcs/sources_1/ip}
set_property -dict [list CONFIG.Component_Name {blk_mem_guiseppe} CONFIG.Memory_Type {Single_Port_ROM} CONFIG.Write_Width_A {12} CONFIG.Write_Depth_A {2496} CONFIG.Read_Width_A {12} CONFIG.Write_Width_B {12} CONFIG.Read_Width_B {12} CONFIG.Register_PortA_Output_of_Memory_Primitives {true} CONFIG.Load_Init_File {true} CONFIG.Coe_File {C:/Users/busra/Documents/MATLAB/santa_2.coe} CONFIG.Port_A_Write_Rate {0}] [get_ips blk_mem_guiseppe]
WARNING: [Vivado 12-3523] Attempt to change 'Component_Name' from 'blk_mem_guiseppe' to 'blk_mem_guiseppe' is not allowed and is ignored.
INFO: [IP_Flow 19-3484] Absolute path of file 'c:/Users/busra/Documents/MATLAB/santa_2.coe' provided. It will be converted relative to IP Instance files '../../../../../../../../../MATLAB/santa_2.coe'
generate_target {instantiation_template} [get_files {{c:/Users/busra/Documents/Documenten/Leerjaar 2/Blok 7/RETROGAME_GIT/RetroGame-FPGA/Snowshot.srcs/sources_1/ip/blk_mem_guiseppe/blk_mem_guiseppe.xci}}]
INFO: [IP_Flow 19-1686] Generating 'Instantiation Template' target for IP 'blk_mem_guiseppe'...
generate_target all [get_files  {{c:/Users/busra/Documents/Documenten/Leerjaar 2/Blok 7/RETROGAME_GIT/RetroGame-FPGA/Snowshot.srcs/sources_1/ip/blk_mem_guiseppe/blk_mem_guiseppe.xci}}]
INFO: [IP_Flow 19-1686] Generating 'Synthesis' target for IP 'blk_mem_guiseppe'...
INFO: [IP_Flow 19-1686] Generating 'Simulation' target for IP 'blk_mem_guiseppe'...
INFO: [IP_Flow 19-1686] Generating 'Miscellaneous' target for IP 'blk_mem_guiseppe'...
INFO: [IP_Flow 19-1686] Generating 'Change Log' target for IP 'blk_mem_guiseppe'...
catch { config_ip_cache -export [get_ips -all blk_mem_guiseppe] }
export_ip_user_files -of_objects [get_files {{c:/Users/busra/Documents/Documenten/Leerjaar 2/Blok 7/RETROGAME_GIT/RetroGame-FPGA/Snowshot.srcs/sources_1/ip/blk_mem_guiseppe/blk_mem_guiseppe.xci}}] -no_script -sync -force -quiet
create_ip_run [get_files -of_objects [get_fileset sources_1] {{c:/Users/busra/Documents/Documenten/Leerjaar 2/Blok 7/RETROGAME_GIT/RetroGame-FPGA/Snowshot.srcs/sources_1/ip/blk_mem_guiseppe/blk_mem_guiseppe.xci}}]
launch_runs -jobs 8 blk_mem_guiseppe_synth_1
[Wed Mar  9 16:07:36 2022] Launched blk_mem_guiseppe_synth_1...
Run output will be captured here: C:/Users/busra/Documents/Documenten/Leerjaar 2/Blok 7/RETROGAME_GIT/RetroGame-FPGA/Snowshot.runs/blk_mem_guiseppe_synth_1/runme.log
export_simulation -of_objects [get_files {{c:/Users/busra/Documents/Documenten/Leerjaar 2/Blok 7/RETROGAME_GIT/RetroGame-FPGA/Snowshot.srcs/sources_1/ip/blk_mem_guiseppe/blk_mem_guiseppe.xci}}] -directory {C:/Users/busra/Documents/Documenten/Leerjaar 2/Blok 7/RETROGAME_GIT/RetroGame-FPGA/Snowshot.ip_user_files/sim_scripts} -ip_user_files_dir {C:/Users/busra/Documents/Documenten/Leerjaar 2/Blok 7/RETROGAME_GIT/RetroGame-FPGA/Snowshot.ip_user_files} -ipstatic_source_dir {C:/Users/busra/Documents/Documenten/Leerjaar 2/Blok 7/RETROGAME_GIT/RetroGame-FPGA/Snowshot.ip_user_files/ipstatic} -lib_map_path [list {modelsim=C:/Users/busra/Documents/Documenten/Leerjaar 2/Blok 7/RETROGAME_GIT/RetroGame-FPGA/Snowshot.cache/compile_simlib/modelsim} {questa=C:/Users/busra/Documents/Documenten/Leerjaar 2/Blok 7/RETROGAME_GIT/RetroGame-FPGA/Snowshot.cache/compile_simlib/questa} {riviera=C:/Users/busra/Documents/Documenten/Leerjaar 2/Blok 7/RETROGAME_GIT/RetroGame-FPGA/Snowshot.cache/compile_simlib/riviera} {activehdl=C:/Users/busra/Documents/Documenten/Leerjaar 2/Blok 7/RETROGAME_GIT/RetroGame-FPGA/Snowshot.cache/compile_simlib/activehdl}] -use_ip_compiled_libs -force -quiet
WARNING: [IP_Flow 19-4067] Ignoring invalid widget type specified checkbox.Providing a default widget
WARNING: [IP_Flow 19-4067] Ignoring invalid widget type specified checkbox.Providing a default widget
INFO: [IP_Flow 19-3484] Absolute path of file 'c:/Users/busra/Documents/MATLAB/snowball_v4.coe' provided. It will be converted relative to IP Instance files '../../../../../../../../../MATLAB/snowball_v4.coe'
create_ip -name blk_mem_gen -vendor xilinx.com -library ip -version 8.4 -module_name blk_mem_snowball_1 -dir {c:/Users/busra/Documents/Documenten/Leerjaar 2/Blok 7/RETROGAME_GIT/RetroGame-FPGA/Snowshot.srcs/sources_1/ip}
set_property -dict [list CONFIG.Component_Name {blk_mem_snowball_1} CONFIG.Memory_Type {Single_Port_ROM} CONFIG.Write_Width_A {12} CONFIG.Write_Depth_A {440} CONFIG.Read_Width_A {12} CONFIG.Write_Width_B {12} CONFIG.Read_Width_B {12} CONFIG.Load_Init_File {true} CONFIG.Coe_File {C:/Users/busra/Documents/MATLAB/snowball_v4.coe} CONFIG.Port_A_Write_Rate {0}] [get_ips blk_mem_snowball_1]
WARNING: [Vivado 12-3523] Attempt to change 'Component_Name' from 'blk_mem_snowball_1' to 'blk_mem_snowball_1' is not allowed and is ignored.
INFO: [IP_Flow 19-3484] Absolute path of file 'c:/Users/busra/Documents/MATLAB/snowball_v4.coe' provided. It will be converted relative to IP Instance files '../../../../../../../../../MATLAB/snowball_v4.coe'
generate_target {instantiation_template} [get_files {{c:/Users/busra/Documents/Documenten/Leerjaar 2/Blok 7/RETROGAME_GIT/RetroGame-FPGA/Snowshot.srcs/sources_1/ip/blk_mem_snowball_1/blk_mem_snowball_1.xci}}]
INFO: [IP_Flow 19-1686] Generating 'Instantiation Template' target for IP 'blk_mem_snowball_1'...
update_compile_order -fileset sources_1
generate_target all [get_files  {{c:/Users/busra/Documents/Documenten/Leerjaar 2/Blok 7/RETROGAME_GIT/RetroGame-FPGA/Snowshot.srcs/sources_1/ip/blk_mem_snowball_1/blk_mem_snowball_1.xci}}]
INFO: [IP_Flow 19-1686] Generating 'Synthesis' target for IP 'blk_mem_snowball_1'...
INFO: [IP_Flow 19-1686] Generating 'Simulation' target for IP 'blk_mem_snowball_1'...
INFO: [IP_Flow 19-1686] Generating 'Miscellaneous' target for IP 'blk_mem_snowball_1'...
INFO: [IP_Flow 19-1686] Generating 'Change Log' target for IP 'blk_mem_snowball_1'...
catch { config_ip_cache -export [get_ips -all blk_mem_snowball_1] }
export_ip_user_files -of_objects [get_files {{c:/Users/busra/Documents/Documenten/Leerjaar 2/Blok 7/RETROGAME_GIT/RetroGame-FPGA/Snowshot.srcs/sources_1/ip/blk_mem_snowball_1/blk_mem_snowball_1.xci}}] -no_script -sync -force -quiet
create_ip_run [get_files -of_objects [get_fileset sources_1] {{c:/Users/busra/Documents/Documenten/Leerjaar 2/Blok 7/RETROGAME_GIT/RetroGame-FPGA/Snowshot.srcs/sources_1/ip/blk_mem_snowball_1/blk_mem_snowball_1.xci}}]
launch_runs -jobs 8 blk_mem_snowball_1_synth_1
[Wed Mar  9 16:10:14 2022] Launched blk_mem_snowball_1_synth_1...
Run output will be captured here: C:/Users/busra/Documents/Documenten/Leerjaar 2/Blok 7/RETROGAME_GIT/RetroGame-FPGA/Snowshot.runs/blk_mem_snowball_1_synth_1/runme.log
export_simulation -of_objects [get_files {{c:/Users/busra/Documents/Documenten/Leerjaar 2/Blok 7/RETROGAME_GIT/RetroGame-FPGA/Snowshot.srcs/sources_1/ip/blk_mem_snowball_1/blk_mem_snowball_1.xci}}] -directory {C:/Users/busra/Documents/Documenten/Leerjaar 2/Blok 7/RETROGAME_GIT/RetroGame-FPGA/Snowshot.ip_user_files/sim_scripts} -ip_user_files_dir {C:/Users/busra/Documents/Documenten/Leerjaar 2/Blok 7/RETROGAME_GIT/RetroGame-FPGA/Snowshot.ip_user_files} -ipstatic_source_dir {C:/Users/busra/Documents/Documenten/Leerjaar 2/Blok 7/RETROGAME_GIT/RetroGame-FPGA/Snowshot.ip_user_files/ipstatic} -lib_map_path [list {modelsim=C:/Users/busra/Documents/Documenten/Leerjaar 2/Blok 7/RETROGAME_GIT/RetroGame-FPGA/Snowshot.cache/compile_simlib/modelsim} {questa=C:/Users/busra/Documents/Documenten/Leerjaar 2/Blok 7/RETROGAME_GIT/RetroGame-FPGA/Snowshot.cache/compile_simlib/questa} {riviera=C:/Users/busra/Documents/Documenten/Leerjaar 2/Blok 7/RETROGAME_GIT/RetroGame-FPGA/Snowshot.cache/compile_simlib/riviera} {activehdl=C:/Users/busra/Documents/Documenten/Leerjaar 2/Blok 7/RETROGAME_GIT/RetroGame-FPGA/Snowshot.cache/compile_simlib/activehdl}] -use_ip_compiled_libs -force -quiet
update_compile_order -fileset sources_1
update_compile_order -fileset sources_1
update_compile_order -fileset sources_1
reset_run synth_1
launch_runs synth_1 -jobs 8
INFO: [Vivado 12-4149] The synthesis checkpoint for IP 'c:/Users/busra/Documents/Documenten/Leerjaar 2/Blok 7/RETROGAME_GIT/RetroGame-FPGA/Snowshot.srcs/sources_1/ip/blk_mem_logo/blk_mem_logo.xci' is already up-to-date
INFO: [Vivado 12-4149] The synthesis checkpoint for IP 'C:/Users/busra/Documents/Documenten/Leerjaar 2/Blok 7/RETROGAME_GIT/RetroGame-FPGA/Snowshot.srcs/sources_1/ip/clk_vga/clk_vga.xci' is already up-to-date
[Wed Mar  9 16:14:54 2022] Launched synth_1...
Run output will be captured here: C:/Users/busra/Documents/Documenten/Leerjaar 2/Blok 7/RETROGAME_GIT/RetroGame-FPGA/Snowshot.runs/synth_1/runme.log
update_compile_order -fileset sources_1
update_compile_order -fileset sources_1
reset_run synth_1
launch_runs synth_1 -jobs 8
INFO: [Vivado 12-4149] The synthesis checkpoint for IP 'c:/Users/busra/Documents/Documenten/Leerjaar 2/Blok 7/RETROGAME_GIT/RetroGame-FPGA/Snowshot.srcs/sources_1/ip/blk_mem_logo/blk_mem_logo.xci' is already up-to-date
INFO: [Vivado 12-4149] The synthesis checkpoint for IP 'C:/Users/busra/Documents/Documenten/Leerjaar 2/Blok 7/RETROGAME_GIT/RetroGame-FPGA/Snowshot.srcs/sources_1/ip/clk_vga/clk_vga.xci' is already up-to-date
[Wed Mar  9 16:17:41 2022] Launched synth_1...
Run output will be captured here: C:/Users/busra/Documents/Documenten/Leerjaar 2/Blok 7/RETROGAME_GIT/RetroGame-FPGA/Snowshot.runs/synth_1/runme.log
launch_runs impl_1 -to_step write_bitstream -jobs 8
INFO: [Vivado 12-4149] The synthesis checkpoint for IP 'c:/Users/busra/Documents/Documenten/Leerjaar 2/Blok 7/RETROGAME_GIT/RetroGame-FPGA/Snowshot.srcs/sources_1/ip/blk_mem_logo/blk_mem_logo.xci' is already up-to-date
INFO: [Vivado 12-4149] The synthesis checkpoint for IP 'C:/Users/busra/Documents/Documenten/Leerjaar 2/Blok 7/RETROGAME_GIT/RetroGame-FPGA/Snowshot.srcs/sources_1/ip/clk_vga/clk_vga.xci' is already up-to-date
[Wed Mar  9 16:19:38 2022] Launched impl_1...
Run output will be captured here: C:/Users/busra/Documents/Documenten/Leerjaar 2/Blok 7/RETROGAME_GIT/RetroGame-FPGA/Snowshot.runs/impl_1/runme.log
update_compile_order -fileset sources_1
reset_run synth_1
launch_runs impl_1 -to_step write_bitstream -jobs 8
INFO: [Vivado 12-4149] The synthesis checkpoint for IP 'c:/Users/busra/Documents/Documenten/Leerjaar 2/Blok 7/RETROGAME_GIT/RetroGame-FPGA/Snowshot.srcs/sources_1/ip/blk_mem_logo/blk_mem_logo.xci' is already up-to-date
INFO: [Vivado 12-4149] The synthesis checkpoint for IP 'c:/Users/busra/Documents/Documenten/Leerjaar 2/Blok 7/RETROGAME_GIT/RetroGame-FPGA/Snowshot.srcs/sources_1/ip/rom_bg/rom_bg.xci' is already up-to-date
INFO: [Vivado 12-4149] The synthesis checkpoint for IP 'C:/Users/busra/Documents/Documenten/Leerjaar 2/Blok 7/RETROGAME_GIT/RetroGame-FPGA/Snowshot.srcs/sources_1/ip/clk_vga/clk_vga.xci' is already up-to-date
[Wed Mar  9 16:24:56 2022] Launched synth_1...
Run output will be captured here: C:/Users/busra/Documents/Documenten/Leerjaar 2/Blok 7/RETROGAME_GIT/RetroGame-FPGA/Snowshot.runs/synth_1/runme.log
[Wed Mar  9 16:24:56 2022] Launched impl_1...
Run output will be captured here: C:/Users/busra/Documents/Documenten/Leerjaar 2/Blok 7/RETROGAME_GIT/RetroGame-FPGA/Snowshot.runs/impl_1/runme.log
open_hw
connect_hw_server
INFO: [Labtools 27-2285] Connecting to hw_server url TCP:localhost:3121
INFO: [Labtools 27-2222] Launching hw_server...
INFO: [Labtools 27-2221] Launch Output:

****** Xilinx hw_server v2019.1
  **** Build date : May 24 2019 at 15:13:31
    ** Copyright 1986-2019 Xilinx, Inc. All Rights Reserved.


open_hw_target
INFO: [Labtoolstcl 44-466] Opening hw_target localhost:3121/xilinx_tcf/Digilent/210183A38733A
set_property PROGRAM.FILE {C:/Users/busra/Documents/Documenten/Leerjaar 2/Blok 7/RETROGAME_GIT/RetroGame-FPGA/Snowshot.runs/impl_1/top.bit} [get_hw_devices xc7a35t_0]
current_hw_device [get_hw_devices xc7a35t_0]
refresh_hw_device -update_hw_probes false [lindex [get_hw_devices xc7a35t_0] 0]
INFO: [Labtools 27-1434] Device xc7a35t (JTAG device index = 0) is programmed with a design that has no supported debug core(s) in it.
set_property PROBES.FILE {} [get_hw_devices xc7a35t_0]
set_property FULL_PROBES.FILE {} [get_hw_devices xc7a35t_0]
set_property PROGRAM.FILE {C:/Users/busra/Documents/Documenten/Leerjaar 2/Blok 7/RETROGAME_GIT/RetroGame-FPGA/Snowshot.runs/impl_1/top.bit} [get_hw_devices xc7a35t_0]
program_hw_devices [get_hw_devices xc7a35t_0]
INFO: [Labtools 27-3164] End of startup status: HIGH
refresh_hw_device [lindex [get_hw_devices xc7a35t_0] 0]
INFO: [Labtools 27-1434] Device xc7a35t (JTAG device index = 0) is programmed with a design that has no supported debug core(s) in it.
close_hw
exit
INFO: [Common 17-206] Exiting Vivado at Wed Mar  9 16:38:38 2022...
