#-----------------------------------------------------------
# Vivado v2019.1 (64-bit)
# SW Build 2552052 on Fri May 24 14:49:42 MDT 2019
# IP Build 2548770 on Fri May 24 18:01:18 MDT 2019
# Start of session at: Tue Mar  8 13:51:38 2022
# Process ID: 3508
# Current directory: C:/Users/busra/Documents/Documenten/Leerjaar 2/Blok 7/RETROGAME_GIT/RetroGame-FPGA
# Command line: vivado.exe -gui_launcher_event rodinguilauncherevent4724 C:\Users\busra\Documents\Documenten\Leerjaar 2\Blok 7\RETROGAME_GIT\RetroGame-FPGA\Snowshot.xpr
# Log file: C:/Users/busra/Documents/Documenten/Leerjaar 2/Blok 7/RETROGAME_GIT/RetroGame-FPGA/vivado.log
# Journal file: C:/Users/busra/Documents/Documenten/Leerjaar 2/Blok 7/RETROGAME_GIT/RetroGame-FPGA\vivado.jou
#-----------------------------------------------------------
start_gui
open_project {C:/Users/busra/Documents/Documenten/Leerjaar 2/Blok 7/RETROGAME_GIT/RetroGame-FPGA/Snowshot.xpr}
INFO: [ProjectBase 1-489] The host OS only allows 260 characters in a normal path. The project is stored in a path with more than 80 characters. If you experience issues with IP, Block Designs, or files not being found, please consider moving the project to a location with a shorter path. Alternately consider using the OS subst command to map part of the path to a drive letter.
Current project path is 'C:/Users/busra/Documents/Documenten/Leerjaar 2/Blok 7/RETROGAME_GIT/RetroGame-FPGA'
INFO: [Project 1-313] Project file moved from 'C:/Xilinx/Projects/RetroGame-FPGA/RetroGame-FPGA' since last save.
Scanning sources...
Finished scanning sources
ERROR: [Project 1-510] Parsing generated run data failed
exit
INFO: [Common 17-206] Exiting Vivado at Tue Mar  8 13:52:05 2022...
