#-----------------------------------------------------------
# Vivado v2019.1 (64-bit)
# SW Build 2552052 on Fri May 24 14:49:42 MDT 2019
# IP Build 2548770 on Fri May 24 18:01:18 MDT 2019
# Start of session at: Tue Mar  8 13:56:08 2022
# Process ID: 23028
# Current directory: C:/Users/busra/Documents/Documenten/Leerjaar 2/Blok 7/RETROGAME_GIT/RetroGame-FPGA
# Command line: vivado.exe -gui_launcher_event rodinguilauncherevent21756 C:\Users\busra\Documents\Documenten\Leerjaar 2\Blok 7\RETROGAME_GIT\RetroGame-FPGA\Snowshot.xpr
# Log file: C:/Users/busra/Documents/Documenten/Leerjaar 2/Blok 7/RETROGAME_GIT/RetroGame-FPGA/vivado.log
# Journal file: C:/Users/busra/Documents/Documenten/Leerjaar 2/Blok 7/RETROGAME_GIT/RetroGame-FPGA\vivado.jou
#-----------------------------------------------------------
start_gui
open_project {C:/Users/busra/Documents/Documenten/Leerjaar 2/Blok 7/RETROGAME_GIT/RetroGame-FPGA/Snowshot.xpr}
INFO: [ProjectBase 1-489] The host OS only allows 260 characters in a normal path. The project is stored in a path with more than 80 characters. If you experience issues with IP, Block Designs, or files not being found, please consider moving the project to a location with a shorter path. Alternately consider using the OS subst command to map part of the path to a drive letter.
Current project path is 'C:/Users/busra/Documents/Documenten/Leerjaar 2/Blok 7/RETROGAME_GIT/RetroGame-FPGA'
INFO: [Project 1-313] Project file moved from 'C:/Xilinx/Projects/RetroGame-FPGA/RetroGame-FPGA' since last save.
Scanning sources...
Finished scanning sources
WARNING: [Project 1-509] GeneratedRun file for 'synth_1' exit
INFO: [Common 17-206] Exiting Vivado at Tue Mar  8 13:56:50 2022...
 not found
WARNING: [Project 1-509] GeneratedRun file for 'impl_1' not found
INFO: [IP_Flow 19-234] Refreshing IP repositories
INFO: [IP_Flow 19-1704] No user IP repositories specified
INFO: [IP_Flow 19-2313] Loaded Vivado IP repository 'C:/Xilinx/Vivado/2019.1/data/ip'.
open_project: Time (s): cpu = 00:00:20 ; elapsed = 00:00:07 . Memory (MB): peak = 747.480 ; gain = 81.113
update_compile_order -fileset sources_1
close [ open {C:/Users/busra/Documents/Documenten/Leerjaar 2/Blok 7/RETROGAME_GIT/RetroGame-FPGA/Snowshot.srcs/sources_1/new/romSprite.vhd} w ]
add_files {{C:/Users/busra/Documents/Documenten/Leerjaar 2/Blok 7/RETROGAME_GIT/RetroGame-FPGA/Snowshot.srcs/sources_1/new/romSprite.vhd}}
update_compile_order -fileset sources_1
close [ open {C:/Users/busra/Documents/Documenten/Leerjaar 2/Blok 7/RETROGAME_GIT/RetroGame-FPGA/Snowshot.srcs/sources_1/new/temp.VHD} w ]
add_files {{C:/Users/busra/Documents/Documenten/Leerjaar 2/Blok 7/RETROGAME_GIT/RetroGame-FPGA/Snowshot.srcs/sources_1/new/temp.VHD}}
update_compile_order -fileset sources_1
close [ open {C:/Users/busra/Documents/Documenten/Leerjaar 2/Blok 7/RETROGAME_GIT/RetroGame-FPGA/Snowshot.srcs/sources_1/new/rom_audio.vhd} w ]
add_files {{C:/Users/busra/Documents/Documenten/Leerjaar 2/Blok 7/RETROGAME_GIT/RetroGame-FPGA/Snowshot.srcs/sources_1/new/rom_audio.vhd}}
update_compile_order -fileset sources_1
WARNING: [IP_Flow 19-4067] Ignoring invalid widget type specified checkbox.Providing a default widget
WARNING: [IP_Flow 19-4067] Ignoring invalid widget type specified checkbox.Providing a default widget
add_files -norecurse -scan_for_includes {{C:/Users/busra/Documents/Documenten/Leerjaar 2/Blok 7/RETROGAME_GIT/RetroGame-FPGA/Snowshot.srcs/sources_1/new/rom_sprites.vhd} {C:/Users/busra/Documents/Documenten/Leerjaar 2/Blok 7/RETROGAME_GIT/RetroGame-FPGA/Snowshot.srcs/sources_1/new/rom_sprites_mux.vhd}}
update_compile_order -fileset sources_1
export_ip_user_files -of_objects  [get_files {{C:/Users/busra/Documents/Documenten/Leerjaar 2/Blok 7/RETROGAME_GIT/RetroGame-FPGA/Snowshot.srcs/sources_1/new/romSprite.vhd}}] -no_script -reset -force -quiet
remove_files  {{C:/Users/busra/Documents/Documenten/Leerjaar 2/Blok 7/RETROGAME_GIT/RetroGame-FPGA/Snowshot.srcs/sources_1/new/romSprite.vhd}}
export_ip_user_files -of_objects  [get_files {{C:/Users/busra/Documents/Documenten/Leerjaar 2/Blok 7/RETROGAME_GIT/RetroGame-FPGA/Snowshot.srcs/sources_1/new/rom.vhd}}] -no_script -reset -force -quiet
remove_files  {{C:/Users/busra/Documents/Documenten/Leerjaar 2/Blok 7/RETROGAME_GIT/RetroGame-FPGA/Snowshot.srcs/sources_1/new/rom.vhd}}
update_compile_order -fileset sources_1
update_compile_order -fileset sources_1
WARNING: [IP_Flow 19-4067] Ignoring invalid widget type specified checkbox.Providing a default widget
WARNING: [IP_Flow 19-4067] Ignoring invalid widget type specified checkbox.Providing a default widget
INFO: [IP_Flow 19-3484] Absolute path of file 'c:/Users/busra/Documents/MATLAB/player1.coe' provided. It will be converted relative to IP Instance files '../../../../../../../../../MATLAB/player1.coe'
create_ip -name blk_mem_gen -vendor xilinx.com -library ip -version 8.4 -module_name blk_mem_player1 -dir {c:/Users/busra/Documents/Documenten/Leerjaar 2/Blok 7/RETROGAME_GIT/RetroGame-FPGA/Snowshot.srcs/sources_1/ip}
set_property -dict [list CONFIG.Component_Name {blk_mem_player1} CONFIG.Memory_Type {Single_Port_ROM} CONFIG.Write_Width_A {12} CONFIG.Write_Depth_A {3364} CONFIG.Read_Width_A {12} CONFIG.Write_Width_B {12} CONFIG.Read_Width_B {12} CONFIG.Register_PortA_Output_of_Memory_Primitives {false} CONFIG.Load_Init_File {true} CONFIG.Coe_File {C:/Users/busra/Documents/MATLAB/player1.coe} CONFIG.Port_A_Write_Rate {0}] [get_ips blk_mem_player1]
WARNING: [Vivado 12-3523] Attempt to change 'Component_Name' from 'blk_mem_player1' to 'blk_mem_player1' is not allowed and is ignored.
INFO: [IP_Flow 19-3484] Absolute path of file 'c:/Users/busra/Documents/MATLAB/player1.coe' provided. It will be converted relative to IP Instance files '../../../../../../../../../MATLAB/player1.coe'
generate_target {instantiation_template} [get_files {{c:/Users/busra/Documents/Documenten/Leerjaar 2/Blok 7/RETROGAME_GIT/RetroGame-FPGA/Snowshot.srcs/sources_1/ip/blk_mem_player1/blk_mem_player1.xci}}]
INFO: [IP_Flow 19-1686] Generating 'Instantiation Template' target for IP 'blk_mem_player1'...
generate_target all [get_files  {{c:/Users/busra/Documents/Documenten/Leerjaar 2/Blok 7/RETROGAME_GIT/RetroGame-FPGA/Snowshot.srcs/sources_1/ip/blk_mem_player1/blk_mem_player1.xci}}]
INFO: [IP_Flow 19-1686] Generating 'Synthesis' target for IP 'blk_mem_player1'...
INFO: [IP_Flow 19-1686] Generating 'Simulation' target for IP 'blk_mem_player1'...
INFO: [IP_Flow 19-1686] Generating 'Miscellaneous' target for IP 'blk_mem_player1'...
INFO: [IP_Flow 19-1686] Generating 'Change Log' target for IP 'blk_mem_player1'...
catch { config_ip_cache -export [get_ips -all blk_mem_player1] }
export_ip_user_files -of_objects [get_files {{c:/Users/busra/Documents/Documenten/Leerjaar 2/Blok 7/RETROGAME_GIT/RetroGame-FPGA/Snowshot.srcs/sources_1/ip/blk_mem_player1/blk_mem_player1.xci}}] -no_script -sync -force -quiet
create_ip_run [get_files -of_objects [get_fileset sources_1] {{c:/Users/busra/Documents/Documenten/Leerjaar 2/Blok 7/RETROGAME_GIT/RetroGame-FPGA/Snowshot.srcs/sources_1/ip/blk_mem_player1/blk_mem_player1.xci}}]
launch_runs -jobs 8 blk_mem_player1_synth_1
[Tue Mar  8 14:17:58 2022] Launched blk_mem_player1_synth_1...
Run output will be captured here: C:/Users/busra/Documents/Documenten/Leerjaar 2/Blok 7/RETROGAME_GIT/RetroGame-FPGA/Snowshot.runs/blk_mem_player1_synth_1/runme.log
export_simulation -of_objects [get_files {{c:/Users/busra/Documents/Documenten/Leerjaar 2/Blok 7/RETROGAME_GIT/RetroGame-FPGA/Snowshot.srcs/sources_1/ip/blk_mem_player1/blk_mem_player1.xci}}] -directory {C:/Users/busra/Documents/Documenten/Leerjaar 2/Blok 7/RETROGAME_GIT/RetroGame-FPGA/Snowshot.ip_user_files/sim_scripts} -ip_user_files_dir {C:/Users/busra/Documents/Documenten/Leerjaar 2/Blok 7/RETROGAME_GIT/RetroGame-FPGA/Snowshot.ip_user_files} -ipstatic_source_dir {C:/Users/busra/Documents/Documenten/Leerjaar 2/Blok 7/RETROGAME_GIT/RetroGame-FPGA/Snowshot.ip_user_files/ipstatic} -lib_map_path [list {modelsim=C:/Users/busra/Documents/Documenten/Leerjaar 2/Blok 7/RETROGAME_GIT/RetroGame-FPGA/Snowshot.cache/compile_simlib/modelsim} {questa=C:/Users/busra/Documents/Documenten/Leerjaar 2/Blok 7/RETROGAME_GIT/RetroGame-FPGA/Snowshot.cache/compile_simlib/questa} {riviera=C:/Users/busra/Documents/Documenten/Leerjaar 2/Blok 7/RETROGAME_GIT/RetroGame-FPGA/Snowshot.cache/compile_simlib/riviera} {activehdl=C:/Users/busra/Documents/Documenten/Leerjaar 2/Blok 7/RETROGAME_GIT/RetroGame-FPGA/Snowshot.cache/compile_simlib/activehdl}] -use_ip_compiled_libs -force -quiet
WARNING: [IP_Flow 19-4067] Ignoring invalid widget type specified checkbox.Providing a default widget
WARNING: [IP_Flow 19-4067] Ignoring invalid widget type specified checkbox.Providing a default widget
INFO: [IP_Flow 19-3484] Absolute path of file 'c:/Users/busra/Documents/MATLAB/player2.coe' provided. It will be converted relative to IP Instance files '../../../../../../../../../MATLAB/player2.coe'
create_ip -name blk_mem_gen -vendor xilinx.com -library ip -version 8.4 -module_name blk_mem_player2 -dir {c:/Users/busra/Documents/Documenten/Leerjaar 2/Blok 7/RETROGAME_GIT/RetroGame-FPGA/Snowshot.srcs/sources_1/ip}
set_property -dict [list CONFIG.Component_Name {blk_mem_player2} CONFIG.Memory_Type {Single_Port_ROM} CONFIG.Write_Width_A {12} CONFIG.Write_Depth_A {3364} CONFIG.Read_Width_A {12} CONFIG.Write_Width_B {12} CONFIG.Read_Width_B {12} CONFIG.Register_PortA_Output_of_Memory_Primitives {false} CONFIG.Load_Init_File {true} CONFIG.Coe_File {C:/Users/busra/Documents/MATLAB/player2.coe} CONFIG.Port_A_Write_Rate {0}] [get_ips blk_mem_player2]
WARNING: [Vivado 12-3523] Attempt to change 'Component_Name' from 'blk_mem_player2' to 'blk_mem_player2' is not allowed and is ignored.
INFO: [IP_Flow 19-3484] Absolute path of file 'c:/Users/busra/Documents/MATLAB/player2.coe' provided. It will be converted relative to IP Instance files '../../../../../../../../../MATLAB/player2.coe'
generate_target {instantiation_template} [get_files {{c:/Users/busra/Documents/Documenten/Leerjaar 2/Blok 7/RETROGAME_GIT/RetroGame-FPGA/Snowshot.srcs/sources_1/ip/blk_mem_player2/blk_mem_player2.xci}}]
INFO: [IP_Flow 19-1686] Generating 'Instantiation Template' target for IP 'blk_mem_player2'...
update_compile_order -fileset sources_1
generate_target all [get_files  {{c:/Users/busra/Documents/Documenten/Leerjaar 2/Blok 7/RETROGAME_GIT/RetroGame-FPGA/Snowshot.srcs/sources_1/ip/blk_mem_player2/blk_mem_player2.xci}}]
INFO: [IP_Flow 19-1686] Generating 'Synthesis' target for IP 'blk_mem_player2'...
INFO: [IP_Flow 19-1686] Generating 'Simulation' target for IP 'blk_mem_player2'...
INFO: [IP_Flow 19-1686] Generating 'Miscellaneous' target for IP 'blk_mem_player2'...
INFO: [IP_Flow 19-1686] Generating 'Change Log' target for IP 'blk_mem_player2'...
catch { config_ip_cache -export [get_ips -all blk_mem_player2] }
export_ip_user_files -of_objects [get_files {{c:/Users/busra/Documents/Documenten/Leerjaar 2/Blok 7/RETROGAME_GIT/RetroGame-FPGA/Snowshot.srcs/sources_1/ip/blk_mem_player2/blk_mem_player2.xci}}] -no_script -sync -force -quiet
create_ip_run [get_files -of_objects [get_fileset sources_1] {{c:/Users/busra/Documents/Documenten/Leerjaar 2/Blok 7/RETROGAME_GIT/RetroGame-FPGA/Snowshot.srcs/sources_1/ip/blk_mem_player2/blk_mem_player2.xci}}]
launch_runs -jobs 8 blk_mem_player2_synth_1
[Tue Mar  8 14:19:31 2022] Launched blk_mem_player2_synth_1...
Run output will be captured here: C:/Users/busra/Documents/Documenten/Leerjaar 2/Blok 7/RETROGAME_GIT/RetroGame-FPGA/Snowshot.runs/blk_mem_player2_synth_1/runme.log
export_simulation -of_objects [get_files {{c:/Users/busra/Documents/Documenten/Leerjaar 2/Blok 7/RETROGAME_GIT/RetroGame-FPGA/Snowshot.srcs/sources_1/ip/blk_mem_player2/blk_mem_player2.xci}}] -directory {C:/Users/busra/Documents/Documenten/Leerjaar 2/Blok 7/RETROGAME_GIT/RetroGame-FPGA/Snowshot.ip_user_files/sim_scripts} -ip_user_files_dir {C:/Users/busra/Documents/Documenten/Leerjaar 2/Blok 7/RETROGAME_GIT/RetroGame-FPGA/Snowshot.ip_user_files} -ipstatic_source_dir {C:/Users/busra/Documents/Documenten/Leerjaar 2/Blok 7/RETROGAME_GIT/RetroGame-FPGA/Snowshot.ip_user_files/ipstatic} -lib_map_path [list {modelsim=C:/Users/busra/Documents/Documenten/Leerjaar 2/Blok 7/RETROGAME_GIT/RetroGame-FPGA/Snowshot.cache/compile_simlib/modelsim} {questa=C:/Users/busra/Documents/Documenten/Leerjaar 2/Blok 7/RETROGAME_GIT/RetroGame-FPGA/Snowshot.cache/compile_simlib/questa} {riviera=C:/Users/busra/Documents/Documenten/Leerjaar 2/Blok 7/RETROGAME_GIT/RetroGame-FPGA/Snowshot.cache/compile_simlib/riviera} {activehdl=C:/Users/busra/Documents/Documenten/Leerjaar 2/Blok 7/RETROGAME_GIT/RetroGame-FPGA/Snowshot.cache/compile_simlib/activehdl}] -use_ip_compiled_libs -force -quiet
WARNING: [IP_Flow 19-4067] Ignoring invalid widget type specified checkbox.Providing a default widget
WARNING: [IP_Flow 19-4067] Ignoring invalid widget type specified checkbox.Providing a default widget
INFO: [IP_Flow 19-3484] Absolute path of file 'c:/Users/busra/Documents/MATLAB/logoSnowshot.coe' provided. It will be converted relative to IP Instance files '../../../../../../../../../MATLAB/logoSnowshot.coe'
create_ip -name blk_mem_gen -vendor xilinx.com -library ip -version 8.4 -module_name blk_mem_logo -dir {c:/Users/busra/Documents/Documenten/Leerjaar 2/Blok 7/RETROGAME_GIT/RetroGame-FPGA/Snowshot.srcs/sources_1/ip}
set_property -dict [list CONFIG.Component_Name {blk_mem_logo} CONFIG.Memory_Type {Single_Port_ROM} CONFIG.Write_Width_A {12} CONFIG.Write_Depth_A {17200} CONFIG.Read_Width_A {12} CONFIG.Write_Width_B {12} CONFIG.Read_Width_B {12} CONFIG.Register_PortA_Output_of_Memory_Primitives {false} CONFIG.Load_Init_File {true} CONFIG.Coe_File {C:/Users/busra/Documents/MATLAB/logoSnowshot.coe} CONFIG.Port_A_Write_Rate {0}] [get_ips blk_mem_logo]
WARNING: [Vivado 12-3523] Attempt to change 'Component_Name' from 'blk_mem_logo' to 'blk_mem_logo' is not allowed and is ignored.
INFO: [IP_Flow 19-3484] Absolute path of file 'c:/Users/busra/Documents/MATLAB/logoSnowshot.coe' provided. It will be converted relative to IP Instance files '../../../../../../../../../MATLAB/logoSnowshot.coe'
generate_target {instantiation_template} [get_files {{c:/Users/busra/Documents/Documenten/Leerjaar 2/Blok 7/RETROGAME_GIT/RetroGame-FPGA/Snowshot.srcs/sources_1/ip/blk_mem_logo/blk_mem_logo.xci}}]
INFO: [IP_Flow 19-1686] Generating 'Instantiation Template' target for IP 'blk_mem_logo'...
generate_target all [get_files  {{c:/Users/busra/Documents/Documenten/Leerjaar 2/Blok 7/RETROGAME_GIT/RetroGame-FPGA/Snowshot.srcs/sources_1/ip/blk_mem_logo/blk_mem_logo.xci}}]
INFO: [IP_Flow 19-1686] Generating 'Synthesis' target for IP 'blk_mem_logo'...
INFO: [IP_Flow 19-1686] Generating 'Simulation' target for IP 'blk_mem_logo'...
INFO: [IP_Flow 19-1686] Generating 'Miscellaneous' target for IP 'blk_mem_logo'...
INFO: [IP_Flow 19-1686] Generating 'Change Log' target for IP 'blk_mem_logo'...
catch { config_ip_cache -export [get_ips -all blk_mem_logo] }
export_ip_user_files -of_objects [get_files {{c:/Users/busra/Documents/Documenten/Leerjaar 2/Blok 7/RETROGAME_GIT/RetroGame-FPGA/Snowshot.srcs/sources_1/ip/blk_mem_logo/blk_mem_logo.xci}}] -no_script -sync -force -quiet
create_ip_run [get_files -of_objects [get_fileset sources_1] {{c:/Users/busra/Documents/Documenten/Leerjaar 2/Blok 7/RETROGAME_GIT/RetroGame-FPGA/Snowshot.srcs/sources_1/ip/blk_mem_logo/blk_mem_logo.xci}}]
launch_runs -jobs 8 blk_mem_logo_synth_1
[Tue Mar  8 14:27:06 2022] Launched blk_mem_logo_synth_1...
Run output will be captured here: C:/Users/busra/Documents/Documenten/Leerjaar 2/Blok 7/RETROGAME_GIT/RetroGame-FPGA/Snowshot.runs/blk_mem_logo_synth_1/runme.log
export_simulation -of_objects [get_files {{c:/Users/busra/Documents/Documenten/Leerjaar 2/Blok 7/RETROGAME_GIT/RetroGame-FPGA/Snowshot.srcs/sources_1/ip/blk_mem_logo/blk_mem_logo.xci}}] -directory {C:/Users/busra/Documents/Documenten/Leerjaar 2/Blok 7/RETROGAME_GIT/RetroGame-FPGA/Snowshot.ip_user_files/sim_scripts} -ip_user_files_dir {C:/Users/busra/Documents/Documenten/Leerjaar 2/Blok 7/RETROGAME_GIT/RetroGame-FPGA/Snowshot.ip_user_files} -ipstatic_source_dir {C:/Users/busra/Documents/Documenten/Leerjaar 2/Blok 7/RETROGAME_GIT/RetroGame-FPGA/Snowshot.ip_user_files/ipstatic} -lib_map_path [list {modelsim=C:/Users/busra/Documents/Documenten/Leerjaar 2/Blok 7/RETROGAME_GIT/RetroGame-FPGA/Snowshot.cache/compile_simlib/modelsim} {questa=C:/Users/busra/Documents/Documenten/Leerjaar 2/Blok 7/RETROGAME_GIT/RetroGame-FPGA/Snowshot.cache/compile_simlib/questa} {riviera=C:/Users/busra/Documents/Documenten/Leerjaar 2/Blok 7/RETROGAME_GIT/RetroGame-FPGA/Snowshot.cache/compile_simlib/riviera} {activehdl=C:/Users/busra/Documents/Documenten/Leerjaar 2/Blok 7/RETROGAME_GIT/RetroGame-FPGA/Snowshot.cache/compile_simlib/activehdl}] -use_ip_compiled_libs -force -quiet
update_compile_order -fileset sources_1
update_compile_order -fileset sources_1
update_compile_order -fileset sources_1
update_compile_order -fileset sources_1
update_compile_order -fileset sources_1
WARNING: [IP_Flow 19-4067] Ignoring invalid widget type specified checkbox.Providing a default widget
WARNING: [IP_Flow 19-4067] Ignoring invalid widget type specified checkbox.Providing a default widget
INFO: [IP_Flow 19-3484] Absolute path of file 'c:/Users/busra/Documents/MATLAB/snowball_new.coe' provided. It will be converted relative to IP Instance files '../../../../../../../../../MATLAB/snowball_new.coe'
create_ip -name blk_mem_gen -vendor xilinx.com -library ip -version 8.4 -module_name blk_mem_snowball -dir {c:/Users/busra/Documents/Documenten/Leerjaar 2/Blok 7/RETROGAME_GIT/RetroGame-FPGA/Snowshot.srcs/sources_1/ip}
set_property -dict [list CONFIG.Component_Name {blk_mem_snowball} CONFIG.Memory_Type {Single_Port_ROM} CONFIG.Write_Width_A {12} CONFIG.Write_Depth_A {1296} CONFIG.Read_Width_A {12} CONFIG.Write_Width_B {12} CONFIG.Read_Width_B {12} CONFIG.Register_PortA_Output_of_Memory_Primitives {false} CONFIG.Load_Init_File {true} CONFIG.Coe_File {C:/Users/busra/Documents/MATLAB/snowball_new.coe} CONFIG.Port_A_Write_Rate {0}] [get_ips blk_mem_snowball]
WARNING: [Vivado 12-3523] Attempt to change 'Component_Name' from 'blk_mem_snowball' to 'blk_mem_snowball' is not allowed and is ignored.
INFO: [IP_Flow 19-3484] Absolute path of file 'c:/Users/busra/Documents/MATLAB/snowball_new.coe' provided. It will be converted relative to IP Instance files '../../../../../../../../../MATLAB/snowball_new.coe'
generate_target {instantiation_template} [get_files {{c:/Users/busra/Documents/Documenten/Leerjaar 2/Blok 7/RETROGAME_GIT/RetroGame-FPGA/Snowshot.srcs/sources_1/ip/blk_mem_snowball/blk_mem_snowball.xci}}]
INFO: [IP_Flow 19-1686] Generating 'Instantiation Template' target for IP 'blk_mem_snowball'...
generate_target all [get_files  {{c:/Users/busra/Documents/Documenten/Leerjaar 2/Blok 7/RETROGAME_GIT/RetroGame-FPGA/Snowshot.srcs/sources_1/ip/blk_mem_snowball/blk_mem_snowball.xci}}]
INFO: [IP_Flow 19-1686] Generating 'Synthesis' target for IP 'blk_mem_snowball'...
INFO: [IP_Flow 19-1686] Generating 'Simulation' target for IP 'blk_mem_snowball'...
INFO: [IP_Flow 19-1686] Generating 'Miscellaneous' target for IP 'blk_mem_snowball'...
INFO: [IP_Flow 19-1686] Generating 'Change Log' target for IP 'blk_mem_snowball'...
catch { config_ip_cache -export [get_ips -all blk_mem_snowball] }
export_ip_user_files -of_objects [get_files {{c:/Users/busra/Documents/Documenten/Leerjaar 2/Blok 7/RETROGAME_GIT/RetroGame-FPGA/Snowshot.srcs/sources_1/ip/blk_mem_snowball/blk_mem_snowball.xci}}] -no_script -sync -force -quiet
create_ip_run [get_files -of_objects [get_fileset sources_1] {{c:/Users/busra/Documents/Documenten/Leerjaar 2/Blok 7/RETROGAME_GIT/RetroGame-FPGA/Snowshot.srcs/sources_1/ip/blk_mem_snowball/blk_mem_snowball.xci}}]
launch_runs -jobs 8 blk_mem_snowball_synth_1
[Tue Mar  8 14:39:35 2022] Launched blk_mem_snowball_synth_1...
Run output will be captured here: C:/Users/busra/Documents/Documenten/Leerjaar 2/Blok 7/RETROGAME_GIT/RetroGame-FPGA/Snowshot.runs/blk_mem_snowball_synth_1/runme.log
export_simulation -of_objects [get_files {{c:/Users/busra/Documents/Documenten/Leerjaar 2/Blok 7/RETROGAME_GIT/RetroGame-FPGA/Snowshot.srcs/sources_1/ip/blk_mem_snowball/blk_mem_snowball.xci}}] -directory {C:/Users/busra/Documents/Documenten/Leerjaar 2/Blok 7/RETROGAME_GIT/RetroGame-FPGA/Snowshot.ip_user_files/sim_scripts} -ip_user_files_dir {C:/Users/busra/Documents/Documenten/Leerjaar 2/Blok 7/RETROGAME_GIT/RetroGame-FPGA/Snowshot.ip_user_files} -ipstatic_source_dir {C:/Users/busra/Documents/Documenten/Leerjaar 2/Blok 7/RETROGAME_GIT/RetroGame-FPGA/Snowshot.ip_user_files/ipstatic} -lib_map_path [list {modelsim=C:/Users/busra/Documents/Documenten/Leerjaar 2/Blok 7/RETROGAME_GIT/RetroGame-FPGA/Snowshot.cache/compile_simlib/modelsim} {questa=C:/Users/busra/Documents/Documenten/Leerjaar 2/Blok 7/RETROGAME_GIT/RetroGame-FPGA/Snowshot.cache/compile_simlib/questa} {riviera=C:/Users/busra/Documents/Documenten/Leerjaar 2/Blok 7/RETROGAME_GIT/RetroGame-FPGA/Snowshot.cache/compile_simlib/riviera} {activehdl=C:/Users/busra/Documents/Documenten/Leerjaar 2/Blok 7/RETROGAME_GIT/RetroGame-FPGA/Snowshot.cache/compile_simlib/activehdl}] -use_ip_compiled_libs -force -quiet
launch_runs synth_1 -jobs 8
INFO: [Vivado 12-4149] The synthesis checkpoint for IP 'C:/Users/busra/Documents/Documenten/Leerjaar 2/Blok 7/RETROGAME_GIT/RetroGame-FPGA/Snowshot.srcs/sources_1/ip/clk_vga/clk_vga.xci' is already up-to-date
INFO: [IP_Flow 19-1686] Generating 'Synthesis' target for IP 'rom_bg'...
[Tue Mar  8 15:01:56 2022] Launched rom_bg_synth_1...
Run output will be captured here: C:/Users/busra/Documents/Documenten/Leerjaar 2/Blok 7/RETROGAME_GIT/RetroGame-FPGA/Snowshot.runs/rom_bg_synth_1/runme.log
[Tue Mar  8 15:01:57 2022] Launched synth_1...
Run output will be captured here: C:/Users/busra/Documents/Documenten/Leerjaar 2/Blok 7/RETROGAME_GIT/RetroGame-FPGA/Snowshot.runs/synth_1/runme.log
reset_run synth_1
launch_runs synth_1 -jobs 8
INFO: [Vivado 12-4149] The synthesis checkpoint for IP 'C:/Users/busra/Documents/Documenten/Leerjaar 2/Blok 7/RETROGAME_GIT/RetroGame-FPGA/Snowshot.srcs/sources_1/ip/clk_vga/clk_vga.xci' is already up-to-date
[Tue Mar  8 15:04:08 2022] Launched synth_1...
Run output will be captured here: C:/Users/busra/Documents/Documenten/Leerjaar 2/Blok 7/RETROGAME_GIT/RetroGame-FPGA/Snowshot.runs/synth_1/runme.log
update_compile_order -fileset sources_1
update_compile_order -fileset sources_1
update_compile_order -fileset sources_1
reset_run synth_1
launch_runs synth_1 -jobs 8
INFO: [Vivado 12-4149] The synthesis checkpoint for IP 'C:/Users/busra/Documents/Documenten/Leerjaar 2/Blok 7/RETROGAME_GIT/RetroGame-FPGA/Snowshot.srcs/sources_1/ip/clk_vga/clk_vga.xci' is already up-to-date
[Tue Mar  8 15:08:30 2022] Launched synth_1...
Run output will be captured here: C:/Users/busra/Documents/Documenten/Leerjaar 2/Blok 7/RETROGAME_GIT/RetroGame-FPGA/Snowshot.runs/synth_1/runme.log
reset_run synth_1
launch_runs synth_1 -jobs 8
INFO: [Vivado 12-4149] The synthesis checkpoint for IP 'C:/Users/busra/Documents/Documenten/Leerjaar 2/Blok 7/RETROGAME_GIT/RetroGame-FPGA/Snowshot.srcs/sources_1/ip/clk_vga/clk_vga.xci' is already up-to-date
[Tue Mar  8 15:09:58 2022] Launched synth_1...
Run output will be captured here: C:/Users/busra/Documents/Documenten/Leerjaar 2/Blok 7/RETROGAME_GIT/RetroGame-FPGA/Snowshot.runs/synth_1/runme.log
reset_run synth_1
launch_runs synth_1 -jobs 8
INFO: [Vivado 12-4149] The synthesis checkpoint for IP 'C:/Users/busra/Documents/Documenten/Leerjaar 2/Blok 7/RETROGAME_GIT/RetroGame-FPGA/Snowshot.srcs/sources_1/ip/clk_vga/clk_vga.xci' is already up-to-date
[Tue Mar  8 15:13:55 2022] Launched synth_1...
Run output will be captured here: C:/Users/busra/Documents/Documenten/Leerjaar 2/Blok 7/RETROGAME_GIT/RetroGame-FPGA/Snowshot.runs/synth_1/runme.log
open_run synth_1 -name synth_1
Design is defaulting to impl run constrset: constrs_1
Design is defaulting to synth run part: xc7a35tcpg236-1
INFO: [Device 21-403] Loading part xc7a35tcpg236-1
INFO: [Project 1-454] Reading design checkpoint 'c:/Users/busra/Documents/Documenten/Leerjaar 2/Blok 7/RETROGAME_GIT/RetroGame-FPGA/Snowshot.srcs/sources_1/ip/clk_vga/clk_vga.dcp' for cell 'X0'
INFO: [Project 1-454] Reading design checkpoint 'c:/Users/busra/Documents/Documenten/Leerjaar 2/Blok 7/RETROGAME_GIT/RetroGame-FPGA/Snowshot.srcs/sources_1/ip/rom_bg/rom_bg.dcp' for cell 'X1/B0'
INFO: [Project 1-454] Reading design checkpoint 'c:/Users/busra/Documents/Documenten/Leerjaar 2/Blok 7/RETROGAME_GIT/RetroGame-FPGA/Snowshot.srcs/sources_1/ip/blk_mem_logo/blk_mem_logo.dcp' for cell 'X3/L1'
INFO: [Project 1-454] Reading design checkpoint 'c:/Users/busra/Documents/Documenten/Leerjaar 2/Blok 7/RETROGAME_GIT/RetroGame-FPGA/Snowshot.srcs/sources_1/ip/blk_mem_player1/blk_mem_player1.dcp' for cell 'X3/L2'
INFO: [Project 1-454] Reading design checkpoint 'c:/Users/busra/Documents/Documenten/Leerjaar 2/Blok 7/RETROGAME_GIT/RetroGame-FPGA/Snowshot.srcs/sources_1/ip/blk_mem_player2/blk_mem_player2.dcp' for cell 'X3/L3'
INFO: [Project 1-454] Reading design checkpoint 'c:/Users/busra/Documents/Documenten/Leerjaar 2/Blok 7/RETROGAME_GIT/RetroGame-FPGA/Snowshot.srcs/sources_1/ip/blk_mem_snowball/blk_mem_snowball.dcp' for cell 'X3/L4'
INFO: [Netlist 29-17] Analyzing 109 Unisim elements for replacement
INFO: [Netlist 29-28] Unisim Transformation completed in 0 CPU seconds
INFO: [Project 1-479] Netlist was created with Vivado 2019.1
INFO: [Project 1-570] Preparing netlist for logic optimization
Parsing XDC File [c:/Users/busra/Documents/Documenten/Leerjaar 2/Blok 7/RETROGAME_GIT/RetroGame-FPGA/Snowshot.srcs/sources_1/ip/clk_vga/clk_vga_board.xdc] for cell 'X0/inst'
Finished Parsing XDC File [c:/Users/busra/Documents/Documenten/Leerjaar 2/Blok 7/RETROGAME_GIT/RetroGame-FPGA/Snowshot.srcs/sources_1/ip/clk_vga/clk_vga_board.xdc] for cell 'X0/inst'
Parsing XDC File [c:/Users/busra/Documents/Documenten/Leerjaar 2/Blok 7/RETROGAME_GIT/RetroGame-FPGA/Snowshot.srcs/sources_1/ip/clk_vga/clk_vga.xdc] for cell 'X0/inst'
INFO: [Timing 38-35] Done setting XDC timing constraints. [c:/Users/busra/Documents/Documenten/Leerjaar 2/Blok 7/RETROGAME_GIT/RetroGame-FPGA/Snowshot.srcs/sources_1/ip/clk_vga/clk_vga.xdc:57]
INFO: [Timing 38-2] Deriving generated clocks [c:/Users/busra/Documents/Documenten/Leerjaar 2/Blok 7/RETROGAME_GIT/RetroGame-FPGA/Snowshot.srcs/sources_1/ip/clk_vga/clk_vga.xdc:57]
get_clocks: Time (s): cpu = 00:00:13 ; elapsed = 00:00:13 . Memory (MB): peak = 1828.270 ; gain = 513.602
Finished Parsing XDC File [c:/Users/busra/Documents/Documenten/Leerjaar 2/Blok 7/RETROGAME_GIT/RetroGame-FPGA/Snowshot.srcs/sources_1/ip/clk_vga/clk_vga.xdc] for cell 'X0/inst'
Parsing XDC File [C:/Users/busra/Documents/Documenten/Leerjaar 2/Blok 7/RETROGAME_GIT/RetroGame-FPGA/Snowshot.srcs/constrs_1/new/cnst.xdc]
WARNING: [Vivado 12-584] No ports matched 'spi_test'. [C:/Users/busra/Documents/Documenten/Leerjaar 2/Blok 7/RETROGAME_GIT/RetroGame-FPGA/Snowshot.srcs/constrs_1/new/cnst.xdc:42]
CRITICAL WARNING: [Common 17-55] 'set_property' expects at least one object. [C:/Users/busra/Documents/Documenten/Leerjaar 2/Blok 7/RETROGAME_GIT/RetroGame-FPGA/Snowshot.srcs/constrs_1/new/cnst.xdc:42]
Resolution: If [get_<value>] was used to populate the object, check to make sure this command returns at least one valid object.
WARNING: [Vivado 12-584] No ports matched 'spi_test'. [C:/Users/busra/Documents/Documenten/Leerjaar 2/Blok 7/RETROGAME_GIT/RetroGame-FPGA/Snowshot.srcs/constrs_1/new/cnst.xdc:43]
CRITICAL WARNING: [Common 17-55] 'set_property' expects at least one object. [C:/Users/busra/Documents/Documenten/Leerjaar 2/Blok 7/RETROGAME_GIT/RetroGame-FPGA/Snowshot.srcs/constrs_1/new/cnst.xdc:43]
Resolution: If [get_<value>] was used to populate the object, check to make sure this command returns at least one valid object.
WARNING: [Vivado 12-584] No ports matched 'player_x[0]'. [C:/Users/busra/Documents/Documenten/Leerjaar 2/Blok 7/RETROGAME_GIT/RetroGame-FPGA/Snowshot.srcs/constrs_1/new/cnst.xdc:45]
CRITICAL WARNING: [Common 17-55] 'set_property' expects at least one object. [C:/Users/busra/Documents/Documenten/Leerjaar 2/Blok 7/RETROGAME_GIT/RetroGame-FPGA/Snowshot.srcs/constrs_1/new/cnst.xdc:45]
Resolution: If [get_<value>] was used to populate the object, check to make sure this command returns at least one valid object.
WARNING: [Vivado 12-584] No ports matched 'player_x[1]'. [C:/Users/busra/Documents/Documenten/Leerjaar 2/Blok 7/RETROGAME_GIT/RetroGame-FPGA/Snowshot.srcs/constrs_1/new/cnst.xdc:46]
CRITICAL WARNING: [Common 17-55] 'set_property' expects at least one object. [C:/Users/busra/Documents/Documenten/Leerjaar 2/Blok 7/RETROGAME_GIT/RetroGame-FPGA/Snowshot.srcs/constrs_1/new/cnst.xdc:46]
Resolution: If [get_<value>] was used to populate the object, check to make sure this command returns at least one valid object.
WARNING: [Vivado 12-584] No ports matched 'player_x[2]'. [C:/Users/busra/Documents/Documenten/Leerjaar 2/Blok 7/RETROGAME_GIT/RetroGame-FPGA/Snowshot.srcs/constrs_1/new/cnst.xdc:47]
CRITICAL WARNING: [Common 17-55] 'set_property' expects at least one object. [C:/Users/busra/Documents/Documenten/Leerjaar 2/Blok 7/RETROGAME_GIT/RetroGame-FPGA/Snowshot.srcs/constrs_1/new/cnst.xdc:47]
Resolution: If [get_<value>] was used to populate the object, check to make sure this command returns at least one valid object.
WARNING: [Vivado 12-584] No ports matched 'player_x[3]'. [C:/Users/busra/Documents/Documenten/Leerjaar 2/Blok 7/RETROGAME_GIT/RetroGame-FPGA/Snowshot.srcs/constrs_1/new/cnst.xdc:48]
CRITICAL WARNING: [Common 17-55] 'set_property' expects at least one object. [C:/Users/busra/Documents/Documenten/Leerjaar 2/Blok 7/RETROGAME_GIT/RetroGame-FPGA/Snowshot.srcs/constrs_1/new/cnst.xdc:48]
Resolution: If [get_<value>] was used to populate the object, check to make sure this command returns at least one valid object.
WARNING: [Vivado 12-584] No ports matched 'player_x[4]'. [C:/Users/busra/Documents/Documenten/Leerjaar 2/Blok 7/RETROGAME_GIT/RetroGame-FPGA/Snowshot.srcs/constrs_1/new/cnst.xdc:49]
CRITICAL WARNING: [Common 17-55] 'set_property' expects at least one object. [C:/Users/busra/Documents/Documenten/Leerjaar 2/Blok 7/RETROGAME_GIT/RetroGame-FPGA/Snowshot.srcs/constrs_1/new/cnst.xdc:49]
Resolution: If [get_<value>] was used to populate the object, check to make sure this command returns at least one valid object.
WARNING: [Vivado 12-584] No ports matched 'player_x[5]'. [C:/Users/busra/Documents/Documenten/Leerjaar 2/Blok 7/RETROGAME_GIT/RetroGame-FPGA/Snowshot.srcs/constrs_1/new/cnst.xdc:50]
CRITICAL WARNING: [Common 17-55] 'set_property' expects at least one object. [C:/Users/busra/Documents/Documenten/Leerjaar 2/Blok 7/RETROGAME_GIT/RetroGame-FPGA/Snowshot.srcs/constrs_1/new/cnst.xdc:50]
Resolution: If [get_<value>] was used to populate the object, check to make sure this command returns at least one valid object.
WARNING: [Vivado 12-584] No ports matched 'player_x[6]'. [C:/Users/busra/Documents/Documenten/Leerjaar 2/Blok 7/RETROGAME_GIT/RetroGame-FPGA/Snowshot.srcs/constrs_1/new/cnst.xdc:51]
CRITICAL WARNING: [Common 17-55] 'set_property' expects at least one object. [C:/Users/busra/Documents/Documenten/Leerjaar 2/Blok 7/RETROGAME_GIT/RetroGame-FPGA/Snowshot.srcs/constrs_1/new/cnst.xdc:51]
Resolution: If [get_<value>] was used to populate the object, check to make sure this command returns at least one valid object.
WARNING: [Vivado 12-584] No ports matched 'player_x[7]'. [C:/Users/busra/Documents/Documenten/Leerjaar 2/Blok 7/RETROGAME_GIT/RetroGame-FPGA/Snowshot.srcs/constrs_1/new/cnst.xdc:52]
CRITICAL WARNING: [Common 17-55] 'set_property' expects at least one object. [C:/Users/busra/Documents/Documenten/Leerjaar 2/Blok 7/RETROGAME_GIT/RetroGame-FPGA/Snowshot.srcs/constrs_1/new/cnst.xdc:52]
Resolution: If [get_<value>] was used to populate the object, check to make sure this command returns at least one valid object.
WARNING: [Vivado 12-584] No ports matched 'player_x[8]'. [C:/Users/busra/Documents/Documenten/Leerjaar 2/Blok 7/RETROGAME_GIT/RetroGame-FPGA/Snowshot.srcs/constrs_1/new/cnst.xdc:53]
CRITICAL WARNING: [Common 17-55] 'set_property' expects at least one object. [C:/Users/busra/Documents/Documenten/Leerjaar 2/Blok 7/RETROGAME_GIT/RetroGame-FPGA/Snowshot.srcs/constrs_1/new/cnst.xdc:53]
Resolution: If [get_<value>] was used to populate the object, check to make sure this command returns at least one valid object.
WARNING: [Vivado 12-584] No ports matched 'player_x[9]'. [C:/Users/busra/Documents/Documenten/Leerjaar 2/Blok 7/RETROGAME_GIT/RetroGame-FPGA/Snowshot.srcs/constrs_1/new/cnst.xdc:54]
CRITICAL WARNING: [Common 17-55] 'set_property' expects at least one object. [C:/Users/busra/Documents/Documenten/Leerjaar 2/Blok 7/RETROGAME_GIT/RetroGame-FPGA/Snowshot.srcs/constrs_1/new/cnst.xdc:54]
Resolution: If [get_<value>] was used to populate the object, check to make sure this command returns at least one valid object.
WARNING: [Vivado 12-584] No ports matched 'player_x[9]'. [C:/Users/busra/Documents/Documenten/Leerjaar 2/Blok 7/RETROGAME_GIT/RetroGame-FPGA/Snowshot.srcs/constrs_1/new/cnst.xdc:55]
CRITICAL WARNING: [Common 17-55] 'set_property' expects at least one object. [C:/Users/busra/Documents/Documenten/Leerjaar 2/Blok 7/RETROGAME_GIT/RetroGame-FPGA/Snowshot.srcs/constrs_1/new/cnst.xdc:55]
Resolution: If [get_<value>] was used to populate the object, check to make sure this command returns at least one valid object.
WARNING: [Vivado 12-584] No ports matched 'player_x[8]'. [C:/Users/busra/Documents/Documenten/Leerjaar 2/Blok 7/RETROGAME_GIT/RetroGame-FPGA/Snowshot.srcs/constrs_1/new/cnst.xdc:56]
CRITICAL WARNING: [Common 17-55] 'set_property' expects at least one object. [C:/Users/busra/Documents/Documenten/Leerjaar 2/Blok 7/RETROGAME_GIT/RetroGame-FPGA/Snowshot.srcs/constrs_1/new/cnst.xdc:56]
Resolution: If [get_<value>] was used to populate the object, check to make sure this command returns at least one valid object.
WARNING: [Vivado 12-584] No ports matched 'player_x[7]'. [C:/Users/busra/Documents/Documenten/Leerjaar 2/Blok 7/RETROGAME_GIT/RetroGame-FPGA/Snowshot.srcs/constrs_1/new/cnst.xdc:57]
CRITICAL WARNING: [Common 17-55] 'set_property' expects at least one object. [C:/Users/busra/Documents/Documenten/Leerjaar 2/Blok 7/RETROGAME_GIT/RetroGame-FPGA/Snowshot.srcs/constrs_1/new/cnst.xdc:57]
Resolution: If [get_<value>] was used to populate the object, check to make sure this command returns at least one valid object.
WARNING: [Vivado 12-584] No ports matched 'player_x[6]'. [C:/Users/busra/Documents/Documenten/Leerjaar 2/Blok 7/RETROGAME_GIT/RetroGame-FPGA/Snowshot.srcs/constrs_1/new/cnst.xdc:58]
CRITICAL WARNING: [Common 17-55] 'set_property' expects at least one object. [C:/Users/busra/Documents/Documenten/Leerjaar 2/Blok 7/RETROGAME_GIT/RetroGame-FPGA/Snowshot.srcs/constrs_1/new/cnst.xdc:58]
Resolution: If [get_<value>] was used to populate the object, check to make sure this command returns at least one valid object.
WARNING: [Vivado 12-584] No ports matched 'player_x[5]'. [C:/Users/busra/Documents/Documenten/Leerjaar 2/Blok 7/RETROGAME_GIT/RetroGame-FPGA/Snowshot.srcs/constrs_1/new/cnst.xdc:59]
CRITICAL WARNING: [Common 17-55] 'set_property' expects at least one object. [C:/Users/busra/Documents/Documenten/Leerjaar 2/Blok 7/RETROGAME_GIT/RetroGame-FPGA/Snowshot.srcs/constrs_1/new/cnst.xdc:59]
Resolution: If [get_<value>] was used to populate the object, check to make sure this command returns at least one valid object.
WARNING: [Vivado 12-584] No ports matched 'player_x[4]'. [C:/Users/busra/Documents/Documenten/Leerjaar 2/Blok 7/RETROGAME_GIT/RetroGame-FPGA/Snowshot.srcs/constrs_1/new/cnst.xdc:60]
CRITICAL WARNING: [Common 17-55] 'set_property' expects at least one object. [C:/Users/busra/Documents/Documenten/Leerjaar 2/Blok 7/RETROGAME_GIT/RetroGame-FPGA/Snowshot.srcs/constrs_1/new/cnst.xdc:60]
Resolution: If [get_<value>] was used to populate the object, check to make sure this command returns at least one valid object.
WARNING: [Vivado 12-584] No ports matched 'player_x[3]'. [C:/Users/busra/Documents/Documenten/Leerjaar 2/Blok 7/RETROGAME_GIT/RetroGame-FPGA/Snowshot.srcs/constrs_1/new/cnst.xdc:61]
CRITICAL WARNING: [Common 17-55] 'set_property' expects at least one object. [C:/Users/busra/Documents/Documenten/Leerjaar 2/Blok 7/RETROGAME_GIT/RetroGame-FPGA/Snowshot.srcs/constrs_1/new/cnst.xdc:61]
Resolution: If [get_<value>] was used to populate the object, check to make sure this command returns at least one valid object.
WARNING: [Vivado 12-584] No ports matched 'player_x[2]'. [C:/Users/busra/Documents/Documenten/Leerjaar 2/Blok 7/RETROGAME_GIT/RetroGame-FPGA/Snowshot.srcs/constrs_1/new/cnst.xdc:62]
CRITICAL WARNING: [Common 17-55] 'set_property' expects at least one object. [C:/Users/busra/Documents/Documenten/Leerjaar 2/Blok 7/RETROGAME_GIT/RetroGame-FPGA/Snowshot.srcs/constrs_1/new/cnst.xdc:62]
Resolution: If [get_<value>] was used to populate the object, check to make sure this command returns at least one valid object.
WARNING: [Vivado 12-584] No ports matched 'player_x[1]'. [C:/Users/busra/Documents/Documenten/Leerjaar 2/Blok 7/RETROGAME_GIT/RetroGame-FPGA/Snowshot.srcs/constrs_1/new/cnst.xdc:63]
CRITICAL WARNING: [Common 17-55] 'set_property' expects at least one object. [C:/Users/busra/Documents/Documenten/Leerjaar 2/Blok 7/RETROGAME_GIT/RetroGame-FPGA/Snowshot.srcs/constrs_1/new/cnst.xdc:63]
Resolution: If [get_<value>] was used to populate the object, check to make sure this command returns at least one valid object.
WARNING: [Vivado 12-584] No ports matched 'player_x[0]'. [C:/Users/busra/Documents/Documenten/Leerjaar 2/Blok 7/RETROGAME_GIT/RetroGame-FPGA/Snowshot.srcs/constrs_1/new/cnst.xdc:64]
CRITICAL WARNING: [Common 17-55] 'set_property' expects at least one object. [C:/Users/busra/Documents/Documenten/Leerjaar 2/Blok 7/RETROGAME_GIT/RetroGame-FPGA/Snowshot.srcs/constrs_1/new/cnst.xdc:64]
Resolution: If [get_<value>] was used to populate the object, check to make sure this command returns at least one valid object.
Finished Parsing XDC File [C:/Users/busra/Documents/Documenten/Leerjaar 2/Blok 7/RETROGAME_GIT/RetroGame-FPGA/Snowshot.srcs/constrs_1/new/cnst.xdc]
INFO: [Opt 31-138] Pushed 0 inverter(s) to 0 load pin(s).
Netlist sorting complete. Time (s): cpu = 00:00:00 ; elapsed = 00:00:00.002 . Memory (MB): peak = 1828.270 ; gain = 0.000
INFO: [Project 1-111] Unisim Transformation Summary:
No Unisim elements were transformed.

open_run: Time (s): cpu = 00:00:39 ; elapsed = 00:00:31 . Memory (MB): peak = 1924.531 ; gain = 984.082
close_design
synth_design -rtl -name rtl_1
Command: synth_design -rtl -name rtl_1
Starting synth_design
Using part: xc7a35tcpg236-1
Top: top
---------------------------------------------------------------------------------
Starting RTL Elaboration : Time (s): cpu = 00:00:04 ; elapsed = 00:00:04 . Memory (MB): peak = 1981.328 ; gain = 0.000
---------------------------------------------------------------------------------
INFO: [Synth 8-638] synthesizing module 'top' [C:/Users/busra/Documents/Documenten/Leerjaar 2/Blok 7/RETROGAME_GIT/RetroGame-FPGA/Snowshot.srcs/sources_1/new/top.vhd:50]
INFO: [Synth 8-3491] module 'clk_sync' declared at 'C:/Users/busra/Documents/Documenten/Leerjaar 2/Blok 7/RETROGAME_GIT/RetroGame-FPGA/Snowshot.srcs/sources_1/new/clk_sync.vhd:34' bound to instance 'S0' of component 'clk_sync' [C:/Users/busra/Documents/Documenten/Leerjaar 2/Blok 7/RETROGAME_GIT/RetroGame-FPGA/Snowshot.srcs/sources_1/new/top.vhd:143]
INFO: [Synth 8-638] synthesizing module 'clk_sync' [C:/Users/busra/Documents/Documenten/Leerjaar 2/Blok 7/RETROGAME_GIT/RetroGame-FPGA/Snowshot.srcs/sources_1/new/clk_sync.vhd:40]
INFO: [Synth 8-256] done synthesizing module 'clk_sync' (1#1) [C:/Users/busra/Documents/Documenten/Leerjaar 2/Blok 7/RETROGAME_GIT/RetroGame-FPGA/Snowshot.srcs/sources_1/new/clk_sync.vhd:40]
INFO: [Synth 8-3491] module 'spi0' declared at 'C:/Users/busra/Documents/Documenten/Leerjaar 2/Blok 7/RETROGAME_GIT/RetroGame-FPGA/Snowshot.srcs/sources_1/new/spi0.vhd:36' bound to instance 'S1' of component 'spi0' [C:/Users/busra/Documents/Documenten/Leerjaar 2/Blok 7/RETROGAME_GIT/RetroGame-FPGA/Snowshot.srcs/sources_1/new/top.vhd:147]
INFO: [Synth 8-638] synthesizing module 'spi0' [C:/Users/busra/Documents/Documenten/Leerjaar 2/Blok 7/RETROGAME_GIT/RetroGame-FPGA/Snowshot.srcs/sources_1/new/spi0.vhd:46]
INFO: [Synth 8-256] done synthesizing module 'spi0' (2#1) [C:/Users/busra/Documents/Documenten/Leerjaar 2/Blok 7/RETROGAME_GIT/RetroGame-FPGA/Snowshot.srcs/sources_1/new/spi0.vhd:46]
INFO: [Synth 8-3491] module 'clk_vga' declared at 'C:/Users/busra/Documents/Documenten/Leerjaar 2/Blok 7/RETROGAME_GIT/RetroGame-FPGA/.Xil/Vivado-23028-LAPTOP-VG095PM2/realtime/clk_vga_stub.vhdl:5' bound to instance 'X0' of component 'clk_vga' [C:/Users/busra/Documents/Documenten/Leerjaar 2/Blok 7/RETROGAME_GIT/RetroGame-FPGA/Snowshot.srcs/sources_1/new/top.vhd:156]
INFO: [Synth 8-638] synthesizing module 'clk_vga' [C:/Users/busra/Documents/Documenten/Leerjaar 2/Blok 7/RETROGAME_GIT/RetroGame-FPGA/.Xil/Vivado-23028-LAPTOP-VG095PM2/realtime/clk_vga_stub.vhdl:14]
INFO: [Synth 8-3491] module 'engine' declared at 'C:/Users/busra/Documents/Documenten/Leerjaar 2/Blok 7/RETROGAME_GIT/RetroGame-FPGA/Snowshot.srcs/sources_1/new/engine.vhd:40' bound to instance 'X1' of component 'engine' [C:/Users/busra/Documents/Documenten/Leerjaar 2/Blok 7/RETROGAME_GIT/RetroGame-FPGA/Snowshot.srcs/sources_1/new/top.vhd:160]
INFO: [Synth 8-638] synthesizing module 'engine' [C:/Users/busra/Documents/Documenten/Leerjaar 2/Blok 7/RETROGAME_GIT/RetroGame-FPGA/Snowshot.srcs/sources_1/new/engine.vhd:53]
INFO: [Synth 8-3491] module 'rom_bg' declared at 'C:/Users/busra/Documents/Documenten/Leerjaar 2/Blok 7/RETROGAME_GIT/RetroGame-FPGA/.Xil/Vivado-23028-LAPTOP-VG095PM2/realtime/rom_bg_stub.vhdl:5' bound to instance 'B0' of component 'rom_bg' [C:/Users/busra/Documents/Documenten/Leerjaar 2/Blok 7/RETROGAME_GIT/RetroGame-FPGA/Snowshot.srcs/sources_1/new/engine.vhd:98]
INFO: [Synth 8-638] synthesizing module 'rom_bg' [C:/Users/busra/Documents/Documenten/Leerjaar 2/Blok 7/RETROGAME_GIT/RetroGame-FPGA/.Xil/Vivado-23028-LAPTOP-VG095PM2/realtime/rom_bg_stub.vhdl:15]
WARNING: [Synth 8-5858] RAM spr_data_temp_reg from Abstract Data Type (record/struct) for this pattern/configuration is not supported. This will most likely be implemented in registers
WARNING: [Synth 8-5858] RAM spr_data_reg from Abstract Data Type (record/struct) for this pattern/configuration is not supported. This will most likely be implemented in registers
WARNING: [Synth 8-6014] Unused sequential element spr_id_reg was removed.  [C:/Users/busra/Documents/Documenten/Leerjaar 2/Blok 7/RETROGAME_GIT/RetroGame-FPGA/Snowshot.srcs/sources_1/new/engine.vhd:121]
WARNING: [Synth 8-6014] Unused sequential element spr_data_temp_reg[0][en] was removed.  [C:/Users/busra/Documents/Documenten/Leerjaar 2/Blok 7/RETROGAME_GIT/RetroGame-FPGA/Snowshot.srcs/sources_1/new/engine.vhd:122]
WARNING: [Synth 8-6014] Unused sequential element spr_data_temp_reg[0][x] was removed.  [C:/Users/busra/Documents/Documenten/Leerjaar 2/Blok 7/RETROGAME_GIT/RetroGame-FPGA/Snowshot.srcs/sources_1/new/engine.vhd:122]
WARNING: [Synth 8-6014] Unused sequential element spr_data_temp_reg[0][y] was removed.  [C:/Users/busra/Documents/Documenten/Leerjaar 2/Blok 7/RETROGAME_GIT/RetroGame-FPGA/Snowshot.srcs/sources_1/new/engine.vhd:122]
WARNING: [Synth 8-6014] Unused sequential element spr_data_reg[0][en] was removed.  [C:/Users/busra/Documents/Documenten/Leerjaar 2/Blok 7/RETROGAME_GIT/RetroGame-FPGA/Snowshot.srcs/sources_1/new/engine.vhd:84]
WARNING: [Synth 8-6014] Unused sequential element spr_data_reg[0][x] was removed.  [C:/Users/busra/Documents/Documenten/Leerjaar 2/Blok 7/RETROGAME_GIT/RetroGame-FPGA/Snowshot.srcs/sources_1/new/engine.vhd:84]
WARNING: [Synth 8-6014] Unused sequential element spr_data_reg[0][y] was removed.  [C:/Users/busra/Documents/Documenten/Leerjaar 2/Blok 7/RETROGAME_GIT/RetroGame-FPGA/Snowshot.srcs/sources_1/new/engine.vhd:84]
INFO: [Synth 8-256] done synthesizing module 'engine' (3#1) [C:/Users/busra/Documents/Documenten/Leerjaar 2/Blok 7/RETROGAME_GIT/RetroGame-FPGA/Snowshot.srcs/sources_1/new/engine.vhd:53]
INFO: [Synth 8-3491] module 'rom_sprites' declared at 'C:/Users/busra/Documents/Documenten/Leerjaar 2/Blok 7/RETROGAME_GIT/RetroGame-FPGA/Snowshot.srcs/sources_1/new/rom_sprites.vhd:38' bound to instance 'X2' of component 'rom_sprites' [C:/Users/busra/Documents/Documenten/Leerjaar 2/Blok 7/RETROGAME_GIT/RetroGame-FPGA/Snowshot.srcs/sources_1/new/top.vhd:170]
INFO: [Synth 8-638] synthesizing module 'rom_sprites' [C:/Users/busra/Documents/Documenten/Leerjaar 2/Blok 7/RETROGAME_GIT/RetroGame-FPGA/Snowshot.srcs/sources_1/new/rom_sprites.vhd:48]
WARNING: [Synth 8-6014] Unused sequential element w_reg was removed.  [C:/Users/busra/Documents/Documenten/Leerjaar 2/Blok 7/RETROGAME_GIT/RetroGame-FPGA/Snowshot.srcs/sources_1/new/rom_sprites.vhd:74]
WARNING: [Synth 8-6014] Unused sequential element h_reg was removed.  [C:/Users/busra/Documents/Documenten/Leerjaar 2/Blok 7/RETROGAME_GIT/RetroGame-FPGA/Snowshot.srcs/sources_1/new/rom_sprites.vhd:75]
WARNING: [Synth 8-6014] Unused sequential element row_reg was removed.  [C:/Users/busra/Documents/Documenten/Leerjaar 2/Blok 7/RETROGAME_GIT/RetroGame-FPGA/Snowshot.srcs/sources_1/new/rom_sprites.vhd:77]
WARNING: [Synth 8-6014] Unused sequential element column_reg was removed.  [C:/Users/busra/Documents/Documenten/Leerjaar 2/Blok 7/RETROGAME_GIT/RetroGame-FPGA/Snowshot.srcs/sources_1/new/rom_sprites.vhd:78]
INFO: [Synth 8-256] done synthesizing module 'rom_sprites' (4#1) [C:/Users/busra/Documents/Documenten/Leerjaar 2/Blok 7/RETROGAME_GIT/RetroGame-FPGA/Snowshot.srcs/sources_1/new/rom_sprites.vhd:48]
INFO: [Synth 8-3491] module 'rom_sprites_mux' declared at 'C:/Users/busra/Documents/Documenten/Leerjaar 2/Blok 7/RETROGAME_GIT/RetroGame-FPGA/Snowshot.srcs/sources_1/new/rom_sprites_mux.vhd:37' bound to instance 'X3' of component 'rom_sprites_mux' [C:/Users/busra/Documents/Documenten/Leerjaar 2/Blok 7/RETROGAME_GIT/RetroGame-FPGA/Snowshot.srcs/sources_1/new/top.vhd:177]
INFO: [Synth 8-638] synthesizing module 'rom_sprites_mux' [C:/Users/busra/Documents/Documenten/Leerjaar 2/Blok 7/RETROGAME_GIT/RetroGame-FPGA/Snowshot.srcs/sources_1/new/rom_sprites_mux.vhd:46]
INFO: [Synth 8-3491] module 'blk_mem_logo' declared at 'C:/Users/busra/Documents/Documenten/Leerjaar 2/Blok 7/RETROGAME_GIT/RetroGame-FPGA/.Xil/Vivado-23028-LAPTOP-VG095PM2/realtime/blk_mem_logo_stub.vhdl:5' bound to instance 'L1' of component 'blk_mem_logo' [C:/Users/busra/Documents/Documenten/Leerjaar 2/Blok 7/RETROGAME_GIT/RetroGame-FPGA/Snowshot.srcs/sources_1/new/rom_sprites_mux.vhd:99]
INFO: [Synth 8-638] synthesizing module 'blk_mem_logo' [C:/Users/busra/Documents/Documenten/Leerjaar 2/Blok 7/RETROGAME_GIT/RetroGame-FPGA/.Xil/Vivado-23028-LAPTOP-VG095PM2/realtime/blk_mem_logo_stub.vhdl:15]
INFO: [Synth 8-3491] module 'blk_mem_player1' declared at 'C:/Users/busra/Documents/Documenten/Leerjaar 2/Blok 7/RETROGAME_GIT/RetroGame-FPGA/.Xil/Vivado-23028-LAPTOP-VG095PM2/realtime/blk_mem_player1_stub.vhdl:5' bound to instance 'L2' of component 'blk_mem_player1' [C:/Users/busra/Documents/Documenten/Leerjaar 2/Blok 7/RETROGAME_GIT/RetroGame-FPGA/Snowshot.srcs/sources_1/new/rom_sprites_mux.vhd:105]
INFO: [Synth 8-638] synthesizing module 'blk_mem_player1' [C:/Users/busra/Documents/Documenten/Leerjaar 2/Blok 7/RETROGAME_GIT/RetroGame-FPGA/.Xil/Vivado-23028-LAPTOP-VG095PM2/realtime/blk_mem_player1_stub.vhdl:15]
INFO: [Synth 8-3491] module 'blk_mem_player2' declared at 'C:/Users/busra/Documents/Documenten/Leerjaar 2/Blok 7/RETROGAME_GIT/RetroGame-FPGA/.Xil/Vivado-23028-LAPTOP-VG095PM2/realtime/blk_mem_player2_stub.vhdl:5' bound to instance 'L3' of component 'blk_mem_player2' [C:/Users/busra/Documents/Documenten/Leerjaar 2/Blok 7/RETROGAME_GIT/RetroGame-FPGA/Snowshot.srcs/sources_1/new/rom_sprites_mux.vhd:111]
INFO: [Synth 8-638] synthesizing module 'blk_mem_player2' [C:/Users/busra/Documents/Documenten/Leerjaar 2/Blok 7/RETROGAME_GIT/RetroGame-FPGA/.Xil/Vivado-23028-LAPTOP-VG095PM2/realtime/blk_mem_player2_stub.vhdl:15]
INFO: [Synth 8-3491] module 'blk_mem_snowball' declared at 'C:/Users/busra/Documents/Documenten/Leerjaar 2/Blok 7/RETROGAME_GIT/RetroGame-FPGA/.Xil/Vivado-23028-LAPTOP-VG095PM2/realtime/blk_mem_snowball_stub.vhdl:5' bound to instance 'L4' of component 'blk_mem_snowball' [C:/Users/busra/Documents/Documenten/Leerjaar 2/Blok 7/RETROGAME_GIT/RetroGame-FPGA/Snowshot.srcs/sources_1/new/rom_sprites_mux.vhd:117]
INFO: [Synth 8-638] synthesizing module 'blk_mem_snowball' [C:/Users/busra/Documents/Documenten/Leerjaar 2/Blok 7/RETROGAME_GIT/RetroGame-FPGA/.Xil/Vivado-23028-LAPTOP-VG095PM2/realtime/blk_mem_snowball_stub.vhdl:15]
INFO: [Synth 8-256] done synthesizing module 'rom_sprites_mux' (5#1) [C:/Users/busra/Documents/Documenten/Leerjaar 2/Blok 7/RETROGAME_GIT/RetroGame-FPGA/Snowshot.srcs/sources_1/new/rom_sprites_mux.vhd:46]
INFO: [Synth 8-3491] module 'vga' declared at 'C:/Users/busra/Documents/Documenten/Leerjaar 2/Blok 7/RETROGAME_GIT/RetroGame-FPGA/Snowshot.srcs/sources_1/imports/new/vga.vhd:21' bound to instance 'X4' of component 'vga' [C:/Users/busra/Documents/Documenten/Leerjaar 2/Blok 7/RETROGAME_GIT/RetroGame-FPGA/Snowshot.srcs/sources_1/new/top.vhd:183]
INFO: [Synth 8-638] synthesizing module 'vga' [C:/Users/busra/Documents/Documenten/Leerjaar 2/Blok 7/RETROGAME_GIT/RetroGame-FPGA/Snowshot.srcs/sources_1/imports/new/vga.vhd:34]
INFO: [Synth 8-256] done synthesizing module 'vga' (6#1) [C:/Users/busra/Documents/Documenten/Leerjaar 2/Blok 7/RETROGAME_GIT/RetroGame-FPGA/Snowshot.srcs/sources_1/imports/new/vga.vhd:34]
INFO: [Synth 8-256] done synthesizing module 'top' (7#1) [C:/Users/busra/Documents/Documenten/Leerjaar 2/Blok 7/RETROGAME_GIT/RetroGame-FPGA/Snowshot.srcs/sources_1/new/top.vhd:50]
WARNING: [Synth 8-3331] design rom_sprites_mux has unconnected port rom_pixel[11]
WARNING: [Synth 8-3331] design rom_sprites_mux has unconnected port rom_pixel[10]
WARNING: [Synth 8-3331] design rom_sprites_mux has unconnected port rom_pixel[9]
WARNING: [Synth 8-3331] design rom_sprites_mux has unconnected port rom_pixel[8]
WARNING: [Synth 8-3331] design rom_sprites_mux has unconnected port rom_pixel[7]
WARNING: [Synth 8-3331] design rom_sprites_mux has unconnected port rom_pixel[6]
WARNING: [Synth 8-3331] design rom_sprites_mux has unconnected port rom_pixel[5]
WARNING: [Synth 8-3331] design rom_sprites_mux has unconnected port rom_pixel[4]
WARNING: [Synth 8-3331] design rom_sprites_mux has unconnected port rom_pixel[3]
WARNING: [Synth 8-3331] design rom_sprites_mux has unconnected port rom_pixel[2]
WARNING: [Synth 8-3331] design rom_sprites_mux has unconnected port rom_pixel[1]
WARNING: [Synth 8-3331] design rom_sprites_mux has unconnected port rom_pixel[0]
WARNING: [Synth 8-3331] design top has unconnected port spi_cc1
---------------------------------------------------------------------------------
Finished RTL Elaboration : Time (s): cpu = 00:00:06 ; elapsed = 00:00:06 . Memory (MB): peak = 1994.246 ; gain = 12.918
---------------------------------------------------------------------------------

Report Check Netlist: 
+------+------------------+-------+---------+-------+------------------+
|      |Item              |Errors |Warnings |Status |Description       |
+------+------------------+-------+---------+-------+------------------+
|1     |multi_driven_nets |      0|        0|Passed |Multi driven nets |
+------+------------------+-------+---------+-------+------------------+
---------------------------------------------------------------------------------
Start Handling Custom Attributes
---------------------------------------------------------------------------------
---------------------------------------------------------------------------------
Finished Handling Custom Attributes : Time (s): cpu = 00:00:06 ; elapsed = 00:00:06 . Memory (MB): peak = 2016.145 ; gain = 34.816
---------------------------------------------------------------------------------
---------------------------------------------------------------------------------
Finished RTL Optimization Phase 1 : Time (s): cpu = 00:00:06 ; elapsed = 00:00:06 . Memory (MB): peak = 2016.145 ; gain = 34.816
---------------------------------------------------------------------------------
INFO: [Project 1-454] Reading design checkpoint 'c:/Users/busra/Documents/Documenten/Leerjaar 2/Blok 7/RETROGAME_GIT/RetroGame-FPGA/Snowshot.srcs/sources_1/ip/clk_vga/clk_vga.dcp' for cell 'X0'
INFO: [Project 1-454] Reading design checkpoint 'c:/Users/busra/Documents/Documenten/Leerjaar 2/Blok 7/RETROGAME_GIT/RetroGame-FPGA/Snowshot.srcs/sources_1/ip/rom_bg/rom_bg.dcp' for cell 'X1/B0'
INFO: [Project 1-454] Reading design checkpoint 'c:/Users/busra/Documents/Documenten/Leerjaar 2/Blok 7/RETROGAME_GIT/RetroGame-FPGA/Snowshot.srcs/sources_1/ip/blk_mem_logo/blk_mem_logo.dcp' for cell 'X3/L1'
INFO: [Project 1-454] Reading design checkpoint 'c:/Users/busra/Documents/Documenten/Leerjaar 2/Blok 7/RETROGAME_GIT/RetroGame-FPGA/Snowshot.srcs/sources_1/ip/blk_mem_player1/blk_mem_player1.dcp' for cell 'X3/L2'
INFO: [Project 1-454] Reading design checkpoint 'c:/Users/busra/Documents/Documenten/Leerjaar 2/Blok 7/RETROGAME_GIT/RetroGame-FPGA/Snowshot.srcs/sources_1/ip/blk_mem_player2/blk_mem_player2.dcp' for cell 'X3/L3'
INFO: [Project 1-454] Reading design checkpoint 'c:/Users/busra/Documents/Documenten/Leerjaar 2/Blok 7/RETROGAME_GIT/RetroGame-FPGA/Snowshot.srcs/sources_1/ip/blk_mem_snowball/blk_mem_snowball.dcp' for cell 'X3/L4'
INFO: [Netlist 29-17] Analyzing 26 Unisim elements for replacement
INFO: [Netlist 29-28] Unisim Transformation completed in 0 CPU seconds
INFO: [Project 1-479] Netlist was created with Vivado 2019.1
INFO: [Project 1-570] Preparing netlist for logic optimization
INFO: [Opt 31-140] Inserted 1 IBUFs to IO ports without IO buffers.

Processing XDC Constraints
Initializing timing engine
Parsing XDC File [c:/Users/busra/Documents/Documenten/Leerjaar 2/Blok 7/RETROGAME_GIT/RetroGame-FPGA/Snowshot.srcs/sources_1/ip/clk_vga/clk_vga_board.xdc] for cell 'X0/inst'
Finished Parsing XDC File [c:/Users/busra/Documents/Documenten/Leerjaar 2/Blok 7/RETROGAME_GIT/RetroGame-FPGA/Snowshot.srcs/sources_1/ip/clk_vga/clk_vga_board.xdc] for cell 'X0/inst'
Parsing XDC File [c:/Users/busra/Documents/Documenten/Leerjaar 2/Blok 7/RETROGAME_GIT/RetroGame-FPGA/Snowshot.srcs/sources_1/ip/clk_vga/clk_vga.xdc] for cell 'X0/inst'
Finished Parsing XDC File [c:/Users/busra/Documents/Documenten/Leerjaar 2/Blok 7/RETROGAME_GIT/RetroGame-FPGA/Snowshot.srcs/sources_1/ip/clk_vga/clk_vga.xdc] for cell 'X0/inst'
INFO: [Project 1-236] Implementation specific constraints were found while reading constraint file [c:/Users/busra/Documents/Documenten/Leerjaar 2/Blok 7/RETROGAME_GIT/RetroGame-FPGA/Snowshot.srcs/sources_1/ip/clk_vga/clk_vga.xdc]. These constraints will be ignored for synthesis but will be used in implementation. Impacted constraints are listed in the file [.Xil/top_propImpl.xdc].
Resolution: To avoid this warning, move constraints listed in [.Xil/top_propImpl.xdc] to another XDC file and exclude this new file from synthesis with the used_in_synthesis property (File Properties dialog in GUI) and re-run elaboration/synthesis.
INFO: [Timing 38-2] Deriving generated clocks
Parsing XDC File [C:/Users/busra/Documents/Documenten/Leerjaar 2/Blok 7/RETROGAME_GIT/RetroGame-FPGA/Snowshot.srcs/constrs_1/new/cnst.xdc]
WARNING: [Vivado 12-584] No ports matched 'spi_test'. [C:/Users/busra/Documents/Documenten/Leerjaar 2/Blok 7/RETROGAME_GIT/RetroGame-FPGA/Snowshot.srcs/constrs_1/new/cnst.xdc:42]
WARNING: [Vivado 12-584] No ports matched 'spi_test'. [C:/Users/busra/Documents/Documenten/Leerjaar 2/Blok 7/RETROGAME_GIT/RetroGame-FPGA/Snowshot.srcs/constrs_1/new/cnst.xdc:43]
WARNING: [Vivado 12-584] No ports matched 'player_x[0]'. [C:/Users/busra/Documents/Documenten/Leerjaar 2/Blok 7/RETROGAME_GIT/RetroGame-FPGA/Snowshot.srcs/constrs_1/new/cnst.xdc:45]
WARNING: [Vivado 12-584] No ports matched 'player_x[1]'. [C:/Users/busra/Documents/Documenten/Leerjaar 2/Blok 7/RETROGAME_GIT/RetroGame-FPGA/Snowshot.srcs/constrs_1/new/cnst.xdc:46]
WARNING: [Vivado 12-584] No ports matched 'player_x[2]'. [C:/Users/busra/Documents/Documenten/Leerjaar 2/Blok 7/RETROGAME_GIT/RetroGame-FPGA/Snowshot.srcs/constrs_1/new/cnst.xdc:47]
WARNING: [Vivado 12-584] No ports matched 'player_x[3]'. [C:/Users/busra/Documents/Documenten/Leerjaar 2/Blok 7/RETROGAME_GIT/RetroGame-FPGA/Snowshot.srcs/constrs_1/new/cnst.xdc:48]
WARNING: [Vivado 12-584] No ports matched 'player_x[4]'. [C:/Users/busra/Documents/Documenten/Leerjaar 2/Blok 7/RETROGAME_GIT/RetroGame-FPGA/Snowshot.srcs/constrs_1/new/cnst.xdc:49]
WARNING: [Vivado 12-584] No ports matched 'player_x[5]'. [C:/Users/busra/Documents/Documenten/Leerjaar 2/Blok 7/RETROGAME_GIT/RetroGame-FPGA/Snowshot.srcs/constrs_1/new/cnst.xdc:50]
WARNING: [Vivado 12-584] No ports matched 'player_x[6]'. [C:/Users/busra/Documents/Documenten/Leerjaar 2/Blok 7/RETROGAME_GIT/RetroGame-FPGA/Snowshot.srcs/constrs_1/new/cnst.xdc:51]
WARNING: [Vivado 12-584] No ports matched 'player_x[7]'. [C:/Users/busra/Documents/Documenten/Leerjaar 2/Blok 7/RETROGAME_GIT/RetroGame-FPGA/Snowshot.srcs/constrs_1/new/cnst.xdc:52]
WARNING: [Vivado 12-584] No ports matched 'player_x[8]'. [C:/Users/busra/Documents/Documenten/Leerjaar 2/Blok 7/RETROGAME_GIT/RetroGame-FPGA/Snowshot.srcs/constrs_1/new/cnst.xdc:53]
WARNING: [Vivado 12-584] No ports matched 'player_x[9]'. [C:/Users/busra/Documents/Documenten/Leerjaar 2/Blok 7/RETROGAME_GIT/RetroGame-FPGA/Snowshot.srcs/constrs_1/new/cnst.xdc:54]
WARNING: [Vivado 12-584] No ports matched 'player_x[9]'. [C:/Users/busra/Documents/Documenten/Leerjaar 2/Blok 7/RETROGAME_GIT/RetroGame-FPGA/Snowshot.srcs/constrs_1/new/cnst.xdc:55]
WARNING: [Vivado 12-584] No ports matched 'player_x[8]'. [C:/Users/busra/Documents/Documenten/Leerjaar 2/Blok 7/RETROGAME_GIT/RetroGame-FPGA/Snowshot.srcs/constrs_1/new/cnst.xdc:56]
WARNING: [Vivado 12-584] No ports matched 'player_x[7]'. [C:/Users/busra/Documents/Documenten/Leerjaar 2/Blok 7/RETROGAME_GIT/RetroGame-FPGA/Snowshot.srcs/constrs_1/new/cnst.xdc:57]
WARNING: [Vivado 12-584] No ports matched 'player_x[6]'. [C:/Users/busra/Documents/Documenten/Leerjaar 2/Blok 7/RETROGAME_GIT/RetroGame-FPGA/Snowshot.srcs/constrs_1/new/cnst.xdc:58]
WARNING: [Vivado 12-584] No ports matched 'player_x[5]'. [C:/Users/busra/Documents/Documenten/Leerjaar 2/Blok 7/RETROGAME_GIT/RetroGame-FPGA/Snowshot.srcs/constrs_1/new/cnst.xdc:59]
WARNING: [Vivado 12-584] No ports matched 'player_x[4]'. [C:/Users/busra/Documents/Documenten/Leerjaar 2/Blok 7/RETROGAME_GIT/RetroGame-FPGA/Snowshot.srcs/constrs_1/new/cnst.xdc:60]
WARNING: [Vivado 12-584] No ports matched 'player_x[3]'. [C:/Users/busra/Documents/Documenten/Leerjaar 2/Blok 7/RETROGAME_GIT/RetroGame-FPGA/Snowshot.srcs/constrs_1/new/cnst.xdc:61]
WARNING: [Vivado 12-584] No ports matched 'player_x[2]'. [C:/Users/busra/Documents/Documenten/Leerjaar 2/Blok 7/RETROGAME_GIT/RetroGame-FPGA/Snowshot.srcs/constrs_1/new/cnst.xdc:62]
WARNING: [Vivado 12-584] No ports matched 'player_x[1]'. [C:/Users/busra/Documents/Documenten/Leerjaar 2/Blok 7/RETROGAME_GIT/RetroGame-FPGA/Snowshot.srcs/constrs_1/new/cnst.xdc:63]
WARNING: [Vivado 12-584] No ports matched 'player_x[0]'. [C:/Users/busra/Documents/Documenten/Leerjaar 2/Blok 7/RETROGAME_GIT/RetroGame-FPGA/Snowshot.srcs/constrs_1/new/cnst.xdc:64]
Finished Parsing XDC File [C:/Users/busra/Documents/Documenten/Leerjaar 2/Blok 7/RETROGAME_GIT/RetroGame-FPGA/Snowshot.srcs/constrs_1/new/cnst.xdc]
WARNING: [Project 1-498] One or more constraints failed evaluation while reading constraint file [C:/Users/busra/Documents/Documenten/Leerjaar 2/Blok 7/RETROGAME_GIT/RetroGame-FPGA/Snowshot.srcs/constrs_1/new/cnst.xdc] and the design contains unresolved black boxes. These constraints will be read post-synthesis (as long as their source constraint file is marked as used_in_implementation) and should be applied correctly then. You should review the constraints listed in the file [.Xil/top_propImpl.xdc] and check the run log file to verify that these constraints were correctly applied.
Completed Processing XDC Constraints

INFO: [Opt 31-138] Pushed 0 inverter(s) to 0 load pin(s).
Netlist sorting complete. Time (s): cpu = 00:00:00 ; elapsed = 00:00:00.001 . Memory (MB): peak = 2172.281 ; gain = 0.000
INFO: [Project 1-111] Unisim Transformation Summary:
No Unisim elements were transformed.

RTL Elaboration Complete:  : Time (s): cpu = 00:00:16 ; elapsed = 00:00:12 . Memory (MB): peak = 2172.281 ; gain = 190.953
47 Infos, 49 Warnings, 0 Critical Warnings and 0 Errors encountered.
synth_design completed successfully
synth_design: Time (s): cpu = 00:00:16 ; elapsed = 00:00:12 . Memory (MB): peak = 2172.281 ; gain = 190.953
launch_runs impl_1 -to_step write_bitstream -jobs 8
INFO: [Vivado 12-4149] The synthesis checkpoint for IP 'C:/Users/busra/Documents/Documenten/Leerjaar 2/Blok 7/RETROGAME_GIT/RetroGame-FPGA/Snowshot.srcs/sources_1/ip/clk_vga/clk_vga.xci' is already up-to-date
[Tue Mar  8 15:59:42 2022] Launched impl_1...
Run output will be captured here: C:/Users/busra/Documents/Documenten/Leerjaar 2/Blok 7/RETROGAME_GIT/RetroGame-FPGA/Snowshot.runs/impl_1/runme.log
open_hw
connect_hw_server
INFO: [Labtools 27-2285] Connecting to hw_server url TCP:localhost:3121
INFO: [Labtools 27-2222] Launching hw_server...
INFO: [Labtools 27-2221] Launch Output:

****** Xilinx hw_server v2019.1
  **** Build date : May 24 2019 at 15:13:31
    ** Copyright 1986-2019 Xilinx, Inc. All Rights Reserved.


open_hw_target
INFO: [Labtoolstcl 44-466] Opening hw_target localhost:3121/xilinx_tcf/Digilent/210183A38733A
open_hw_target: Time (s): cpu = 00:00:04 ; elapsed = 00:00:05 . Memory (MB): peak = 3278.855 ; gain = 1094.410
set_property PROGRAM.FILE {C:/Users/busra/Documents/Documenten/Leerjaar 2/Blok 7/RETROGAME_GIT/RetroGame-FPGA/Snowshot.runs/impl_1/top.bit} [get_hw_devices xc7a35t_0]
current_hw_device [get_hw_devices xc7a35t_0]
refresh_hw_device -update_hw_probes false [lindex [get_hw_devices xc7a35t_0] 0]
INFO: [Labtools 27-1434] Device xc7a35t (JTAG device index = 0) is programmed with a design that has no supported debug core(s) in it.
set_property PROBES.FILE {} [get_hw_devices xc7a35t_0]
set_property FULL_PROBES.FILE {} [get_hw_devices xc7a35t_0]
set_property PROGRAM.FILE {C:/Users/busra/Documents/Documenten/Leerjaar 2/Blok 7/RETROGAME_GIT/RetroGame-FPGA/Snowshot.runs/impl_1/top.bit} [get_hw_devices xc7a35t_0]
program_hw_devices [get_hw_devices xc7a35t_0]
INFO: [Labtools 27-3164] End of startup status: HIGH
refresh_hw_device [lindex [get_hw_devices xc7a35t_0] 0]
INFO: [Labtools 27-1434] Device xc7a35t (JTAG device index = 0) is programmed with a design that has no supported debug core(s) in it.
set_property PROBES.FILE {} [get_hw_devices xc7a35t_0]
set_property FULL_PROBES.FILE {} [get_hw_devices xc7a35t_0]
set_property PROGRAM.FILE {C:/Users/busra/Documents/Documenten/Leerjaar 2/Blok 7/RETROGAME_GIT/RetroGame-FPGA/Snowshot.runs/impl_1/top.bit} [get_hw_devices xc7a35t_0]
program_hw_devices [get_hw_devices xc7a35t_0]
INFO: [Labtools 27-3164] End of startup status: HIGH
refresh_hw_device [lindex [get_hw_devices xc7a35t_0] 0]
INFO: [Labtools 27-1434] Device xc7a35t (JTAG device index = 0) is programmed with a design that has no supported debug core(s) in it.
close_hw
reset_run impl_1 -prev_step 
launch_runs impl_1 -to_step write_bitstream -jobs 8
INFO: [Vivado 12-4149] The synthesis checkpoint for IP 'C:/Users/busra/Documents/Documenten/Leerjaar 2/Blok 7/RETROGAME_GIT/RetroGame-FPGA/Snowshot.srcs/sources_1/ip/clk_vga/clk_vga.xci' is already up-to-date
[Tue Mar  8 16:05:41 2022] Launched impl_1...
Run output will be captured here: C:/Users/busra/Documents/Documenten/Leerjaar 2/Blok 7/RETROGAME_GIT/RetroGame-FPGA/Snowshot.runs/impl_1/runme.log
open_hw
connect_hw_server
INFO: [Labtools 27-2285] Connecting to hw_server url TCP:localhost:3121
INFO: [Labtools 27-2222] Launching hw_server...
INFO: [Labtools 27-2221] Launch Output:

****** Xilinx hw_server v2019.1
  **** Build date : May 24 2019 at 15:13:31
    ** Copyright 1986-2019 Xilinx, Inc. All Rights Reserved.


open_hw_target
INFO: [Labtoolstcl 44-466] Opening hw_target localhost:3121/xilinx_tcf/Digilent/210183A38733A
set_property PROGRAM.FILE {C:/Users/busra/Documents/Documenten/Leerjaar 2/Blok 7/RETROGAME_GIT/RetroGame-FPGA/Snowshot.runs/impl_1/top.bit} [get_hw_devices xc7a35t_0]
current_hw_device [get_hw_devices xc7a35t_0]
refresh_hw_device -update_hw_probes false [lindex [get_hw_devices xc7a35t_0] 0]
INFO: [Labtools 27-1434] Device xc7a35t (JTAG device index = 0) is programmed with a design that has no supported debug core(s) in it.
set_property PROBES.FILE {} [get_hw_devices xc7a35t_0]
set_property FULL_PROBES.FILE {} [get_hw_devices xc7a35t_0]
set_property PROGRAM.FILE {C:/Users/busra/Documents/Documenten/Leerjaar 2/Blok 7/RETROGAME_GIT/RetroGame-FPGA/Snowshot.runs/impl_1/top.bit} [get_hw_devices xc7a35t_0]
program_hw_devices [get_hw_devices xc7a35t_0]
INFO: [Labtools 27-3164] End of startup status: HIGH
refresh_hw_device [lindex [get_hw_devices xc7a35t_0] 0]
INFO: [Labtools 27-1434] Device xc7a35t (JTAG device index = 0) is programmed with a design that has no supported debug core(s) in it.
close_hw
update_compile_order -fileset sources_1
close_design
reset_run synth_1
launch_runs impl_1 -to_step write_bitstream -jobs 8
INFO: [Vivado 12-4149] The synthesis checkpoint for IP 'C:/Users/busra/Documents/Documenten/Leerjaar 2/Blok 7/RETROGAME_GIT/RetroGame-FPGA/Snowshot.srcs/sources_1/ip/clk_vga/clk_vga.xci' is already up-to-date
[Tue Mar  8 16:08:35 2022] Launched synth_1...
Run output will be captured here: C:/Users/busra/Documents/Documenten/Leerjaar 2/Blok 7/RETROGAME_GIT/RetroGame-FPGA/Snowshot.runs/synth_1/runme.log
[Tue Mar  8 16:08:35 2022] Launched impl_1...
Run output will be captured here: C:/Users/busra/Documents/Documenten/Leerjaar 2/Blok 7/RETROGAME_GIT/RetroGame-FPGA/Snowshot.runs/impl_1/runme.log
open_hw
connect_hw_server
INFO: [Labtools 27-2285] Connecting to hw_server url TCP:localhost:3121
INFO: [Labtools 27-2222] Launching hw_server...
INFO: [Labtools 27-2221] Launch Output:

****** Xilinx hw_server v2019.1
  **** Build date : May 24 2019 at 15:13:31
    ** Copyright 1986-2019 Xilinx, Inc. All Rights Reserved.


open_hw_target
INFO: [Labtoolstcl 44-466] Opening hw_target localhost:3121/xilinx_tcf/Digilent/210183A38733A
set_property PROGRAM.FILE {C:/Users/busra/Documents/Documenten/Leerjaar 2/Blok 7/RETROGAME_GIT/RetroGame-FPGA/Snowshot.runs/impl_1/top.bit} [get_hw_devices xc7a35t_0]
current_hw_device [get_hw_devices xc7a35t_0]
refresh_hw_device -update_hw_probes false [lindex [get_hw_devices xc7a35t_0] 0]
INFO: [Labtools 27-1434] Device xc7a35t (JTAG device index = 0) is programmed with a design that has no supported debug core(s) in it.
set_property PROBES.FILE {} [get_hw_devices xc7a35t_0]
set_property FULL_PROBES.FILE {} [get_hw_devices xc7a35t_0]
set_property PROGRAM.FILE {C:/Users/busra/Documents/Documenten/Leerjaar 2/Blok 7/RETROGAME_GIT/RetroGame-FPGA/Snowshot.runs/impl_1/top.bit} [get_hw_devices xc7a35t_0]
program_hw_devices [get_hw_devices xc7a35t_0]
INFO: [Labtools 27-3164] End of startup status: HIGH
refresh_hw_device [lindex [get_hw_devices xc7a35t_0] 0]
INFO: [Labtools 27-1434] Device xc7a35t (JTAG device index = 0) is programmed with a design that has no supported debug core(s) in it.
close_hw
update_compile_order -fileset sources_1
update_compile_order -fileset sources_1
update_compile_order -fileset sources_1
reset_run synth_1
launch_runs impl_1 -to_step write_bitstream -jobs 8
INFO: [Vivado 12-4149] The synthesis checkpoint for IP 'C:/Users/busra/Documents/Documenten/Leerjaar 2/Blok 7/RETROGAME_GIT/RetroGame-FPGA/Snowshot.srcs/sources_1/ip/clk_vga/clk_vga.xci' is already up-to-date
[Tue Mar  8 16:16:20 2022] Launched synth_1...
Run output will be captured here: C:/Users/busra/Documents/Documenten/Leerjaar 2/Blok 7/RETROGAME_GIT/RetroGame-FPGA/Snowshot.runs/synth_1/runme.log
[Tue Mar  8 16:16:20 2022] Launched impl_1...
Run output will be captured here: C:/Users/busra/Documents/Documenten/Leerjaar 2/Blok 7/RETROGAME_GIT/RetroGame-FPGA/Snowshot.runs/impl_1/runme.log
open_hw
connect_hw_server
INFO: [Labtools 27-2285] Connecting to hw_server url TCP:localhost:3121
INFO: [Labtools 27-2222] Launching hw_server...
INFO: [Labtools 27-2221] Launch Output:

****** Xilinx hw_server v2019.1
  **** Build date : May 24 2019 at 15:13:31
    ** Copyright 1986-2019 Xilinx, Inc. All Rights Reserved.


open_hw_target
INFO: [Labtoolstcl 44-466] Opening hw_target localhost:3121/xilinx_tcf/Digilent/210183A38733A
set_property PROGRAM.FILE {C:/Users/busra/Documents/Documenten/Leerjaar 2/Blok 7/RETROGAME_GIT/RetroGame-FPGA/Snowshot.runs/impl_1/top.bit} [get_hw_devices xc7a35t_0]
current_hw_device [get_hw_devices xc7a35t_0]
refresh_hw_device -update_hw_probes false [lindex [get_hw_devices xc7a35t_0] 0]
INFO: [Labtools 27-1434] Device xc7a35t (JTAG device index = 0) is programmed with a design that has no supported debug core(s) in it.
set_property PROBES.FILE {} [get_hw_devices xc7a35t_0]
set_property FULL_PROBES.FILE {} [get_hw_devices xc7a35t_0]
set_property PROGRAM.FILE {C:/Users/busra/Documents/Documenten/Leerjaar 2/Blok 7/RETROGAME_GIT/RetroGame-FPGA/Snowshot.runs/impl_1/top.bit} [get_hw_devices xc7a35t_0]
program_hw_devices [get_hw_devices xc7a35t_0]
INFO: [Labtools 27-3164] End of startup status: HIGH
refresh_hw_device [lindex [get_hw_devices xc7a35t_0] 0]
INFO: [Labtools 27-1434] Device xc7a35t (JTAG device index = 0) is programmed with a design that has no supported debug core(s) in it.
ERROR: [Labtoolstcl 44-513] HW Target shutdown. Closing target: localhost:3121/xilinx_tcf/Digilent/210183A38733A
close_hw
reset_run impl_1 -prev_step 
launch_runs impl_1 -to_step write_bitstream -jobs 8
INFO: [Vivado 12-4149] The synthesis checkpoint for IP 'C:/Users/busra/Documents/Documenten/Leerjaar 2/Blok 7/RETROGAME_GIT/RetroGame-FPGA/Snowshot.srcs/sources_1/ip/clk_vga/clk_vga.xci' is already up-to-date
[Tue Mar  8 16:48:04 2022] Launched impl_1...
Run output will be captured here: C:/Users/busra/Documents/Documenten/Leerjaar 2/Blok 7/RETROGAME_GIT/RetroGame-FPGA/Snowshot.runs/impl_1/runme.log
open_hw
connect_hw_server
INFO: [Labtools 27-2285] Connecting to hw_server url TCP:localhost:3121
INFO: [Labtools 27-2222] Launching hw_server...
INFO: [Labtools 27-2221] Launch Output:

****** Xilinx hw_server v2019.1
  **** Build date : May 24 2019 at 15:13:31
    ** Copyright 1986-2019 Xilinx, Inc. All Rights Reserved.


open_hw_target
INFO: [Labtoolstcl 44-466] Opening hw_target localhost:3121/xilinx_tcf/Digilent/210183A38733A
set_property PROGRAM.FILE {C:/Users/busra/Documents/Documenten/Leerjaar 2/Blok 7/RETROGAME_GIT/RetroGame-FPGA/Snowshot.runs/impl_1/top.bit} [get_hw_devices xc7a35t_0]
current_hw_device [get_hw_devices xc7a35t_0]
refresh_hw_device -update_hw_probes false [lindex [get_hw_devices xc7a35t_0] 0]
INFO: [Labtools 27-1434] Device xc7a35t (JTAG device index = 0) is programmed with a design that has no supported debug core(s) in it.
set_property PROBES.FILE {} [get_hw_devices xc7a35t_0]
set_property FULL_PROBES.FILE {} [get_hw_devices xc7a35t_0]
set_property PROGRAM.FILE {C:/Users/busra/Documents/Documenten/Leerjaar 2/Blok 7/RETROGAME_GIT/RetroGame-FPGA/Snowshot.runs/impl_1/top.bit} [get_hw_devices xc7a35t_0]
program_hw_devices [get_hw_devices xc7a35t_0]
INFO: [Labtools 27-3164] End of startup status: HIGH
refresh_hw_device [lindex [get_hw_devices xc7a35t_0] 0]
INFO: [Labtools 27-1434] Device xc7a35t (JTAG device index = 0) is programmed with a design that has no supported debug core(s) in it.
close_hw
reset_run synth_1
launch_runs impl_1 -to_step write_bitstream -jobs 8
INFO: [Vivado 12-4149] The synthesis checkpoint for IP 'C:/Users/busra/Documents/Documenten/Leerjaar 2/Blok 7/RETROGAME_GIT/RetroGame-FPGA/Snowshot.srcs/sources_1/ip/clk_vga/clk_vga.xci' is already up-to-date
[Tue Mar  8 17:00:17 2022] Launched synth_1...
Run output will be captured here: C:/Users/busra/Documents/Documenten/Leerjaar 2/Blok 7/RETROGAME_GIT/RetroGame-FPGA/Snowshot.runs/synth_1/runme.log
[Tue Mar  8 17:00:17 2022] Launched impl_1...
Run output will be captured here: C:/Users/busra/Documents/Documenten/Leerjaar 2/Blok 7/RETROGAME_GIT/RetroGame-FPGA/Snowshot.runs/impl_1/runme.log
open_hw
connect_hw_server
INFO: [Labtools 27-2285] Connecting to hw_server url TCP:localhost:3121
INFO: [Labtools 27-2222] Launching hw_server...
INFO: [Labtools 27-2221] Launch Output:

****** Xilinx hw_server v2019.1
  **** Build date : May 24 2019 at 15:13:31
    ** Copyright 1986-2019 Xilinx, Inc. All Rights Reserved.


open_hw_target
INFO: [Labtoolstcl 44-466] Opening hw_target localhost:3121/xilinx_tcf/Digilent/210183A38733A
set_property PROGRAM.FILE {C:/Users/busra/Documents/Documenten/Leerjaar 2/Blok 7/RETROGAME_GIT/RetroGame-FPGA/Snowshot.runs/impl_1/top.bit} [get_hw_devices xc7a35t_0]
current_hw_device [get_hw_devices xc7a35t_0]
refresh_hw_device -update_hw_probes false [lindex [get_hw_devices xc7a35t_0] 0]
INFO: [Labtools 27-1434] Device xc7a35t (JTAG device index = 0) is programmed with a design that has no supported debug core(s) in it.
set_property PROBES.FILE {} [get_hw_devices xc7a35t_0]
set_property FULL_PROBES.FILE {} [get_hw_devices xc7a35t_0]
set_property PROGRAM.FILE {C:/Users/busra/Documents/Documenten/Leerjaar 2/Blok 7/RETROGAME_GIT/RetroGame-FPGA/Snowshot.runs/impl_1/top.bit} [get_hw_devices xc7a35t_0]
program_hw_devices [get_hw_devices xc7a35t_0]
INFO: [Labtools 27-3164] End of startup status: HIGH
refresh_hw_device [lindex [get_hw_devices xc7a35t_0] 0]
INFO: [Labtools 27-1434] Device xc7a35t (JTAG device index = 0) is programmed with a design that has no supported debug core(s) in it.
set_property PROBES.FILE {} [get_hw_devices xc7a35t_0]
set_property FULL_PROBES.FILE {} [get_hw_devices xc7a35t_0]
set_property PROGRAM.FILE {C:/Users/busra/Documents/Documenten/Leerjaar 2/Blok 7/RETROGAME_GIT/RetroGame-FPGA/Snowshot.runs/impl_1/top.bit} [get_hw_devices xc7a35t_0]
program_hw_devices [get_hw_devices xc7a35t_0]
INFO: [Labtools 27-3164] End of startup status: HIGH
refresh_hw_device [lindex [get_hw_devices xc7a35t_0] 0]
INFO: [Labtools 27-1434] Device xc7a35t (JTAG device index = 0) is programmed with a design that has no supported debug core(s) in it.
close_hw
exit
INFO: [Common 17-206] Exiting Vivado at Tue Mar  8 17:10:21 2022...
