#-----------------------------------------------------------
# Vivado v2019.1 (64-bit)
# SW Build 2552052 on Fri May 24 14:49:42 MDT 2019
# IP Build 2548770 on Fri May 24 18:01:18 MDT 2019
# Start of session at: Wed Apr  6 12:41:31 2022
# Process ID: 17584
# Current directory: C:/Users/busra/Documents/Documenten/Leerjaar 2/Blok 7/RETROGAME_GIT_NEW/RetroGame-FPGA
# Command line: vivado.exe -gui_launcher_event rodinguilauncherevent20516 C:\Users\busra\Documents\Documenten\Leerjaar 2\Blok 7\RETROGAME_GIT_NEW\RetroGame-FPGA\Snowshot.xpr
# Log file: C:/Users/busra/Documents/Documenten/Leerjaar 2/Blok 7/RETROGAME_GIT_NEW/RetroGame-FPGA/vivado.log
# Journal file: C:/Users/busra/Documents/Documenten/Leerjaar 2/Blok 7/RETROGAME_GIT_NEW/RetroGame-FPGA\vivado.jou
#-----------------------------------------------------------
start_gui
open_project {C:/Users/busra/Documents/Documenten/Leerjaar 2/Blok 7/RETROGAME_GIT_NEW/RetroGame-FPGA/Snowshot.xpr}
INFO: [ProjectBase 1-489] The host OS only allows 260 characters in a normal path. The project is stored in a path with more than 80 characters. If you experience issues with IP, Block Designs, or files not being found, please consider moving the project to a location with a shorter path. Alternately consider using the OS subst command to map part of the path to a drive letter.
Current project path is 'C:/Users/busra/Documents/Documenten/Leerjaar 2/Blok 7/RETROGAME_GIT_NEW/RetroGame-FPGA'
Scanning sources...
Finished scanning sources
INFO: [IP_Flow 19-234] Refreshing IP repositories
INFO: [IP_Flow 19-1704] No user IP repositories specified
INFO: [IP_Flow 19-2313] Loaded Vivado IP repository 'C:/Xilinx/Vivado/2019.1/data/ip'.
open_project: Time (s): cpu = 00:00:28 ; elapsed = 00:00:20 . Memory (MB): peak = 788.695 ; gain = 165.566
update_compile_order -fileset sources_1
exit
INFO: [Common 17-206] Exiting Vivado at Wed Apr  6 12:43:06 2022...
