Copyright 1986-2019 Xilinx, Inc. All Rights Reserved.
-------------------------------------------------------------------------------------------------------------------------------
| Tool Version     : Vivado v.2019.1 (win64) Build 2552052 Fri May 24 14:49:42 MDT 2019
| Date             : Mon Apr 11 11:08:54 2022
| Host             : LAPTOP-VG095PM2 running 64-bit major release  (build 9200)
| Command          : report_power -file top_power_routed.rpt -pb top_power_summary_routed.pb -rpx top_power_routed.rpx
| Design           : top
| Device           : xc7a35tcpg236-1
| Design State     : routed
| Grade            : commercial
| Process          : typical
| Characterization : Production
-------------------------------------------------------------------------------------------------------------------------------

Power Report

Table of Contents
-----------------
1. Summary
1.1 On-Chip Components
1.2 Power Supply Summary
1.3 Confidence Level
2. Settings
2.1 Environment
2.2 Clock Constraints
3. Detailed Reports
3.1 By Hierarchy

1. Summary
----------

+--------------------------+--------------+
| Total On-Chip Power (W)  | 0.284        |
| Design Power Budget (W)  | Unspecified* |
| Power Budget Margin (W)  | NA           |
| Dynamic (W)              | 0.211        |
| Device Static (W)        | 0.074        |
| Effective TJA (C/W)      | 5.0          |
| Max Ambient (C)          | 83.6         |
| Junction Temperature (C) | 26.4         |
| Confidence Level         | Low          |
| Setting File             | ---          |
| Simulation Activity File | ---          |
| Design Nets Matched      | NA           |
+--------------------------+--------------+
* Specify Design Power Budget using, set_operating_conditions -design_power_budget <value in Watts>


1.1 On-Chip Components
----------------------

+----------------+-----------+----------+-----------+-----------------+
| On-Chip        | Power (W) | Used     | Available | Utilization (%) |
+----------------+-----------+----------+-----------+-----------------+
| Clocks         |     0.009 |        5 |       --- |             --- |
| Slice Logic    |     0.011 |     7851 |       --- |             --- |
|   LUT as Logic |     0.010 |     3895 |     20800 |           18.73 |
|   CARRY4       |     0.001 |      755 |      8150 |            9.26 |
|   Register     |    <0.001 |     2342 |     41600 |            5.63 |
|   F7/F8 Muxes  |    <0.001 |      150 |     32600 |            0.46 |
|   Others       |     0.000 |      103 |       --- |             --- |
| Signals        |     0.014 |     5779 |       --- |             --- |
| Block RAM      |     0.058 |       27 |        50 |           54.00 |
| MMCM           |     0.116 |        1 |         5 |           20.00 |
| DSPs           |     0.001 |        1 |        90 |            1.11 |
| I/O            |     0.002 |       20 |       106 |           18.87 |
| Static Power   |     0.074 |          |           |                 |
| Total          |     0.284 |          |           |                 |
+----------------+-----------+----------+-----------+-----------------+


1.2 Power Supply Summary
------------------------

+-----------+-------------+-----------+-------------+------------+
| Source    | Voltage (V) | Total (A) | Dynamic (A) | Static (A) |
+-----------+-------------+-----------+-------------+------------+
| Vccint    |       1.000 |     0.100 |       0.089 |      0.011 |
| Vccaux    |       1.800 |     0.077 |       0.064 |      0.013 |
| Vcco33    |       3.300 |     0.002 |       0.001 |      0.001 |
| Vcco25    |       2.500 |     0.000 |       0.000 |      0.000 |
| Vcco18    |       1.800 |     0.000 |       0.000 |      0.000 |
| Vcco15    |       1.500 |     0.000 |       0.000 |      0.000 |
| Vcco135   |       1.350 |     0.000 |       0.000 |      0.000 |
| Vcco12    |       1.200 |     0.000 |       0.000 |      0.000 |
| Vccaux_io |       1.800 |     0.000 |       0.000 |      0.000 |
| Vccbram   |       1.000 |     0.005 |       0.005 |      0.001 |
| MGTAVcc   |       1.000 |     0.000 |       0.000 |      0.000 |
| MGTAVtt   |       1.200 |     0.000 |       0.000 |      0.000 |
| Vccadc    |       1.800 |     0.020 |       0.000 |      0.020 |
+-----------+-------------+-----------+-------------+------------+


1.3 Confidence Level
--------------------

+-----------------------------+------------+--------------------------------------------------------+------------------------------------------------------------------------------------------------------------+
| User Input Data             | Confidence | Details                                                | Action                                                                                                     |
+-----------------------------+------------+--------------------------------------------------------+------------------------------------------------------------------------------------------------------------+
| Design implementation state | High       | Design is routed                                       |                                                                                                            |
| Clock nodes activity        | High       | User specified more than 95% of clocks                 |                                                                                                            |
| I/O nodes activity          | Low        | More than 75% of inputs are missing user specification | Provide missing input activity with simulation results or by editing the "By Resource Type -> I/Os" view   |
| Internal nodes activity     | Medium     | User specified less than 25% of internal nodes         | Provide missing internal nodes activity with simulation results or by editing the "By Resource Type" views |
| Device models               | High       | Device models are Production                           |                                                                                                            |
|                             |            |                                                        |                                                                                                            |
| Overall confidence level    | Low        |                                                        |                                                                                                            |
+-----------------------------+------------+--------------------------------------------------------+------------------------------------------------------------------------------------------------------------+


2. Settings
-----------

2.1 Environment
---------------

+-----------------------+--------------------------+
| Ambient Temp (C)      | 25.0                     |
| ThetaJA (C/W)         | 5.0                      |
| Airflow (LFM)         | 250                      |
| Heat Sink             | medium (Medium Profile)  |
| ThetaSA (C/W)         | 4.6                      |
| Board Selection       | medium (10"x10")         |
| # of Board Layers     | 12to15 (12 to 15 Layers) |
| Board Temperature (C) | 25.0                     |
+-----------------------+--------------------------+


2.2 Clock Constraints
---------------------

+------------------+--------------------------+-----------------+
| Clock            | Domain                   | Constraint (ns) |
+------------------+--------------------------+-----------------+
| X0/inst/clk_in   | clk_IBUF_BUFG            |            10.0 |
| clk_out_clk_vga  | X0/inst/clk_out_clk_vga  |            40.0 |
| clkfbout_clk_vga | X0/inst/clkfbout_clk_vga |            10.0 |
+------------------+--------------------------+-----------------+


3. Detailed Reports
-------------------

3.1 By Hierarchy
----------------

+----------+-----------+
| Name     | Power (W) |
+----------+-----------+
| top      |     0.211 |
|   X0     |     0.116 |
|     inst |     0.116 |
|   X1     |     0.013 |
|     X0   |     0.003 |
|       U0 |     0.003 |
|   X2     |     0.010 |
|   X3     |     0.061 |
|     L1   |     0.003 |
|       U0 |     0.003 |
|     L10  |     0.003 |
|       U0 |     0.003 |
|     L11  |     0.003 |
|       U0 |     0.003 |
|     L12  |     0.002 |
|       U0 |     0.002 |
|     L13  |     0.003 |
|       U0 |     0.003 |
|     L14  |     0.003 |
|       U0 |     0.003 |
|     L15  |     0.002 |
|       U0 |     0.002 |
|     L16  |     0.002 |
|       U0 |     0.002 |
|     L17  |     0.002 |
|       U0 |     0.002 |
|     L18  |     0.002 |
|       U0 |     0.002 |
|     L19  |     0.002 |
|       U0 |     0.002 |
|     L2   |     0.003 |
|       U0 |     0.003 |
|     L20  |     0.002 |
|       U0 |     0.002 |
|     L21  |     0.002 |
|       U0 |     0.002 |
|     L22  |     0.002 |
|       U0 |     0.002 |
|     L23  |     0.002 |
|       U0 |     0.002 |
|     L24  |     0.002 |
|       U0 |     0.002 |
|     L3   |     0.003 |
|       U0 |     0.003 |
|     L4   |     0.002 |
|       U0 |     0.002 |
|     L5   |     0.002 |
|       U0 |     0.002 |
|     L6   |     0.002 |
|       U0 |     0.002 |
|     L7   |     0.002 |
|       U0 |     0.002 |
|     L8   |     0.002 |
|       U0 |     0.002 |
|     L9   |     0.002 |
|       U0 |     0.002 |
|   X4     |     0.002 |
+----------+-----------+


