Design Route Status
                                               :      # nets :
   ------------------------------------------- : ----------- :
<<<<<<< HEAD
<<<<<<< Updated upstream
   # of logical nets.......................... :        1204 :
       # of nets not needing routing.......... :         433 :
           # of internally routed nets........ :         433 :
       # of routable nets..................... :         771 :
           # of fully routed nets............. :         771 :
=======
   # of logical nets.......................... :        1390 :
       # of nets not needing routing.......... :         481 :
           # of internally routed nets........ :         481 :
       # of routable nets..................... :         909 :
           # of fully routed nets............. :         909 :
>>>>>>> Stashed changes
=======
   # of logical nets.......................... :        1718 :
       # of nets not needing routing.......... :         656 :
           # of internally routed nets........ :         656 :
       # of routable nets..................... :        1062 :
           # of fully routed nets............. :        1062 :
>>>>>>> feature_multisprite
       # of nets with routing errors.......... :           0 :
   ------------------------------------------- : ----------- :

