Copyright 1986-2019 Xilinx, Inc. All Rights Reserved.
------------------------------------------------------------------------------------------------------------------------------------------
| Tool Version : Vivado v.2019.1 (win64) Build 2552052 Fri May 24 14:49:42 MDT 2019
<<<<<<< HEAD
<<<<<<< Updated upstream
| Date         : Wed Mar  2 10:01:09 2022
=======
| Date         : Sat Mar  5 14:12:33 2022
>>>>>>> feature_multisprite
| Host         : LAPTOP-LCHRPCJC running 64-bit major release  (build 9200)
=======
| Date         : Fri Mar  4 12:11:42 2022
| Host         : LAPTOP-VG095PM2 running 64-bit major release  (build 9200)
>>>>>>> Stashed changes
| Command      : report_bus_skew -warn_on_violation -file top_bus_skew_routed.rpt -pb top_bus_skew_routed.pb -rpx top_bus_skew_routed.rpx
| Design       : top
| Device       : 7a35t-cpg236
| Speed File   : -1  PRODUCTION 1.23 2018-06-13
------------------------------------------------------------------------------------------------------------------------------------------

Bus Skew Report

No bus skew constraints

